Log file open, 04/24/17 10:30:05
LogInit:Display: Running engine for game: ArsiSim
LogPlatformFile: Not using cached read wrapper
LogInit:Display: RandInit(56199088) SRandInit(56199088).
LogTaskGraph: Started task graph with 5 named threads and 8 total threads with 1 sets of task threads.
LogStats: Stats thread started at 0.068739
LogInit: Using libcurl 7.47.1
LogInit:  - built for x86_64-pc-win32
LogInit:  - supports SSL with OpenSSL/1.0.2g
LogInit:  - supports HTTP deflate (compression) using libz 1.2.8
LogInit:  - other features:
LogInit:      CURL_VERSION_SSL
LogInit:      CURL_VERSION_LIBZ
LogInit:      CURL_VERSION_IPV6
LogInit:      CURL_VERSION_ASYNCHDNS
LogInit:      CURL_VERSION_LARGEFILE
LogInit:      CURL_VERSION_IDN
LogInit:  CurlRequestOptions (configurable via config and command line):
LogInit:  - bVerifyPeer = false  - Libcurl will NOT verify peer certificate
LogInit:  - bUseHttpProxy = false  - Libcurl will NOT use HTTP proxy
LogInit:  - bDontReuseConnections = false  - Libcurl will reuse connections
LogInit:  - CertBundlePath = nullptr  - Libcurl will use whatever was configured at build time.
LogInit: Build: ++UE4+Release-4.15-CL-3348071
LogInit: Engine Version: 4.15.1-3348071+++UE4+Release-4.15
LogInit: Compatible Engine Version: 4.15.0-3299760+++UE4+Release-4.15
LogInit: Net CL: 3299760
LogDevObjectVersion: Number of dev versions registered: 14
LogDevObjectVersion:   Dev-Blueprints (B0D832E4-1F89-4F0D-ACCF-7EB736FD4AA2): 8
LogDevObjectVersion:   Dev-Build (E1C64328-A22C-4D53-A36C-8E866417BD8C): 0
LogDevObjectVersion:   Dev-Core (375EC13C-06E4-48FB-B500-84F0262A717E): 2
LogDevObjectVersion:   Dev-Editor (E4B068ED-F494-42E9-A231-DA0B2E46BB41): 14
LogDevObjectVersion:   Dev-Framework (CFFC743F-43B0-4480-9391-14DF171D2073): 22
LogDevObjectVersion:   Dev-Mobile (B02B49B5-BB20-44E9-A304-32B752E40360): 0
LogDevObjectVersion:   Dev-Networking (A4E4105C-59A1-49B5-A7C5-40C4547EDFEE): 0
LogDevObjectVersion:   Dev-Online (39C831C9-5AE6-47DC-9A44-9C173E1C8E7C): 0
LogDevObjectVersion:   Dev-Physics (78F01B33-EBEA-4F98-B9B4-84EACCB95AA2): 0
LogDevObjectVersion:   Dev-Platform (6631380F-2D4D-43E0-8009-CF276956A95A): 0
LogDevObjectVersion:   Dev-Rendering (12F88B9F-8875-4AFC-A67C-D90C383ABD29): 12
LogDevObjectVersion:   Dev-Sequencer (7B5AE74C-D270-4C10-A958-57980B212A5A): 3
LogDevObjectVersion:   Dev-VR (D7296918-1DD6-4BDD-9DE2-64A83CC13884): 0
LogDevObjectVersion:   Dev-LoadTimes (C2A15278-BFE7-4AFE-6C17-90FF531DF755): 1
LogInit: Compiled (64-bit): Mar 15 2017 16:52:47
LogInit: Compiled with Visual C++: 19.00.23026.00
LogInit: Build Configuration: Development
LogInit: Branch Name: ++UE4+Release-4.15
LogInit: Command line:  
LogInit: Base directory: C:/Program Files/Epic Games/UE_4.15/Engine/Binaries/Win64/
LogInit: Installed Engine Build: 1
LogInit: Presizing for max 8388607 objects, including 0 objects not considered by GC, pre-allocating 0 bytes for permanent pool.
LogInit: Object subsystem initialized
[2017.04.24-07.30.06:520][  0]LogInit: Selected Device Profile: [Windows]
[2017.04.24-07.30.06:520][  0]LogInit: Applying CVar settings loaded from the selected device profile: [Windows]
[2017.04.24-07.30.06:529][  0]LogInit: Computer: GAMELAB-8
[2017.04.24-07.30.06:529][  0]LogInit: User: teemuturku
[2017.04.24-07.30.06:530][  0]LogInit: CPU Page size=65536, Cores=4
[2017.04.24-07.30.06:530][  0]LogInit: High frequency timer resolution =3.328129 MHz
[2017.04.24-07.30.06:530][  0]LogMemory: Memory total: Physical=15.9GB (16GB approx)
[2017.04.24-07.30.06:530][  0]LogMemory: Platform Memory Stats for Windows
[2017.04.24-07.30.06:530][  0]LogMemory: Process Physical Memory: 263.71 MB used, 263.71 MB peak
[2017.04.24-07.30.06:530][  0]LogMemory: Process Virtual Memory: 262.57 MB used, 262.57 MB peak
[2017.04.24-07.30.06:530][  0]LogMemory: Physical Memory: 3323.63 MB used,  12940.96 MB free, 16264.59 MB total
[2017.04.24-07.30.06:530][  0]LogMemory: Virtual Memory: 646.22 MB used,  12940.96 MB free, 134217728.00 MB total
[2017.04.24-07.30.06:594][  0]LogTextLocalizationManager: No specific translations for ('en-US') exist, so ('en') translations will be used.
[2017.04.24-07.30.07:088][  0]LogD3D11RHI: D3D11 adapters:
[2017.04.24-07.30.07:109][  0]LogD3D11RHI:    0. 'NVIDIA GeForce GTX 960' (Feature Level 11_0)
[2017.04.24-07.30.07:109][  0]LogD3D11RHI:       1969/0/8132 MB DedicatedVideo/DedicatedSystem/SharedSystem, Outputs:1, VendorId:0x10de
[2017.04.24-07.30.07:117][  0]LogD3D11RHI:    1. 'Intel(R) HD Graphics 530' (Feature Level 11_0)
[2017.04.24-07.30.07:117][  0]LogD3D11RHI:       128/0/8132 MB DedicatedVideo/DedicatedSystem/SharedSystem, Outputs:0, VendorId:0x8086
[2017.04.24-07.30.07:118][  0]LogD3D11RHI:    2. 'Microsoft Basic Render Driver' (Feature Level 11_0)
[2017.04.24-07.30.07:118][  0]LogD3D11RHI:       0/0/8132 MB DedicatedVideo/DedicatedSystem/SharedSystem, Outputs:0, VendorId:0x1414
[2017.04.24-07.30.07:118][  0]LogD3D11RHI: Chosen D3D11 Adapter: 0
[2017.04.24-07.30.07:120][  0]LogD3D11RHI: Creating new Direct3DDevice
[2017.04.24-07.30.07:120][  0]LogD3D11RHI:     GPU DeviceId: 0x1401 (for the marketing name, search the web for "GPU Device Id")
[2017.04.24-07.30.07:120][  0]LogWindows: EnumDisplayDevices:
[2017.04.24-07.30.07:120][  0]LogWindows:    0. 'NVIDIA GeForce GTX 960' (P:1 D:1)
[2017.04.24-07.30.07:120][  0]LogWindows:    1. 'NVIDIA GeForce GTX 960' (P:0 D:0)
[2017.04.24-07.30.07:121][  0]LogWindows:    2. 'NVIDIA GeForce GTX 960' (P:0 D:0)
[2017.04.24-07.30.07:121][  0]LogWindows:    3. 'NVIDIA GeForce GTX 960' (P:0 D:0)
[2017.04.24-07.30.07:121][  0]LogWindows:    4. 'Intel(R) HD Graphics 530' (P:0 D:0)
[2017.04.24-07.30.07:121][  0]LogWindows:    5. 'Intel(R) HD Graphics 530' (P:0 D:0)
[2017.04.24-07.30.07:121][  0]LogWindows:    6. 'Intel(R) HD Graphics 530' (P:0 D:0)
[2017.04.24-07.30.07:121][  0]LogWindows: DebugString: PrimaryIsNotTheChoosenAdapter PrimaryIsNotTheChoosenAdapter PrimaryIsNotTheChoosenAdapter PrimaryIsNotTheChoosenAdapter PrimaryIsNotTheChoosenAdapter PrimaryIsNotTheChoosenAdapter PrimaryIsNotTheChoosenAdapter FoundDriverCount:0 
[2017.04.24-07.30.07:121][  0]LogD3D11RHI:     Adapter Name: NVIDIA GeForce GTX 960
[2017.04.24-07.30.07:121][  0]LogD3D11RHI:   Driver Version: Unknown (internal:Unknown, unified:Unknown)
[2017.04.24-07.30.07:121][  0]LogD3D11RHI:      Driver Date: Unknown
[2017.04.24-07.30.07:121][  0]LogRHI: Texture pool is 1361 MB (70% of 1945 MB)
[2017.04.24-07.30.07:131][  0]LogD3D11RHI: NvAPI_D3D_GetCurrentSLIState failed: 0xfffffff7
[2017.04.24-07.30.07:131][  0]LogD3D11RHI: Async texture creation enabled
[2017.04.24-07.30.07:148][  0]LogD3D11RHI: GPU Timing Frequency: 1000.000000 (Debug: 2 2)
[2017.04.24-07.30.07:149][  0]LogShaderCompilers: Guid format shader working directory is -10 characters bigger than the processId version (../../../../../../Users/teemu.turku/Desktop/Arsi 24.4/ArsiSim/Intermediate/Shaders/WorkingDirectory/14476/).
[2017.04.24-07.30.07:149][  0]LogShaderCompilers: Cleaned the shader compiler working directory 'C:/Users/teemu.turku/AppData/Local/Temp/UnrealShaderWorkingDir/E4594F514760E34A7F5239990ABBEA6C/'.
[2017.04.24-07.30.07:149][  0]LogShaderCompilers:Display: Using Local Shader Compiler.
[2017.04.24-07.30.07:841][  0]LogTemp:Display: Loaded TP AllDesktopTargetPlatform
[2017.04.24-07.30.07:882][  0]LogTemp:Display: Loaded TP MacClientTargetPlatform
[2017.04.24-07.30.07:922][  0]LogTemp:Display: Loaded TP MacNoEditorTargetPlatform
[2017.04.24-07.30.07:963][  0]LogTemp:Display: Loaded TP MacServerTargetPlatform
[2017.04.24-07.30.08:010][  0]LogTemp:Display: Loaded TP MacTargetPlatform
[2017.04.24-07.30.08:052][  0]LogTemp:Display: Loaded TP WindowsClientTargetPlatform
[2017.04.24-07.30.08:093][  0]LogTemp:Display: Loaded TP WindowsNoEditorTargetPlatform
[2017.04.24-07.30.08:133][  0]LogTemp:Display: Loaded TP WindowsServerTargetPlatform
[2017.04.24-07.30.08:165][  0]LogTemp:Display: Loaded TP WindowsTargetPlatform
[2017.04.24-07.30.08:206][  0]LogTemp:Display: Loaded TP AndroidTargetPlatform
[2017.04.24-07.30.08:246][  0]LogTemp:Display: Loaded TP Android_ASTCTargetPlatform
[2017.04.24-07.30.08:291][  0]LogTemp:Display: Loaded TP Android_ATCTargetPlatform
[2017.04.24-07.30.08:331][  0]LogTemp:Display: Loaded TP Android_DXTTargetPlatform
[2017.04.24-07.30.08:372][  0]LogTemp:Display: Loaded TP Android_ETC1TargetPlatform
[2017.04.24-07.30.08:410][  0]LogTemp:Display: Loaded TP Android_ETC2TargetPlatform
[2017.04.24-07.30.08:489][  0]LogTemp:Display: Loaded TP Android_MultiTargetPlatform
[2017.04.24-07.30.08:489][  0]LogTemp:Display: Loaded TP Android_PVRTCTargetPlatform
[2017.04.24-07.30.08:516][  0]LogTemp:Display: Loaded TP HTML5TargetPlatform
[2017.04.24-07.30.08:593][  0]LogTemp:Display: Loaded TP IOSTargetPlatform
[2017.04.24-07.30.08:639][  0]LogTemp:Display: Loaded TP TVOSTargetPlatform
[2017.04.24-07.30.08:684][  0]LogTemp:Display: Loaded TP LinuxClientTargetPlatform
[2017.04.24-07.30.08:726][  0]LogTemp:Display: Loaded TP LinuxNoEditorTargetPlatform
[2017.04.24-07.30.08:769][  0]LogTemp:Display: Loaded TP LinuxServerTargetPlatform
[2017.04.24-07.30.08:811][  0]LogTemp:Display: Loaded TP LinuxTargetPlatform
[2017.04.24-07.30.08:811][  0]LogTargetPlatformManager:Display: Building Assets For Windows
[2017.04.24-07.30.09:132][  0]LogDerivedDataCache:Display: Max Cache Size: 512 MB
[2017.04.24-07.30.09:176][  0]LogDerivedDataCache: Loaded boot cache 0.04s 50MB C:/Users/teemu.turku/AppData/Local/UnrealEngine/4.15/DerivedDataCache/Boot.ddc.
[2017.04.24-07.30.09:176][  0]LogDerivedDataCache:Display: Loaded Boot cache: C:/Users/teemu.turku/AppData/Local/UnrealEngine/4.15/DerivedDataCache/Boot.ddc
[2017.04.24-07.30.09:176][  0]LogDerivedDataCache: FDerivedDataBackendGraph:  Pak pak cache file ../../../../../../Users/teemu.turku/Desktop/Arsi 24.4/ArsiSim/DerivedDataCache/DDC.ddp not found, will not use a pak cache.
[2017.04.24-07.30.09:176][  0]LogDerivedDataCache: Unable to find inner node Pak for hierarchical cache Hierarchy.
[2017.04.24-07.30.09:176][  0]LogDerivedDataCache: FDerivedDataBackendGraph:  CompressedPak pak cache file ../../../../../../Users/teemu.turku/Desktop/Arsi 24.4/ArsiSim/DerivedDataCache/Compressed.ddp not found, will not use a pak cache.
[2017.04.24-07.30.09:176][  0]LogDerivedDataCache: Unable to find inner node CompressedPak for hierarchical cache Hierarchy.
[2017.04.24-07.30.09:192][  0]LogDerivedDataCache:Display: Pak cache opened for reading ../../../Engine/DerivedDataCache/Compressed.ddp.
[2017.04.24-07.30.09:204][  0]LogDerivedDataCache: Using Local data cache path C:/Users/teemu.turku/AppData/Local/UnrealEngine/Common/DerivedDataCache: Writable
[2017.04.24-07.30.09:213][  0]LogSlate: Using Freetype 2.6.0
[2017.04.24-07.30.09:214][  0]LogSlate: SlateFontCache - WITH_FREETYPE: 1, WITH_HARFBUZZ: 1
[2017.04.24-07.30.09:214][  0]LogSlate: SlateFontCache - WITH_FREETYPE: 1, WITH_HARFBUZZ: 1
[2017.04.24-07.30.09:431][  0]LogInit: Selected Device Profile: [Windows]
[2017.04.24-07.30.09:433][  0]LogContentStreaming: Texture pool size is 0.00 MB
[2017.04.24-07.30.09:586][  0]LogMeshUtilities: Using QuadricMeshReduction for automatic static mesh reduction
[2017.04.24-07.30.09:618][  0]LogSimplygon: Simplygon DLL not present - disabling.
[2017.04.24-07.30.09:650][  0]LogMeshUtilities: Using SimplygonSwarm for distributed automatic mesh merging
[2017.04.24-07.30.09:650][  0]LogMeshUtilities: No automatic skeletal mesh reduction module available
[2017.04.24-07.30.09:650][  0]LogMeshUtilities: No automatic mesh merging module available
[2017.04.24-07.30.10:064][  0]LogNetVersion: GetLocalNetworkVersion: CL: 3299760, ProjectName: arsisim, ProjectVersion: , EngineNetworkVersion: 2, GameNetworkVersion: 0, NetworkChecksum: 275346067
[2017.04.24-07.30.10:104][  0]LogAssetRegistry: FAssetRegistry took 0.0224 seconds to start up
[2017.04.24-07.30.10:143][  0]LogPackageLocalizationCache: Processed 3 localized package path(s) for 2 prioritized culture(s) in 0.022507 seconds
[2017.04.24-07.30.10:147][  0]LogUObjectArray: 32493 objects as part of root set at end of initial load.
[2017.04.24-07.30.10:147][  0]LogUObjectAllocator: 7077024 out of 0 bytes used by permanent object pool.
[2017.04.24-07.30.10:147][  0]LogUObjectArray: CloseDisregardForGC: 0/0 objects in disregard for GC pool
[2017.04.24-07.30.10:192][  0]LogInit: WinSock: version 1.1 (2.2), MaxSocks=32767, MaxUdp=65467
[2017.04.24-07.30.11:389][  0]LogTcpMessaging: Initializing TcpMessaging bridge
[2017.04.24-07.30.11:421][  0]LogUdpMessaging: Initializing bridge on interface 0.0.0.0:0 to multicast group 230.0.0.1:6666.
[2017.04.24-07.30.11:798][  0]LogMaterial: Uniform references updated for custom material expression Custom.
[2017.04.24-07.30.12:068][  0]SourceControl: Info Source control is disabled
[2017.04.24-07.30.12:069][  0]SourceControl: Info Source control is disabled
[2017.04.24-07.30.12:101][  0]SourceControl: Info Source control is disabled
[2017.04.24-07.30.12:133][  0]SourceControl: Info Source control is disabled
[2017.04.24-07.30.13:033][  0]LogEngine: Initializing Engine...
[2017.04.24-07.30.13:033][  0]LogHMD: Failed to initialize OpenVR with code 110
[2017.04.24-07.30.13:214][  0]LogAIModule: Creating AISystem for world Untitled
[2017.04.24-07.30.13:220][  0]LogInit: XAudio2 using 'Speakers (Realtek High Definition Audio)' : 2 channels at 48 kHz using 32 bits per sample (channel mask 0x3)
[2017.04.24-07.30.13:242][  0]LogInit: FAudioDevice initialized.
[2017.04.24-07.30.13:262][  0]LogDerivedDataCache: Saved boot cache 0.02s 50MB C:/Users/teemu.turku/AppData/Local/UnrealEngine/4.15/DerivedDataCache/Boot.ddc.
[2017.04.24-07.30.13:267][  0]LogInit: Texture streaming: Enabled
[2017.04.24-07.30.13:340][  0]LogEngineSessionManager: EngineSessionManager initialized
[2017.04.24-07.30.13:340][  0]LogEngineSessionManager: EngineSessionManager sent abnormal shutdown report. Type=Crashed, SessionId={DC5E7171-45E3-BDB7-58E2-86AE1C4CD502}
[2017.04.24-07.30.13:405][  0]LogInit: Transaction tracking system initialized
[2017.04.24-07.30.13:659][  0]BlueprintLog: New page: Editor Load
[2017.04.24-07.30.14:296][  0]LocalizationService: Info Localization service is disabled
[2017.04.24-07.30.14:777][  0]LogConsoleResponse:Display: 
[2017.04.24-07.30.14:881][  0]LogCook:Display: Max memory allowance for cook 16384mb min free memory 0mb
[2017.04.24-07.30.14:881][  0]LogCook:Display: Mobile HDR setting 1
[2017.04.24-07.30.15:133][  0]LogFileCache: Scanning file cache for directory 'C:/Users/teemu.turku/Desktop/Arsi 24.4/ArsiSim/Content/' took 0.01s
[2017.04.24-07.30.15:630][  0]SourceControl: Info Source control is disabled
[2017.04.24-07.30.15:630][  0]Cmd: MAP LOAD FILE="../../../../../../Users/teemu.turku/Desktop/Arsi 24.4/ArsiSim/Content/Blueprints/Stadion.umap" TEMPLATE=0 SHOWPROGRESS=1 FEATURELEVEL=3
[2017.04.24-07.30.15:630][  0]LogEditorServer:Warning: Can't find file '../../../../../../Users/teemu.turku/Desktop/Arsi 24.4/ArsiSim/Content/Blueprints/Stadion.umap'
[2017.04.24-07.30.15:630][  0]Cmd: MAP CHECKDEP NOCLEARLOG
[2017.04.24-07.30.15:658][  0]MapCheck: Info Map check complete: 0 Error(s), 0 Warning(s), took 27.89ms to complete.
[2017.04.24-07.30.15:658][  0]LogFileHelpers: Loading map 'Stadion' took 0.028
[2017.04.24-07.30.15:830][  0]LogCollectionManager: Loaded 0 collections in 0.001259 seconds
[2017.04.24-07.30.15:897][  0]LogFileCache: Scanning file cache for directory 'C:/Users/teemu.turku/Desktop/Arsi 24.4/ArsiSim/Saved/Collections/' took 0.01s
[2017.04.24-07.30.15:897][  0]LogFileCache: Scanning file cache for directory 'C:/Users/teemu.turku/Desktop/Arsi 24.4/ArsiSim/Content/Developers/teemuturku/Collections/' took 0.01s
[2017.04.24-07.30.15:897][  0]LogFileCache: Scanning file cache for directory 'C:/Users/teemu.turku/Desktop/Arsi 24.4/ArsiSim/Content/Collections/' took 0.01s
[2017.04.24-07.30.15:897][  0]LogCollectionManager: Rebuilt the GUID cache for 0 collections in 0.000002 seconds
[2017.04.24-07.30.15:905][  0]LogContentBrowser: Native class hierarchy populated in 0.0079 seconds. Added 2245 classes and 453 folders.
[2017.04.24-07.30.15:908][  0]LogStats: UGameplayTagsManager::ConstructGameplayTagTree: Construct from data asset -  0.000 s
[2017.04.24-07.30.15:908][  0]LogStats: UGameplayTagsManager::ConstructGameplayTagTree: GameplayTagTreeChangedEvent.Broadcast -  0.000 s
[2017.04.24-07.30.15:958][  0]LogContentBrowser: Native class hierarchy updated for 'WidgetCarousel' in 0.0004 seconds. Added 0 classes and 0 folders.
[2017.04.24-07.30.15:986][  0]LogContentBrowser: Native class hierarchy updated for 'AddContentDialog' in 0.0004 seconds. Added 0 classes and 0 folders.
[2017.04.24-07.30.16:017][  0]LogContentBrowser: Native class hierarchy updated for 'SceneOutliner' in 0.0004 seconds. Added 1 classes and 2 folders.
[2017.04.24-07.30.16:054][  0]LogCrashTracker: Crashtracker disabled due to settings.
[2017.04.24-07.30.16:061][  0]LogUObjectGlobals:Warning: Failed to find object 'Class None.'
[2017.04.24-07.30.16:115][  0]LogContentBrowser: Native class hierarchy updated for 'HierarchicalLODOutliner' in 0.0004 seconds. Added 1 classes and 2 folders.
[2017.04.24-07.30.16:115][  0]LogLoad: (Engine Initialization) Total time: 11.09 seconds
[2017.04.24-07.30.16:115][  0]LogLoad: (Engine Initialization) Total Blueprint compile time: 0.03 seconds
[2017.04.24-07.30.16:115][  0]LogExternalProfiler: Found external profiler: VSPerf
[2017.04.24-07.30.16:115][  0]LogExternalProfiler: Using external profiler: VSPerf
[2017.04.24-07.30.16:455][  0]LogOcInput: OculusInput pre-init called
[2017.04.24-07.30.16:492][  0]LogContentStreaming: Texture pool size now 1000 MB
[2017.04.24-07.30.16:493][  0]LogSlate: Took 0.000199 seconds to synchronously load lazily loaded font '../../../Engine/Content/Slate/Fonts/Roboto-Regular.ttf' (155K)
[2017.04.24-07.30.16:497][  0]LogSlate: Took 0.000181 seconds to synchronously load lazily loaded font '../../../Engine/Content/Slate/Fonts/Roboto-Bold.ttf' (160K)
[2017.04.24-07.30.16:502][  0]LogSlate: Took 0.000166 seconds to synchronously load lazily loaded font '../../../Engine/Content/Editor/Slate/Fonts/FontAwesome.ttf' (139K)
[2017.04.24-07.30.16:604][  0]LogSlate: Took 0.000140 seconds to synchronously load lazily loaded font '../../../Engine/Content/Slate/Fonts/Roboto-Light.ttf' (159K)
[2017.04.24-07.30.16:641][  0]LogRenderer: Reallocating scene render targets to support 1208x652 NumSamples 1 (Frame:2).
[2017.04.24-07.30.16:787][  1]LogFileCache: Retrieving MD5 hashes for directory 'C:/Users/teemu.turku/Desktop/Arsi 24.4/ArsiSim/Content/' took 0.32s
[2017.04.24-07.30.16:798][  1]LogAssetRegistry: Asset discovery search completed in 6.7167 seconds
[2017.04.24-07.30.16:798][  1]LogCollectionManager: Rebuilt the object cache for 0 collections in 0.000004 seconds (found 0 objects)
[2017.04.24-07.30.16:798][  1]LogCollectionManager: Fixed up redirectors for 0 collections in 0.000016 seconds (updated 0 objects)
[2017.04.24-07.30.17:457][  3]LogSlate: Took 0.000331 seconds to synchronously load lazily loaded font '../../../Engine/Content/Slate/Fonts/Roboto-Light.ttf' (159K)
[2017.04.24-07.30.31:826][674]LogSlate: Took 0.000126 seconds to synchronously load lazily loaded font '../../../Engine/Content/Slate/Fonts/Roboto-Light.ttf' (159K)
[2017.04.24-07.30.32:090][674]LogLinker:Warning: Can't find file '/Game/Blueprints/HUD'
[2017.04.24-07.30.32:091][674]LogLinker:Warning: Can't find file for asset '/Game/Blueprints/HUD' while loading ../../../../../../Users/teemu.turku/Desktop/Arsi 24.4/ArsiSim/Content/Levels/Space.umap.
[2017.04.24-07.30.32:091][674]LoadErrors:Error: Error /Game/Levels/Space : Can't find file for asset. /Game/Blueprints/HUD
[2017.04.24-07.30.32:091][674]LogLinker:Warning: Can't find file '/Game/Blueprints/HUD'
[2017.04.24-07.30.32:091][674]LogLinker:Warning: Can't find file for asset '/Game/Blueprints/HUD' while loading ../../../../../../Users/teemu.turku/Desktop/Arsi 24.4/ArsiSim/Content/Levels/Space.umap.
[2017.04.24-07.30.32:092][674]LogLinker:Warning: Can't find file '/Game/Blueprints/HUD'
[2017.04.24-07.30.32:092][674]LogLinker:Warning: Can't find file for asset '/Game/Blueprints/HUD' while loading NULL.
[2017.04.24-07.30.32:092][674]LogLinker:Warning: Can't find file '/Game/Blueprints/HUD'
[2017.04.24-07.30.32:092][674]LogLinker:Warning: Can't find file for asset '/Game/Blueprints/HUD' while loading NULL.
[2017.04.24-07.30.32:092][674]LogLinker:Warning: Can't find file '/Game/Blueprints/HUD'
[2017.04.24-07.30.32:092][674]LogLinker:Warning: Can't find file for asset '/Game/Blueprints/HUD' while loading NULL.
[2017.04.24-07.30.32:092][674]LogLinker:Warning: Can't find file '/Game/Blueprints/HUD'
[2017.04.24-07.30.32:092][674]LoadErrors: Info Failed to load /Game/Blueprints/HUD.HUD_C Referenced by K2Node_CreateWidget_0
[2017.04.24-07.30.32:092][674]LogLinker:Warning: Can't find file for asset '/Game/Blueprints/HUD' while loading NULL.
[2017.04.24-07.30.32:092][674]LogLinker:Warning: Can't find file '/Game/Blueprints/HUD'
[2017.04.24-07.30.32:092][674]LogLinker:Warning: Can't find file for asset '/Game/Blueprints/HUD' while loading NULL.
[2017.04.24-07.30.32:094][674]LogBlueprint:Error: [Compiler PersistentLevel.Space] Error Spawn node  Create Widget  must have a class specified.
[2017.04.24-07.30.32:095][674]LogBlueprint:Warning: [Compiler PersistentLevel.Space] Warning [0027.07] Compile of PersistentLevel.Space failed. 1 Fatal Issue(s) 0 Warning(s) [in 1 ms] (/Game/Levels/Space.Space:PersistentLevel.Space)
[2017.04.24-07.30.32:095][674]LogBlueprint:Warning: [Compiler PersistentLevel.Space] Warning [0027.07] Compile of PersistentLevel.Space failed. 1 Fatal Issue(s) 1 Warning(s) [in 0 ms] (/Game/Levels/Space.Space:PersistentLevel.Space)
[2017.04.24-07.30.32:095][674]LogBlueprint:Warning: [Compiler PersistentLevel.Space] Warning [0027.07] Compile of PersistentLevel.Space failed. 1 Fatal Issue(s) 2 Warning(s) [in 0 ms] (/Game/Levels/Space.Space:PersistentLevel.Space)
[2017.04.24-07.30.32:288][674]LogAIModule: Creating AISystem for world Space
[2017.04.24-07.30.32:311][674]Cmd: MAP LOAD FILE="../../../../../../Users/teemu.turku/Desktop/Arsi 24.4/ArsiSim/Content/Levels/Space.umap" TEMPLATE=0 SHOWPROGRESS=1 FEATURELEVEL=3
[2017.04.24-07.30.32:312][674]LightingResults: New page: Lighting Build
[2017.04.24-07.30.32:340][674]LogContentBrowser: Native class hierarchy updated for 'StatsViewer' in 0.0004 seconds. Added 5 classes and 0 folders.
[2017.04.24-07.30.32:341][674]LoadErrors: New page: Loading map: Space.umap
[2017.04.24-07.30.32:342][674]MapCheck: New page: Map Check
[2017.04.24-07.30.32:342][674]LightingResults: New page: Lighting Build
[2017.04.24-07.30.32:367][674]LogEditorServer: Finished looking for orphan Actors (0.000 secs)
[2017.04.24-07.30.32:402][674]Cmd: MAP CHECKDEP NOCLEARLOG
[2017.04.24-07.30.32:430][674]MapCheck: Info Map check complete: 0 Error(s), 0 Warning(s), took 28.678ms to complete.
[2017.04.24-07.30.32:430][674]LogFileHelpers: Loading map 'Space' took 0.120
[2017.04.24-07.30.33:806][832]LogLinker:Warning: Can't find file '/Game/Blueprints/HUD'
[2017.04.24-07.30.33:806][832]LogLinker:Warning: Can't find file for asset '/Game/Blueprints/HUD' while loading ../../../../../../Users/teemu.turku/Desktop/Arsi 24.4/ArsiSim/Content/Levels/SpaceToimivaLight.umap.
[2017.04.24-07.30.33:806][832]LoadErrors:Error: Error /Game/Levels/SpaceToimivaLight : Can't find file for asset. /Game/Blueprints/HUD
[2017.04.24-07.30.33:806][832]LogLinker:Warning: Can't find file '/Game/Blueprints/HUD'
[2017.04.24-07.30.33:806][832]LogLinker:Warning: Can't find file for asset '/Game/Blueprints/HUD' while loading ../../../../../../Users/teemu.turku/Desktop/Arsi 24.4/ArsiSim/Content/Levels/SpaceToimivaLight.umap.
[2017.04.24-07.30.33:807][832]LogLinker:Warning: Can't find file '/Game/Blueprints/HUD'
[2017.04.24-07.30.33:807][832]LogLinker:Warning: Can't find file for asset '/Game/Blueprints/HUD' while loading NULL.
[2017.04.24-07.30.33:807][832]LogLinker:Warning: Can't find file '/Game/Blueprints/HUD'
[2017.04.24-07.30.33:807][832]LogLinker:Warning: Can't find file for asset '/Game/Blueprints/HUD' while loading NULL.
[2017.04.24-07.30.33:807][832]LogLinker:Warning: Can't find file '/Game/Blueprints/HUD'
[2017.04.24-07.30.33:807][832]LogLinker:Warning: Can't find file for asset '/Game/Blueprints/HUD' while loading NULL.
[2017.04.24-07.30.33:808][832]LogLinker:Warning: Can't find file '/Game/Blueprints/HUD'
[2017.04.24-07.30.33:808][832]LoadErrors: Info Failed to load /Game/Blueprints/HUD.HUD_C Referenced by K2Node_CreateWidget_0
[2017.04.24-07.30.33:808][832]LogLinker:Warning: Can't find file for asset '/Game/Blueprints/HUD' while loading NULL.
[2017.04.24-07.30.33:808][832]LogLinker:Warning: Can't find file '/Game/Blueprints/HUD'
[2017.04.24-07.30.33:808][832]LogLinker:Warning: Can't find file for asset '/Game/Blueprints/HUD' while loading NULL.
[2017.04.24-07.30.33:809][832]LogBlueprint:Error: [Compiler PersistentLevel.Space] Error Spawn node  Create Widget  must have a class specified.
[2017.04.24-07.30.33:810][832]LogBlueprint:Warning: [Compiler PersistentLevel.Space] Warning [0028.79] Compile of PersistentLevel.Space failed. 1 Fatal Issue(s) 0 Warning(s) [in 1 ms] (/Game/Levels/SpaceToimivaLight.Space:PersistentLevel.Space)
[2017.04.24-07.30.33:810][832]LogBlueprint:Warning: [Compiler PersistentLevel.Space] Warning [0028.79] Compile of PersistentLevel.Space failed. 1 Fatal Issue(s) 1 Warning(s) [in 0 ms] (/Game/Levels/SpaceToimivaLight.Space:PersistentLevel.Space)
[2017.04.24-07.30.33:810][832]LogBlueprint:Warning: [Compiler PersistentLevel.Space] Warning [0028.79] Compile of PersistentLevel.Space failed. 1 Fatal Issue(s) 2 Warning(s) [in 0 ms] (/Game/Levels/SpaceToimivaLight.Space:PersistentLevel.Space)
[2017.04.24-07.30.33:816][832]LogUObjectGlobals:Warning: Guid referenced by ArrowComponent /Game/Levels/SpaceToimivaLight.Space:PersistentLevel.PlayerStart.Arrow is already used by ArrowComponent /Game/Levels/Space.Space:PersistentLevel.PlayerStart.Arrow, which should never happen in the editor but could happen at runtime with duplicate level loading or PIE
[2017.04.24-07.30.33:816][832]LogUObjectGlobals:Warning: Guid referenced by BillboardComponent /Game/Levels/SpaceToimivaLight.Space:PersistentLevel.PlayerStart.Sprite is already used by BillboardComponent /Game/Levels/Space.Space:PersistentLevel.PlayerStart.Sprite, which should never happen in the editor but could happen at runtime with duplicate level loading or PIE
[2017.04.24-07.30.33:816][832]LogUObjectGlobals:Warning: Guid referenced by BillboardComponent /Game/Levels/SpaceToimivaLight.Space:PersistentLevel.PlayerStart.Sprite2 is already used by BillboardComponent /Game/Levels/Space.Space:PersistentLevel.PlayerStart.Sprite2, which should never happen in the editor but could happen at runtime with duplicate level loading or PIE
[2017.04.24-07.30.33:817][832]LogUObjectGlobals:Warning: Guid referenced by CapsuleComponent /Game/Levels/SpaceToimivaLight.Space:PersistentLevel.PlayerStart.CollisionCapsule is already used by CapsuleComponent /Game/Levels/Space.Space:PersistentLevel.PlayerStart.CollisionCapsule, which should never happen in the editor but could happen at runtime with duplicate level loading or PIE
[2017.04.24-07.30.33:817][832]LogUObjectGlobals:Warning: Guid referenced by Landscape /Game/Levels/SpaceToimivaLight.Space:PersistentLevel.Landscape_0 is already used by Landscape /Game/Levels/Space.Space:PersistentLevel.Landscape_0, which should never happen in the editor but could happen at runtime with duplicate level loading or PIE
[2017.04.24-07.30.33:817][832]LogUObjectGlobals:Warning: Guid referenced by LandscapeComponent /Game/Levels/SpaceToimivaLight.Space:PersistentLevel.Landscape_0.LandscapeComponent_0 is already used by LandscapeComponent /Game/Levels/Space.Space:PersistentLevel.Landscape_0.LandscapeComponent_0, which should never happen in the editor but could happen at runtime with duplicate level loading or PIE
[2017.04.24-07.30.33:817][832]LogUObjectGlobals:Warning: Guid referenced by LandscapeComponent /Game/Levels/SpaceToimivaLight.Space:PersistentLevel.Landscape_0.LandscapeComponent_1 is already used by LandscapeComponent /Game/Levels/Space.Space:PersistentLevel.Landscape_0.LandscapeComponent_1, which should never happen in the editor but could happen at runtime with duplicate level loading or PIE
[2017.04.24-07.30.33:817][832]LogUObjectGlobals:Warning: Guid referenced by LandscapeComponent /Game/Levels/SpaceToimivaLight.Space:PersistentLevel.Landscape_0.LandscapeComponent_10 is already used by LandscapeComponent /Game/Levels/Space.Space:PersistentLevel.Landscape_0.LandscapeComponent_10, which should never happen in the editor but could happen at runtime with duplicate level loading or PIE
[2017.04.24-07.30.33:817][832]LogUObjectGlobals:Warning: Guid referenced by LandscapeComponent /Game/Levels/SpaceToimivaLight.Space:PersistentLevel.Landscape_0.LandscapeComponent_11 is already used by LandscapeComponent /Game/Levels/Space.Space:PersistentLevel.Landscape_0.LandscapeComponent_11, which should never happen in the editor but could happen at runtime with duplicate level loading or PIE
[2017.04.24-07.30.33:817][832]LogUObjectGlobals:Warning: Guid referenced by LandscapeComponent /Game/Levels/SpaceToimivaLight.Space:PersistentLevel.Landscape_0.LandscapeComponent_12 is already used by LandscapeComponent /Game/Levels/Space.Space:PersistentLevel.Landscape_0.LandscapeComponent_12, which should never happen in the editor but could happen at runtime with duplicate level loading or PIE
[2017.04.24-07.30.33:817][832]LogUObjectGlobals:Warning: Guid referenced by LandscapeComponent /Game/Levels/SpaceToimivaLight.Space:PersistentLevel.Landscape_0.LandscapeComponent_13 is already used by LandscapeComponent /Game/Levels/Space.Space:PersistentLevel.Landscape_0.LandscapeComponent_13, which should never happen in the editor but could happen at runtime with duplicate level loading or PIE
[2017.04.24-07.30.33:817][832]LogUObjectGlobals:Warning: Guid referenced by LandscapeComponent /Game/Levels/SpaceToimivaLight.Space:PersistentLevel.Landscape_0.LandscapeComponent_14 is already used by LandscapeComponent /Game/Levels/Space.Space:PersistentLevel.Landscape_0.LandscapeComponent_14, which should never happen in the editor but could happen at runtime with duplicate level loading or PIE
[2017.04.24-07.30.33:817][832]LogUObjectGlobals:Warning: Guid referenced by LandscapeComponent /Game/Levels/SpaceToimivaLight.Space:PersistentLevel.Landscape_0.LandscapeComponent_15 is already used by LandscapeComponent /Game/Levels/Space.Space:PersistentLevel.Landscape_0.LandscapeComponent_15, which should never happen in the editor but could happen at runtime with duplicate level loading or PIE
[2017.04.24-07.30.33:817][832]LogUObjectGlobals:Warning: Guid referenced by LandscapeComponent /Game/Levels/SpaceToimivaLight.Space:PersistentLevel.Landscape_0.LandscapeComponent_16 is already used by LandscapeComponent /Game/Levels/Space.Space:PersistentLevel.Landscape_0.LandscapeComponent_16, which should never happen in the editor but could happen at runtime with duplicate level loading or PIE
[2017.04.24-07.30.33:817][832]LogUObjectGlobals:Warning: Guid referenced by LandscapeComponent /Game/Levels/SpaceToimivaLight.Space:PersistentLevel.Landscape_0.LandscapeComponent_17 is already used by LandscapeComponent /Game/Levels/Space.Space:PersistentLevel.Landscape_0.LandscapeComponent_17, which should never happen in the editor but could happen at runtime with duplicate level loading or PIE
[2017.04.24-07.30.33:817][832]LogUObjectGlobals:Warning: Guid referenced by LandscapeComponent /Game/Levels/SpaceToimivaLight.Space:PersistentLevel.Landscape_0.LandscapeComponent_18 is already used by LandscapeComponent /Game/Levels/Space.Space:PersistentLevel.Landscape_0.LandscapeComponent_18, which should never happen in the editor but could happen at runtime with duplicate level loading or PIE
[2017.04.24-07.30.33:817][832]LogUObjectGlobals:Warning: Guid referenced by LandscapeComponent /Game/Levels/SpaceToimivaLight.Space:PersistentLevel.Landscape_0.LandscapeComponent_19 is already used by LandscapeComponent /Game/Levels/Space.Space:PersistentLevel.Landscape_0.LandscapeComponent_19, which should never happen in the editor but could happen at runtime with duplicate level loading or PIE
[2017.04.24-07.30.33:817][832]LogUObjectGlobals:Warning: Guid referenced by LandscapeComponent /Game/Levels/SpaceToimivaLight.Space:PersistentLevel.Landscape_0.LandscapeComponent_2 is already used by LandscapeComponent /Game/Levels/Space.Space:PersistentLevel.Landscape_0.LandscapeComponent_2, which should never happen in the editor but could happen at runtime with duplicate level loading or PIE
[2017.04.24-07.30.33:817][832]LogUObjectGlobals:Warning: Guid referenced by LandscapeComponent /Game/Levels/SpaceToimivaLight.Space:PersistentLevel.Landscape_0.LandscapeComponent_20 is already used by LandscapeComponent /Game/Levels/Space.Space:PersistentLevel.Landscape_0.LandscapeComponent_20, which should never happen in the editor but could happen at runtime with duplicate level loading or PIE
[2017.04.24-07.30.33:817][832]LogUObjectGlobals:Warning: Guid referenced by LandscapeComponent /Game/Levels/SpaceToimivaLight.Space:PersistentLevel.Landscape_0.LandscapeComponent_21 is already used by LandscapeComponent /Game/Levels/Space.Space:PersistentLevel.Landscape_0.LandscapeComponent_21, which should never happen in the editor but could happen at runtime with duplicate level loading or PIE
[2017.04.24-07.30.33:817][832]LogUObjectGlobals:Warning: Guid referenced by LandscapeComponent /Game/Levels/SpaceToimivaLight.Space:PersistentLevel.Landscape_0.LandscapeComponent_22 is already used by LandscapeComponent /Game/Levels/Space.Space:PersistentLevel.Landscape_0.LandscapeComponent_22, which should never happen in the editor but could happen at runtime with duplicate level loading or PIE
[2017.04.24-07.30.33:817][832]LogUObjectGlobals:Warning: Guid referenced by LandscapeComponent /Game/Levels/SpaceToimivaLight.Space:PersistentLevel.Landscape_0.LandscapeComponent_23 is already used by LandscapeComponent /Game/Levels/Space.Space:PersistentLevel.Landscape_0.LandscapeComponent_23, which should never happen in the editor but could happen at runtime with duplicate level loading or PIE
[2017.04.24-07.30.33:817][832]LogUObjectGlobals:Warning: Guid referenced by LandscapeComponent /Game/Levels/SpaceToimivaLight.Space:PersistentLevel.Landscape_0.LandscapeComponent_24 is already used by LandscapeComponent /Game/Levels/Space.Space:PersistentLevel.Landscape_0.LandscapeComponent_24, which should never happen in the editor but could happen at runtime with duplicate level loading or PIE
[2017.04.24-07.30.33:817][832]LogUObjectGlobals:Warning: Guid referenced by LandscapeComponent /Game/Levels/SpaceToimivaLight.Space:PersistentLevel.Landscape_0.LandscapeComponent_25 is already used by LandscapeComponent /Game/Levels/Space.Space:PersistentLevel.Landscape_0.LandscapeComponent_25, which should never happen in the editor but could happen at runtime with duplicate level loading or PIE
[2017.04.24-07.30.33:817][832]LogUObjectGlobals:Warning: Guid referenced by LandscapeComponent /Game/Levels/SpaceToimivaLight.Space:PersistentLevel.Landscape_0.LandscapeComponent_26 is already used by LandscapeComponent /Game/Levels/Space.Space:PersistentLevel.Landscape_0.LandscapeComponent_26, which should never happen in the editor but could happen at runtime with duplicate level loading or PIE
[2017.04.24-07.30.33:817][832]LogUObjectGlobals:Warning: Guid referenced by LandscapeComponent /Game/Levels/SpaceToimivaLight.Space:PersistentLevel.Landscape_0.LandscapeComponent_27 is already used by LandscapeComponent /Game/Levels/Space.Space:PersistentLevel.Landscape_0.LandscapeComponent_27, which should never happen in the editor but could happen at runtime with duplicate level loading or PIE
[2017.04.24-07.30.33:817][832]LogUObjectGlobals:Warning: Guid referenced by LandscapeComponent /Game/Levels/SpaceToimivaLight.Space:PersistentLevel.Landscape_0.LandscapeComponent_28 is already used by LandscapeComponent /Game/Levels/Space.Space:PersistentLevel.Landscape_0.LandscapeComponent_28, which should never happen in the editor but could happen at runtime with duplicate level loading or PIE
[2017.04.24-07.30.33:817][832]LogUObjectGlobals:Warning: Guid referenced by LandscapeComponent /Game/Levels/SpaceToimivaLight.Space:PersistentLevel.Landscape_0.LandscapeComponent_29 is already used by LandscapeComponent /Game/Levels/Space.Space:PersistentLevel.Landscape_0.LandscapeComponent_29, which should never happen in the editor but could happen at runtime with duplicate level loading or PIE
[2017.04.24-07.30.33:817][832]LogUObjectGlobals:Warning: Guid referenced by LandscapeComponent /Game/Levels/SpaceToimivaLight.Space:PersistentLevel.Landscape_0.LandscapeComponent_3 is already used by LandscapeComponent /Game/Levels/Space.Space:PersistentLevel.Landscape_0.LandscapeComponent_3, which should never happen in the editor but could happen at runtime with duplicate level loading or PIE
[2017.04.24-07.30.33:817][832]LogUObjectGlobals:Warning: Guid referenced by LandscapeComponent /Game/Levels/SpaceToimivaLight.Space:PersistentLevel.Landscape_0.LandscapeComponent_30 is already used by LandscapeComponent /Game/Levels/Space.Space:PersistentLevel.Landscape_0.LandscapeComponent_30, which should never happen in the editor but could happen at runtime with duplicate level loading or PIE
[2017.04.24-07.30.33:817][832]LogUObjectGlobals:Warning: Guid referenced by LandscapeComponent /Game/Levels/SpaceToimivaLight.Space:PersistentLevel.Landscape_0.LandscapeComponent_31 is already used by LandscapeComponent /Game/Levels/Space.Space:PersistentLevel.Landscape_0.LandscapeComponent_31, which should never happen in the editor but could happen at runtime with duplicate level loading or PIE
[2017.04.24-07.30.33:817][832]LogUObjectGlobals:Warning: Guid referenced by LandscapeComponent /Game/Levels/SpaceToimivaLight.Space:PersistentLevel.Landscape_0.LandscapeComponent_32 is already used by LandscapeComponent /Game/Levels/Space.Space:PersistentLevel.Landscape_0.LandscapeComponent_32, which should never happen in the editor but could happen at runtime with duplicate level loading or PIE
[2017.04.24-07.30.33:817][832]LogUObjectGlobals:Warning: Guid referenced by LandscapeComponent /Game/Levels/SpaceToimivaLight.Space:PersistentLevel.Landscape_0.LandscapeComponent_33 is already used by LandscapeComponent /Game/Levels/Space.Space:PersistentLevel.Landscape_0.LandscapeComponent_33, which should never happen in the editor but could happen at runtime with duplicate level loading or PIE
[2017.04.24-07.30.33:817][832]LogUObjectGlobals:Warning: Guid referenced by LandscapeComponent /Game/Levels/SpaceToimivaLight.Space:PersistentLevel.Landscape_0.LandscapeComponent_34 is already used by LandscapeComponent /Game/Levels/Space.Space:PersistentLevel.Landscape_0.LandscapeComponent_34, which should never happen in the editor but could happen at runtime with duplicate level loading or PIE
[2017.04.24-07.30.33:817][832]LogUObjectGlobals:Warning: Guid referenced by LandscapeComponent /Game/Levels/SpaceToimivaLight.Space:PersistentLevel.Landscape_0.LandscapeComponent_35 is already used by LandscapeComponent /Game/Levels/Space.Space:PersistentLevel.Landscape_0.LandscapeComponent_35, which should never happen in the editor but could happen at runtime with duplicate level loading or PIE
[2017.04.24-07.30.33:817][832]LogUObjectGlobals:Warning: Guid referenced by LandscapeComponent /Game/Levels/SpaceToimivaLight.Space:PersistentLevel.Landscape_0.LandscapeComponent_36 is already used by LandscapeComponent /Game/Levels/Space.Space:PersistentLevel.Landscape_0.LandscapeComponent_36, which should never happen in the editor but could happen at runtime with duplicate level loading or PIE
[2017.04.24-07.30.33:817][832]LogUObjectGlobals:Warning: Guid referenced by LandscapeComponent /Game/Levels/SpaceToimivaLight.Space:PersistentLevel.Landscape_0.LandscapeComponent_37 is already used by LandscapeComponent /Game/Levels/Space.Space:PersistentLevel.Landscape_0.LandscapeComponent_37, which should never happen in the editor but could happen at runtime with duplicate level loading or PIE
[2017.04.24-07.30.33:817][832]LogUObjectGlobals:Warning: Guid referenced by LandscapeComponent /Game/Levels/SpaceToimivaLight.Space:PersistentLevel.Landscape_0.LandscapeComponent_38 is already used by LandscapeComponent /Game/Levels/Space.Space:PersistentLevel.Landscape_0.LandscapeComponent_38, which should never happen in the editor but could happen at runtime with duplicate level loading or PIE
[2017.04.24-07.30.33:817][832]LogUObjectGlobals:Warning: Guid referenced by LandscapeComponent /Game/Levels/SpaceToimivaLight.Space:PersistentLevel.Landscape_0.LandscapeComponent_39 is already used by LandscapeComponent /Game/Levels/Space.Space:PersistentLevel.Landscape_0.LandscapeComponent_39, which should never happen in the editor but could happen at runtime with duplicate level loading or PIE
[2017.04.24-07.30.33:817][832]LogUObjectGlobals:Warning: Guid referenced by LandscapeComponent /Game/Levels/SpaceToimivaLight.Space:PersistentLevel.Landscape_0.LandscapeComponent_4 is already used by LandscapeComponent /Game/Levels/Space.Space:PersistentLevel.Landscape_0.LandscapeComponent_4, which should never happen in the editor but could happen at runtime with duplicate level loading or PIE
[2017.04.24-07.30.33:817][832]LogUObjectGlobals:Warning: Guid referenced by LandscapeComponent /Game/Levels/SpaceToimivaLight.Space:PersistentLevel.Landscape_0.LandscapeComponent_40 is already used by LandscapeComponent /Game/Levels/Space.Space:PersistentLevel.Landscape_0.LandscapeComponent_40, which should never happen in the editor but could happen at runtime with duplicate level loading or PIE
[2017.04.24-07.30.33:817][832]LogUObjectGlobals:Warning: Guid referenced by LandscapeComponent /Game/Levels/SpaceToimivaLight.Space:PersistentLevel.Landscape_0.LandscapeComponent_41 is already used by LandscapeComponent /Game/Levels/Space.Space:PersistentLevel.Landscape_0.LandscapeComponent_41, which should never happen in the editor but could happen at runtime with duplicate level loading or PIE
[2017.04.24-07.30.33:817][832]LogUObjectGlobals:Warning: Guid referenced by LandscapeComponent /Game/Levels/SpaceToimivaLight.Space:PersistentLevel.Landscape_0.LandscapeComponent_42 is already used by LandscapeComponent /Game/Levels/Space.Space:PersistentLevel.Landscape_0.LandscapeComponent_42, which should never happen in the editor but could happen at runtime with duplicate level loading or PIE
[2017.04.24-07.30.33:817][832]LogUObjectGlobals:Warning: Guid referenced by LandscapeComponent /Game/Levels/SpaceToimivaLight.Space:PersistentLevel.Landscape_0.LandscapeComponent_43 is already used by LandscapeComponent /Game/Levels/Space.Space:PersistentLevel.Landscape_0.LandscapeComponent_43, which should never happen in the editor but could happen at runtime with duplicate level loading or PIE
[2017.04.24-07.30.33:817][832]LogUObjectGlobals:Warning: Guid referenced by LandscapeComponent /Game/Levels/SpaceToimivaLight.Space:PersistentLevel.Landscape_0.LandscapeComponent_44 is already used by LandscapeComponent /Game/Levels/Space.Space:PersistentLevel.Landscape_0.LandscapeComponent_44, which should never happen in the editor but could happen at runtime with duplicate level loading or PIE
[2017.04.24-07.30.33:817][832]LogUObjectGlobals:Warning: Guid referenced by LandscapeComponent /Game/Levels/SpaceToimivaLight.Space:PersistentLevel.Landscape_0.LandscapeComponent_45 is already used by LandscapeComponent /Game/Levels/Space.Space:PersistentLevel.Landscape_0.LandscapeComponent_45, which should never happen in the editor but could happen at runtime with duplicate level loading or PIE
[2017.04.24-07.30.33:817][832]LogUObjectGlobals:Warning: Guid referenced by LandscapeComponent /Game/Levels/SpaceToimivaLight.Space:PersistentLevel.Landscape_0.LandscapeComponent_46 is already used by LandscapeComponent /Game/Levels/Space.Space:PersistentLevel.Landscape_0.LandscapeComponent_46, which should never happen in the editor but could happen at runtime with duplicate level loading or PIE
[2017.04.24-07.30.33:817][832]LogUObjectGlobals:Warning: Guid referenced by LandscapeComponent /Game/Levels/SpaceToimivaLight.Space:PersistentLevel.Landscape_0.LandscapeComponent_47 is already used by LandscapeComponent /Game/Levels/Space.Space:PersistentLevel.Landscape_0.LandscapeComponent_47, which should never happen in the editor but could happen at runtime with duplicate level loading or PIE
[2017.04.24-07.30.33:817][832]LogUObjectGlobals:Warning: Guid referenced by LandscapeComponent /Game/Levels/SpaceToimivaLight.Space:PersistentLevel.Landscape_0.LandscapeComponent_48 is already used by LandscapeComponent /Game/Levels/Space.Space:PersistentLevel.Landscape_0.LandscapeComponent_48, which should never happen in the editor but could happen at runtime with duplicate level loading or PIE
[2017.04.24-07.30.33:817][832]LogUObjectGlobals:Warning: Guid referenced by LandscapeComponent /Game/Levels/SpaceToimivaLight.Space:PersistentLevel.Landscape_0.LandscapeComponent_49 is already used by LandscapeComponent /Game/Levels/Space.Space:PersistentLevel.Landscape_0.LandscapeComponent_49, which should never happen in the editor but could happen at runtime with duplicate level loading or PIE
[2017.04.24-07.30.33:817][832]LogUObjectGlobals:Warning: Guid referenced by LandscapeComponent /Game/Levels/SpaceToimivaLight.Space:PersistentLevel.Landscape_0.LandscapeComponent_5 is already used by LandscapeComponent /Game/Levels/Space.Space:PersistentLevel.Landscape_0.LandscapeComponent_5, which should never happen in the editor but could happen at runtime with duplicate level loading or PIE
[2017.04.24-07.30.33:817][832]LogUObjectGlobals:Warning: Guid referenced by LandscapeComponent /Game/Levels/SpaceToimivaLight.Space:PersistentLevel.Landscape_0.LandscapeComponent_50 is already used by LandscapeComponent /Game/Levels/Space.Space:PersistentLevel.Landscape_0.LandscapeComponent_50, which should never happen in the editor but could happen at runtime with duplicate level loading or PIE
[2017.04.24-07.30.33:817][832]LogUObjectGlobals:Warning: Guid referenced by LandscapeComponent /Game/Levels/SpaceToimivaLight.Space:PersistentLevel.Landscape_0.LandscapeComponent_51 is already used by LandscapeComponent /Game/Levels/Space.Space:PersistentLevel.Landscape_0.LandscapeComponent_51, which should never happen in the editor but could happen at runtime with duplicate level loading or PIE
[2017.04.24-07.30.33:817][832]LogUObjectGlobals:Warning: Guid referenced by LandscapeComponent /Game/Levels/SpaceToimivaLight.Space:PersistentLevel.Landscape_0.LandscapeComponent_52 is already used by LandscapeComponent /Game/Levels/Space.Space:PersistentLevel.Landscape_0.LandscapeComponent_52, which should never happen in the editor but could happen at runtime with duplicate level loading or PIE
[2017.04.24-07.30.33:817][832]LogUObjectGlobals:Warning: Guid referenced by LandscapeComponent /Game/Levels/SpaceToimivaLight.Space:PersistentLevel.Landscape_0.LandscapeComponent_53 is already used by LandscapeComponent /Game/Levels/Space.Space:PersistentLevel.Landscape_0.LandscapeComponent_53, which should never happen in the editor but could happen at runtime with duplicate level loading or PIE
[2017.04.24-07.30.33:818][832]LogUObjectGlobals:Warning: Guid referenced by LandscapeComponent /Game/Levels/SpaceToimivaLight.Space:PersistentLevel.Landscape_0.LandscapeComponent_54 is already used by LandscapeComponent /Game/Levels/Space.Space:PersistentLevel.Landscape_0.LandscapeComponent_54, which should never happen in the editor but could happen at runtime with duplicate level loading or PIE
[2017.04.24-07.30.33:818][832]LogUObjectGlobals:Warning: Guid referenced by LandscapeComponent /Game/Levels/SpaceToimivaLight.Space:PersistentLevel.Landscape_0.LandscapeComponent_55 is already used by LandscapeComponent /Game/Levels/Space.Space:PersistentLevel.Landscape_0.LandscapeComponent_55, which should never happen in the editor but could happen at runtime with duplicate level loading or PIE
[2017.04.24-07.30.33:818][832]LogUObjectGlobals:Warning: Guid referenced by LandscapeComponent /Game/Levels/SpaceToimivaLight.Space:PersistentLevel.Landscape_0.LandscapeComponent_56 is already used by LandscapeComponent /Game/Levels/Space.Space:PersistentLevel.Landscape_0.LandscapeComponent_56, which should never happen in the editor but could happen at runtime with duplicate level loading or PIE
[2017.04.24-07.30.33:818][832]LogUObjectGlobals:Warning: Guid referenced by LandscapeComponent /Game/Levels/SpaceToimivaLight.Space:PersistentLevel.Landscape_0.LandscapeComponent_57 is already used by LandscapeComponent /Game/Levels/Space.Space:PersistentLevel.Landscape_0.LandscapeComponent_57, which should never happen in the editor but could happen at runtime with duplicate level loading or PIE
[2017.04.24-07.30.33:818][832]LogUObjectGlobals:Warning: Guid referenced by LandscapeComponent /Game/Levels/SpaceToimivaLight.Space:PersistentLevel.Landscape_0.LandscapeComponent_58 is already used by LandscapeComponent /Game/Levels/Space.Space:PersistentLevel.Landscape_0.LandscapeComponent_58, which should never happen in the editor but could happen at runtime with duplicate level loading or PIE
[2017.04.24-07.30.33:818][832]LogUObjectGlobals:Warning: Guid referenced by LandscapeComponent /Game/Levels/SpaceToimivaLight.Space:PersistentLevel.Landscape_0.LandscapeComponent_59 is already used by LandscapeComponent /Game/Levels/Space.Space:PersistentLevel.Landscape_0.LandscapeComponent_59, which should never happen in the editor but could happen at runtime with duplicate level loading or PIE
[2017.04.24-07.30.33:818][832]LogUObjectGlobals:Warning: Guid referenced by LandscapeComponent /Game/Levels/SpaceToimivaLight.Space:PersistentLevel.Landscape_0.LandscapeComponent_6 is already used by LandscapeComponent /Game/Levels/Space.Space:PersistentLevel.Landscape_0.LandscapeComponent_6, which should never happen in the editor but could happen at runtime with duplicate level loading or PIE
[2017.04.24-07.30.33:818][832]LogUObjectGlobals:Warning: Guid referenced by LandscapeComponent /Game/Levels/SpaceToimivaLight.Space:PersistentLevel.Landscape_0.LandscapeComponent_60 is already used by LandscapeComponent /Game/Levels/Space.Space:PersistentLevel.Landscape_0.LandscapeComponent_60, which should never happen in the editor but could happen at runtime with duplicate level loading or PIE
[2017.04.24-07.30.33:818][832]LogUObjectGlobals:Warning: Guid referenced by LandscapeComponent /Game/Levels/SpaceToimivaLight.Space:PersistentLevel.Landscape_0.LandscapeComponent_61 is already used by LandscapeComponent /Game/Levels/Space.Space:PersistentLevel.Landscape_0.LandscapeComponent_61, which should never happen in the editor but could happen at runtime with duplicate level loading or PIE
[2017.04.24-07.30.33:818][832]LogUObjectGlobals:Warning: Guid referenced by LandscapeComponent /Game/Levels/SpaceToimivaLight.Space:PersistentLevel.Landscape_0.LandscapeComponent_62 is already used by LandscapeComponent /Game/Levels/Space.Space:PersistentLevel.Landscape_0.LandscapeComponent_62, which should never happen in the editor but could happen at runtime with duplicate level loading or PIE
[2017.04.24-07.30.33:818][832]LogUObjectGlobals:Warning: Guid referenced by LandscapeComponent /Game/Levels/SpaceToimivaLight.Space:PersistentLevel.Landscape_0.LandscapeComponent_63 is already used by LandscapeComponent /Game/Levels/Space.Space:PersistentLevel.Landscape_0.LandscapeComponent_63, which should never happen in the editor but could happen at runtime with duplicate level loading or PIE
[2017.04.24-07.30.33:818][832]LogUObjectGlobals:Warning: Guid referenced by LandscapeComponent /Game/Levels/SpaceToimivaLight.Space:PersistentLevel.Landscape_0.LandscapeComponent_7 is already used by LandscapeComponent /Game/Levels/Space.Space:PersistentLevel.Landscape_0.LandscapeComponent_7, which should never happen in the editor but could happen at runtime with duplicate level loading or PIE
[2017.04.24-07.30.33:818][832]LogUObjectGlobals:Warning: Guid referenced by LandscapeComponent /Game/Levels/SpaceToimivaLight.Space:PersistentLevel.Landscape_0.LandscapeComponent_8 is already used by LandscapeComponent /Game/Levels/Space.Space:PersistentLevel.Landscape_0.LandscapeComponent_8, which should never happen in the editor but could happen at runtime with duplicate level loading or PIE
[2017.04.24-07.30.33:818][832]LogUObjectGlobals:Warning: Guid referenced by LandscapeComponent /Game/Levels/SpaceToimivaLight.Space:PersistentLevel.Landscape_0.LandscapeComponent_9 is already used by LandscapeComponent /Game/Levels/Space.Space:PersistentLevel.Landscape_0.LandscapeComponent_9, which should never happen in the editor but could happen at runtime with duplicate level loading or PIE
[2017.04.24-07.30.33:820][832]LogUObjectGlobals:Warning: Guid referenced by LandscapeHeightfieldCollisionComponent /Game/Levels/SpaceToimivaLight.Space:PersistentLevel.Landscape_0.LandscapeHeightfieldCollisionComponent_0 is already used by LandscapeHeightfieldCollisionComponent /Game/Levels/Space.Space:PersistentLevel.Landscape_0.LandscapeHeightfieldCollisionComponent_0, which should never happen in the editor but could happen at runtime with duplicate level loading or PIE
[2017.04.24-07.30.33:820][832]LogUObjectGlobals:Warning: Guid referenced by LandscapeHeightfieldCollisionComponent /Game/Levels/SpaceToimivaLight.Space:PersistentLevel.Landscape_0.LandscapeHeightfieldCollisionComponent_1 is already used by LandscapeHeightfieldCollisionComponent /Game/Levels/Space.Space:PersistentLevel.Landscape_0.LandscapeHeightfieldCollisionComponent_1, which should never happen in the editor but could happen at runtime with duplicate level loading or PIE
[2017.04.24-07.30.33:820][832]LogUObjectGlobals:Warning: Guid referenced by LandscapeHeightfieldCollisionComponent /Game/Levels/SpaceToimivaLight.Space:PersistentLevel.Landscape_0.LandscapeHeightfieldCollisionComponent_10 is already used by LandscapeHeightfieldCollisionComponent /Game/Levels/Space.Space:PersistentLevel.Landscape_0.LandscapeHeightfieldCollisionComponent_10, which should never happen in the editor but could happen at runtime with duplicate level loading or PIE
[2017.04.24-07.30.33:820][832]LogUObjectGlobals:Warning: Guid referenced by LandscapeHeightfieldCollisionComponent /Game/Levels/SpaceToimivaLight.Space:PersistentLevel.Landscape_0.LandscapeHeightfieldCollisionComponent_11 is already used by LandscapeHeightfieldCollisionComponent /Game/Levels/Space.Space:PersistentLevel.Landscape_0.LandscapeHeightfieldCollisionComponent_11, which should never happen in the editor but could happen at runtime with duplicate level loading or PIE
[2017.04.24-07.30.33:820][832]LogUObjectGlobals:Warning: Guid referenced by LandscapeHeightfieldCollisionComponent /Game/Levels/SpaceToimivaLight.Space:PersistentLevel.Landscape_0.LandscapeHeightfieldCollisionComponent_12 is already used by LandscapeHeightfieldCollisionComponent /Game/Levels/Space.Space:PersistentLevel.Landscape_0.LandscapeHeightfieldCollisionComponent_12, which should never happen in the editor but could happen at runtime with duplicate level loading or PIE
[2017.04.24-07.30.33:820][832]LogUObjectGlobals:Warning: Guid referenced by LandscapeHeightfieldCollisionComponent /Game/Levels/SpaceToimivaLight.Space:PersistentLevel.Landscape_0.LandscapeHeightfieldCollisionComponent_13 is already used by LandscapeHeightfieldCollisionComponent /Game/Levels/Space.Space:PersistentLevel.Landscape_0.LandscapeHeightfieldCollisionComponent_13, which should never happen in the editor but could happen at runtime with duplicate level loading or PIE
[2017.04.24-07.30.33:820][832]LogUObjectGlobals:Warning: Guid referenced by LandscapeHeightfieldCollisionComponent /Game/Levels/SpaceToimivaLight.Space:PersistentLevel.Landscape_0.LandscapeHeightfieldCollisionComponent_14 is already used by LandscapeHeightfieldCollisionComponent /Game/Levels/Space.Space:PersistentLevel.Landscape_0.LandscapeHeightfieldCollisionComponent_14, which should never happen in the editor but could happen at runtime with duplicate level loading or PIE
[2017.04.24-07.30.33:820][832]LogUObjectGlobals:Warning: Guid referenced by LandscapeHeightfieldCollisionComponent /Game/Levels/SpaceToimivaLight.Space:PersistentLevel.Landscape_0.LandscapeHeightfieldCollisionComponent_15 is already used by LandscapeHeightfieldCollisionComponent /Game/Levels/Space.Space:PersistentLevel.Landscape_0.LandscapeHeightfieldCollisionComponent_15, which should never happen in the editor but could happen at runtime with duplicate level loading or PIE
[2017.04.24-07.30.33:820][832]LogUObjectGlobals:Warning: Guid referenced by LandscapeHeightfieldCollisionComponent /Game/Levels/SpaceToimivaLight.Space:PersistentLevel.Landscape_0.LandscapeHeightfieldCollisionComponent_16 is already used by LandscapeHeightfieldCollisionComponent /Game/Levels/Space.Space:PersistentLevel.Landscape_0.LandscapeHeightfieldCollisionComponent_16, which should never happen in the editor but could happen at runtime with duplicate level loading or PIE
[2017.04.24-07.30.33:820][832]LogUObjectGlobals:Warning: Guid referenced by LandscapeHeightfieldCollisionComponent /Game/Levels/SpaceToimivaLight.Space:PersistentLevel.Landscape_0.LandscapeHeightfieldCollisionComponent_17 is already used by LandscapeHeightfieldCollisionComponent /Game/Levels/Space.Space:PersistentLevel.Landscape_0.LandscapeHeightfieldCollisionComponent_17, which should never happen in the editor but could happen at runtime with duplicate level loading or PIE
[2017.04.24-07.30.33:820][832]LogUObjectGlobals:Warning: Guid referenced by LandscapeHeightfieldCollisionComponent /Game/Levels/SpaceToimivaLight.Space:PersistentLevel.Landscape_0.LandscapeHeightfieldCollisionComponent_18 is already used by LandscapeHeightfieldCollisionComponent /Game/Levels/Space.Space:PersistentLevel.Landscape_0.LandscapeHeightfieldCollisionComponent_18, which should never happen in the editor but could happen at runtime with duplicate level loading or PIE
[2017.04.24-07.30.33:820][832]LogUObjectGlobals:Warning: Guid referenced by LandscapeHeightfieldCollisionComponent /Game/Levels/SpaceToimivaLight.Space:PersistentLevel.Landscape_0.LandscapeHeightfieldCollisionComponent_19 is already used by LandscapeHeightfieldCollisionComponent /Game/Levels/Space.Space:PersistentLevel.Landscape_0.LandscapeHeightfieldCollisionComponent_19, which should never happen in the editor but could happen at runtime with duplicate level loading or PIE
[2017.04.24-07.30.33:820][832]LogUObjectGlobals:Warning: Guid referenced by LandscapeHeightfieldCollisionComponent /Game/Levels/SpaceToimivaLight.Space:PersistentLevel.Landscape_0.LandscapeHeightfieldCollisionComponent_2 is already used by LandscapeHeightfieldCollisionComponent /Game/Levels/Space.Space:PersistentLevel.Landscape_0.LandscapeHeightfieldCollisionComponent_2, which should never happen in the editor but could happen at runtime with duplicate level loading or PIE
[2017.04.24-07.30.33:820][832]LogUObjectGlobals:Warning: Guid referenced by LandscapeHeightfieldCollisionComponent /Game/Levels/SpaceToimivaLight.Space:PersistentLevel.Landscape_0.LandscapeHeightfieldCollisionComponent_20 is already used by LandscapeHeightfieldCollisionComponent /Game/Levels/Space.Space:PersistentLevel.Landscape_0.LandscapeHeightfieldCollisionComponent_20, which should never happen in the editor but could happen at runtime with duplicate level loading or PIE
[2017.04.24-07.30.33:820][832]LogUObjectGlobals:Warning: Guid referenced by LandscapeHeightfieldCollisionComponent /Game/Levels/SpaceToimivaLight.Space:PersistentLevel.Landscape_0.LandscapeHeightfieldCollisionComponent_21 is already used by LandscapeHeightfieldCollisionComponent /Game/Levels/Space.Space:PersistentLevel.Landscape_0.LandscapeHeightfieldCollisionComponent_21, which should never happen in the editor but could happen at runtime with duplicate level loading or PIE
[2017.04.24-07.30.33:820][832]LogUObjectGlobals:Warning: Guid referenced by LandscapeHeightfieldCollisionComponent /Game/Levels/SpaceToimivaLight.Space:PersistentLevel.Landscape_0.LandscapeHeightfieldCollisionComponent_22 is already used by LandscapeHeightfieldCollisionComponent /Game/Levels/Space.Space:PersistentLevel.Landscape_0.LandscapeHeightfieldCollisionComponent_22, which should never happen in the editor but could happen at runtime with duplicate level loading or PIE
[2017.04.24-07.30.33:820][832]LogUObjectGlobals:Warning: Guid referenced by LandscapeHeightfieldCollisionComponent /Game/Levels/SpaceToimivaLight.Space:PersistentLevel.Landscape_0.LandscapeHeightfieldCollisionComponent_23 is already used by LandscapeHeightfieldCollisionComponent /Game/Levels/Space.Space:PersistentLevel.Landscape_0.LandscapeHeightfieldCollisionComponent_23, which should never happen in the editor but could happen at runtime with duplicate level loading or PIE
[2017.04.24-07.30.33:820][832]LogUObjectGlobals:Warning: Guid referenced by LandscapeHeightfieldCollisionComponent /Game/Levels/SpaceToimivaLight.Space:PersistentLevel.Landscape_0.LandscapeHeightfieldCollisionComponent_24 is already used by LandscapeHeightfieldCollisionComponent /Game/Levels/Space.Space:PersistentLevel.Landscape_0.LandscapeHeightfieldCollisionComponent_24, which should never happen in the editor but could happen at runtime with duplicate level loading or PIE
[2017.04.24-07.30.33:820][832]LogUObjectGlobals:Warning: Guid referenced by LandscapeHeightfieldCollisionComponent /Game/Levels/SpaceToimivaLight.Space:PersistentLevel.Landscape_0.LandscapeHeightfieldCollisionComponent_25 is already used by LandscapeHeightfieldCollisionComponent /Game/Levels/Space.Space:PersistentLevel.Landscape_0.LandscapeHeightfieldCollisionComponent_25, which should never happen in the editor but could happen at runtime with duplicate level loading or PIE
[2017.04.24-07.30.33:820][832]LogUObjectGlobals:Warning: Guid referenced by LandscapeHeightfieldCollisionComponent /Game/Levels/SpaceToimivaLight.Space:PersistentLevel.Landscape_0.LandscapeHeightfieldCollisionComponent_26 is already used by LandscapeHeightfieldCollisionComponent /Game/Levels/Space.Space:PersistentLevel.Landscape_0.LandscapeHeightfieldCollisionComponent_26, which should never happen in the editor but could happen at runtime with duplicate level loading or PIE
[2017.04.24-07.30.33:821][832]LogUObjectGlobals:Warning: Guid referenced by LandscapeHeightfieldCollisionComponent /Game/Levels/SpaceToimivaLight.Space:PersistentLevel.Landscape_0.LandscapeHeightfieldCollisionComponent_27 is already used by LandscapeHeightfieldCollisionComponent /Game/Levels/Space.Space:PersistentLevel.Landscape_0.LandscapeHeightfieldCollisionComponent_27, which should never happen in the editor but could happen at runtime with duplicate level loading or PIE
[2017.04.24-07.30.33:821][832]LogUObjectGlobals:Warning: Guid referenced by LandscapeHeightfieldCollisionComponent /Game/Levels/SpaceToimivaLight.Space:PersistentLevel.Landscape_0.LandscapeHeightfieldCollisionComponent_28 is already used by LandscapeHeightfieldCollisionComponent /Game/Levels/Space.Space:PersistentLevel.Landscape_0.LandscapeHeightfieldCollisionComponent_28, which should never happen in the editor but could happen at runtime with duplicate level loading or PIE
[2017.04.24-07.30.33:821][832]LogUObjectGlobals:Warning: Guid referenced by LandscapeHeightfieldCollisionComponent /Game/Levels/SpaceToimivaLight.Space:PersistentLevel.Landscape_0.LandscapeHeightfieldCollisionComponent_29 is already used by LandscapeHeightfieldCollisionComponent /Game/Levels/Space.Space:PersistentLevel.Landscape_0.LandscapeHeightfieldCollisionComponent_29, which should never happen in the editor but could happen at runtime with duplicate level loading or PIE
[2017.04.24-07.30.33:821][832]LogUObjectGlobals:Warning: Guid referenced by LandscapeHeightfieldCollisionComponent /Game/Levels/SpaceToimivaLight.Space:PersistentLevel.Landscape_0.LandscapeHeightfieldCollisionComponent_3 is already used by LandscapeHeightfieldCollisionComponent /Game/Levels/Space.Space:PersistentLevel.Landscape_0.LandscapeHeightfieldCollisionComponent_3, which should never happen in the editor but could happen at runtime with duplicate level loading or PIE
[2017.04.24-07.30.33:821][832]LogUObjectGlobals:Warning: Guid referenced by LandscapeHeightfieldCollisionComponent /Game/Levels/SpaceToimivaLight.Space:PersistentLevel.Landscape_0.LandscapeHeightfieldCollisionComponent_30 is already used by LandscapeHeightfieldCollisionComponent /Game/Levels/Space.Space:PersistentLevel.Landscape_0.LandscapeHeightfieldCollisionComponent_30, which should never happen in the editor but could happen at runtime with duplicate level loading or PIE
[2017.04.24-07.30.33:821][832]LogUObjectGlobals:Warning: Guid referenced by LandscapeHeightfieldCollisionComponent /Game/Levels/SpaceToimivaLight.Space:PersistentLevel.Landscape_0.LandscapeHeightfieldCollisionComponent_31 is already used by LandscapeHeightfieldCollisionComponent /Game/Levels/Space.Space:PersistentLevel.Landscape_0.LandscapeHeightfieldCollisionComponent_31, which should never happen in the editor but could happen at runtime with duplicate level loading or PIE
[2017.04.24-07.30.33:821][832]LogUObjectGlobals:Warning: Guid referenced by LandscapeHeightfieldCollisionComponent /Game/Levels/SpaceToimivaLight.Space:PersistentLevel.Landscape_0.LandscapeHeightfieldCollisionComponent_32 is already used by LandscapeHeightfieldCollisionComponent /Game/Levels/Space.Space:PersistentLevel.Landscape_0.LandscapeHeightfieldCollisionComponent_32, which should never happen in the editor but could happen at runtime with duplicate level loading or PIE
[2017.04.24-07.30.33:821][832]LogUObjectGlobals:Warning: Guid referenced by LandscapeHeightfieldCollisionComponent /Game/Levels/SpaceToimivaLight.Space:PersistentLevel.Landscape_0.LandscapeHeightfieldCollisionComponent_33 is already used by LandscapeHeightfieldCollisionComponent /Game/Levels/Space.Space:PersistentLevel.Landscape_0.LandscapeHeightfieldCollisionComponent_33, which should never happen in the editor but could happen at runtime with duplicate level loading or PIE
[2017.04.24-07.30.33:821][832]LogUObjectGlobals:Warning: Guid referenced by LandscapeHeightfieldCollisionComponent /Game/Levels/SpaceToimivaLight.Space:PersistentLevel.Landscape_0.LandscapeHeightfieldCollisionComponent_34 is already used by LandscapeHeightfieldCollisionComponent /Game/Levels/Space.Space:PersistentLevel.Landscape_0.LandscapeHeightfieldCollisionComponent_34, which should never happen in the editor but could happen at runtime with duplicate level loading or PIE
[2017.04.24-07.30.33:821][832]LogUObjectGlobals:Warning: Guid referenced by LandscapeHeightfieldCollisionComponent /Game/Levels/SpaceToimivaLight.Space:PersistentLevel.Landscape_0.LandscapeHeightfieldCollisionComponent_35 is already used by LandscapeHeightfieldCollisionComponent /Game/Levels/Space.Space:PersistentLevel.Landscape_0.LandscapeHeightfieldCollisionComponent_35, which should never happen in the editor but could happen at runtime with duplicate level loading or PIE
[2017.04.24-07.30.33:821][832]LogUObjectGlobals:Warning: Guid referenced by LandscapeHeightfieldCollisionComponent /Game/Levels/SpaceToimivaLight.Space:PersistentLevel.Landscape_0.LandscapeHeightfieldCollisionComponent_36 is already used by LandscapeHeightfieldCollisionComponent /Game/Levels/Space.Space:PersistentLevel.Landscape_0.LandscapeHeightfieldCollisionComponent_36, which should never happen in the editor but could happen at runtime with duplicate level loading or PIE
[2017.04.24-07.30.33:821][832]LogUObjectGlobals:Warning: Guid referenced by LandscapeHeightfieldCollisionComponent /Game/Levels/SpaceToimivaLight.Space:PersistentLevel.Landscape_0.LandscapeHeightfieldCollisionComponent_37 is already used by LandscapeHeightfieldCollisionComponent /Game/Levels/Space.Space:PersistentLevel.Landscape_0.LandscapeHeightfieldCollisionComponent_37, which should never happen in the editor but could happen at runtime with duplicate level loading or PIE
[2017.04.24-07.30.33:821][832]LogUObjectGlobals:Warning: Guid referenced by LandscapeHeightfieldCollisionComponent /Game/Levels/SpaceToimivaLight.Space:PersistentLevel.Landscape_0.LandscapeHeightfieldCollisionComponent_38 is already used by LandscapeHeightfieldCollisionComponent /Game/Levels/Space.Space:PersistentLevel.Landscape_0.LandscapeHeightfieldCollisionComponent_38, which should never happen in the editor but could happen at runtime with duplicate level loading or PIE
[2017.04.24-07.30.33:821][832]LogUObjectGlobals:Warning: Guid referenced by LandscapeHeightfieldCollisionComponent /Game/Levels/SpaceToimivaLight.Space:PersistentLevel.Landscape_0.LandscapeHeightfieldCollisionComponent_39 is already used by LandscapeHeightfieldCollisionComponent /Game/Levels/Space.Space:PersistentLevel.Landscape_0.LandscapeHeightfieldCollisionComponent_39, which should never happen in the editor but could happen at runtime with duplicate level loading or PIE
[2017.04.24-07.30.33:821][832]LogUObjectGlobals:Warning: Guid referenced by LandscapeHeightfieldCollisionComponent /Game/Levels/SpaceToimivaLight.Space:PersistentLevel.Landscape_0.LandscapeHeightfieldCollisionComponent_4 is already used by LandscapeHeightfieldCollisionComponent /Game/Levels/Space.Space:PersistentLevel.Landscape_0.LandscapeHeightfieldCollisionComponent_4, which should never happen in the editor but could happen at runtime with duplicate level loading or PIE
[2017.04.24-07.30.33:822][832]LogUObjectGlobals:Warning: Guid referenced by LandscapeHeightfieldCollisionComponent /Game/Levels/SpaceToimivaLight.Space:PersistentLevel.Landscape_0.LandscapeHeightfieldCollisionComponent_40 is already used by LandscapeHeightfieldCollisionComponent /Game/Levels/Space.Space:PersistentLevel.Landscape_0.LandscapeHeightfieldCollisionComponent_40, which should never happen in the editor but could happen at runtime with duplicate level loading or PIE
[2017.04.24-07.30.33:822][832]LogUObjectGlobals:Warning: Guid referenced by LandscapeHeightfieldCollisionComponent /Game/Levels/SpaceToimivaLight.Space:PersistentLevel.Landscape_0.LandscapeHeightfieldCollisionComponent_41 is already used by LandscapeHeightfieldCollisionComponent /Game/Levels/Space.Space:PersistentLevel.Landscape_0.LandscapeHeightfieldCollisionComponent_41, which should never happen in the editor but could happen at runtime with duplicate level loading or PIE
[2017.04.24-07.30.33:822][832]LogUObjectGlobals:Warning: Guid referenced by LandscapeHeightfieldCollisionComponent /Game/Levels/SpaceToimivaLight.Space:PersistentLevel.Landscape_0.LandscapeHeightfieldCollisionComponent_42 is already used by LandscapeHeightfieldCollisionComponent /Game/Levels/Space.Space:PersistentLevel.Landscape_0.LandscapeHeightfieldCollisionComponent_42, which should never happen in the editor but could happen at runtime with duplicate level loading or PIE
[2017.04.24-07.30.33:822][832]LogUObjectGlobals:Warning: Guid referenced by LandscapeHeightfieldCollisionComponent /Game/Levels/SpaceToimivaLight.Space:PersistentLevel.Landscape_0.LandscapeHeightfieldCollisionComponent_43 is already used by LandscapeHeightfieldCollisionComponent /Game/Levels/Space.Space:PersistentLevel.Landscape_0.LandscapeHeightfieldCollisionComponent_43, which should never happen in the editor but could happen at runtime with duplicate level loading or PIE
[2017.04.24-07.30.33:822][832]LogUObjectGlobals:Warning: Guid referenced by LandscapeHeightfieldCollisionComponent /Game/Levels/SpaceToimivaLight.Space:PersistentLevel.Landscape_0.LandscapeHeightfieldCollisionComponent_44 is already used by LandscapeHeightfieldCollisionComponent /Game/Levels/Space.Space:PersistentLevel.Landscape_0.LandscapeHeightfieldCollisionComponent_44, which should never happen in the editor but could happen at runtime with duplicate level loading or PIE
[2017.04.24-07.30.33:822][832]LogUObjectGlobals:Warning: Guid referenced by LandscapeHeightfieldCollisionComponent /Game/Levels/SpaceToimivaLight.Space:PersistentLevel.Landscape_0.LandscapeHeightfieldCollisionComponent_45 is already used by LandscapeHeightfieldCollisionComponent /Game/Levels/Space.Space:PersistentLevel.Landscape_0.LandscapeHeightfieldCollisionComponent_45, which should never happen in the editor but could happen at runtime with duplicate level loading or PIE
[2017.04.24-07.30.33:822][832]LogUObjectGlobals:Warning: Guid referenced by LandscapeHeightfieldCollisionComponent /Game/Levels/SpaceToimivaLight.Space:PersistentLevel.Landscape_0.LandscapeHeightfieldCollisionComponent_46 is already used by LandscapeHeightfieldCollisionComponent /Game/Levels/Space.Space:PersistentLevel.Landscape_0.LandscapeHeightfieldCollisionComponent_46, which should never happen in the editor but could happen at runtime with duplicate level loading or PIE
[2017.04.24-07.30.33:822][832]LogUObjectGlobals:Warning: Guid referenced by LandscapeHeightfieldCollisionComponent /Game/Levels/SpaceToimivaLight.Space:PersistentLevel.Landscape_0.LandscapeHeightfieldCollisionComponent_47 is already used by LandscapeHeightfieldCollisionComponent /Game/Levels/Space.Space:PersistentLevel.Landscape_0.LandscapeHeightfieldCollisionComponent_47, which should never happen in the editor but could happen at runtime with duplicate level loading or PIE
[2017.04.24-07.30.33:822][832]LogUObjectGlobals:Warning: Guid referenced by LandscapeHeightfieldCollisionComponent /Game/Levels/SpaceToimivaLight.Space:PersistentLevel.Landscape_0.LandscapeHeightfieldCollisionComponent_48 is already used by LandscapeHeightfieldCollisionComponent /Game/Levels/Space.Space:PersistentLevel.Landscape_0.LandscapeHeightfieldCollisionComponent_48, which should never happen in the editor but could happen at runtime with duplicate level loading or PIE
[2017.04.24-07.30.33:822][832]LogUObjectGlobals:Warning: Guid referenced by LandscapeHeightfieldCollisionComponent /Game/Levels/SpaceToimivaLight.Space:PersistentLevel.Landscape_0.LandscapeHeightfieldCollisionComponent_49 is already used by LandscapeHeightfieldCollisionComponent /Game/Levels/Space.Space:PersistentLevel.Landscape_0.LandscapeHeightfieldCollisionComponent_49, which should never happen in the editor but could happen at runtime with duplicate level loading or PIE
[2017.04.24-07.30.33:822][832]LogUObjectGlobals:Warning: Guid referenced by LandscapeHeightfieldCollisionComponent /Game/Levels/SpaceToimivaLight.Space:PersistentLevel.Landscape_0.LandscapeHeightfieldCollisionComponent_5 is already used by LandscapeHeightfieldCollisionComponent /Game/Levels/Space.Space:PersistentLevel.Landscape_0.LandscapeHeightfieldCollisionComponent_5, which should never happen in the editor but could happen at runtime with duplicate level loading or PIE
[2017.04.24-07.30.33:822][832]LogUObjectGlobals:Warning: Guid referenced by LandscapeHeightfieldCollisionComponent /Game/Levels/SpaceToimivaLight.Space:PersistentLevel.Landscape_0.LandscapeHeightfieldCollisionComponent_50 is already used by LandscapeHeightfieldCollisionComponent /Game/Levels/Space.Space:PersistentLevel.Landscape_0.LandscapeHeightfieldCollisionComponent_50, which should never happen in the editor but could happen at runtime with duplicate level loading or PIE
[2017.04.24-07.30.33:822][832]LogUObjectGlobals:Warning: Guid referenced by LandscapeHeightfieldCollisionComponent /Game/Levels/SpaceToimivaLight.Space:PersistentLevel.Landscape_0.LandscapeHeightfieldCollisionComponent_51 is already used by LandscapeHeightfieldCollisionComponent /Game/Levels/Space.Space:PersistentLevel.Landscape_0.LandscapeHeightfieldCollisionComponent_51, which should never happen in the editor but could happen at runtime with duplicate level loading or PIE
[2017.04.24-07.30.33:822][832]LogUObjectGlobals:Warning: Guid referenced by LandscapeHeightfieldCollisionComponent /Game/Levels/SpaceToimivaLight.Space:PersistentLevel.Landscape_0.LandscapeHeightfieldCollisionComponent_52 is already used by LandscapeHeightfieldCollisionComponent /Game/Levels/Space.Space:PersistentLevel.Landscape_0.LandscapeHeightfieldCollisionComponent_52, which should never happen in the editor but could happen at runtime with duplicate level loading or PIE
[2017.04.24-07.30.33:822][832]LogUObjectGlobals:Warning: Guid referenced by LandscapeHeightfieldCollisionComponent /Game/Levels/SpaceToimivaLight.Space:PersistentLevel.Landscape_0.LandscapeHeightfieldCollisionComponent_53 is already used by LandscapeHeightfieldCollisionComponent /Game/Levels/Space.Space:PersistentLevel.Landscape_0.LandscapeHeightfieldCollisionComponent_53, which should never happen in the editor but could happen at runtime with duplicate level loading or PIE
[2017.04.24-07.30.33:822][832]LogUObjectGlobals:Warning: Guid referenced by LandscapeHeightfieldCollisionComponent /Game/Levels/SpaceToimivaLight.Space:PersistentLevel.Landscape_0.LandscapeHeightfieldCollisionComponent_54 is already used by LandscapeHeightfieldCollisionComponent /Game/Levels/Space.Space:PersistentLevel.Landscape_0.LandscapeHeightfieldCollisionComponent_54, which should never happen in the editor but could happen at runtime with duplicate level loading or PIE
[2017.04.24-07.30.33:822][832]LogUObjectGlobals:Warning: Guid referenced by LandscapeHeightfieldCollisionComponent /Game/Levels/SpaceToimivaLight.Space:PersistentLevel.Landscape_0.LandscapeHeightfieldCollisionComponent_55 is already used by LandscapeHeightfieldCollisionComponent /Game/Levels/Space.Space:PersistentLevel.Landscape_0.LandscapeHeightfieldCollisionComponent_55, which should never happen in the editor but could happen at runtime with duplicate level loading or PIE
[2017.04.24-07.30.33:822][832]LogUObjectGlobals:Warning: Guid referenced by LandscapeHeightfieldCollisionComponent /Game/Levels/SpaceToimivaLight.Space:PersistentLevel.Landscape_0.LandscapeHeightfieldCollisionComponent_56 is already used by LandscapeHeightfieldCollisionComponent /Game/Levels/Space.Space:PersistentLevel.Landscape_0.LandscapeHeightfieldCollisionComponent_56, which should never happen in the editor but could happen at runtime with duplicate level loading or PIE
[2017.04.24-07.30.33:822][832]LogUObjectGlobals:Warning: Guid referenced by LandscapeHeightfieldCollisionComponent /Game/Levels/SpaceToimivaLight.Space:PersistentLevel.Landscape_0.LandscapeHeightfieldCollisionComponent_57 is already used by LandscapeHeightfieldCollisionComponent /Game/Levels/Space.Space:PersistentLevel.Landscape_0.LandscapeHeightfieldCollisionComponent_57, which should never happen in the editor but could happen at runtime with duplicate level loading or PIE
[2017.04.24-07.30.33:822][832]LogUObjectGlobals:Warning: Guid referenced by LandscapeHeightfieldCollisionComponent /Game/Levels/SpaceToimivaLight.Space:PersistentLevel.Landscape_0.LandscapeHeightfieldCollisionComponent_58 is already used by LandscapeHeightfieldCollisionComponent /Game/Levels/Space.Space:PersistentLevel.Landscape_0.LandscapeHeightfieldCollisionComponent_58, which should never happen in the editor but could happen at runtime with duplicate level loading or PIE
[2017.04.24-07.30.33:822][832]LogUObjectGlobals:Warning: Guid referenced by LandscapeHeightfieldCollisionComponent /Game/Levels/SpaceToimivaLight.Space:PersistentLevel.Landscape_0.LandscapeHeightfieldCollisionComponent_59 is already used by LandscapeHeightfieldCollisionComponent /Game/Levels/Space.Space:PersistentLevel.Landscape_0.LandscapeHeightfieldCollisionComponent_59, which should never happen in the editor but could happen at runtime with duplicate level loading or PIE
[2017.04.24-07.30.33:822][832]LogUObjectGlobals:Warning: Guid referenced by LandscapeHeightfieldCollisionComponent /Game/Levels/SpaceToimivaLight.Space:PersistentLevel.Landscape_0.LandscapeHeightfieldCollisionComponent_6 is already used by LandscapeHeightfieldCollisionComponent /Game/Levels/Space.Space:PersistentLevel.Landscape_0.LandscapeHeightfieldCollisionComponent_6, which should never happen in the editor but could happen at runtime with duplicate level loading or PIE
[2017.04.24-07.30.33:822][832]LogUObjectGlobals:Warning: Guid referenced by LandscapeHeightfieldCollisionComponent /Game/Levels/SpaceToimivaLight.Space:PersistentLevel.Landscape_0.LandscapeHeightfieldCollisionComponent_60 is already used by LandscapeHeightfieldCollisionComponent /Game/Levels/Space.Space:PersistentLevel.Landscape_0.LandscapeHeightfieldCollisionComponent_60, which should never happen in the editor but could happen at runtime with duplicate level loading or PIE
[2017.04.24-07.30.33:822][832]LogUObjectGlobals:Warning: Guid referenced by LandscapeHeightfieldCollisionComponent /Game/Levels/SpaceToimivaLight.Space:PersistentLevel.Landscape_0.LandscapeHeightfieldCollisionComponent_61 is already used by LandscapeHeightfieldCollisionComponent /Game/Levels/Space.Space:PersistentLevel.Landscape_0.LandscapeHeightfieldCollisionComponent_61, which should never happen in the editor but could happen at runtime with duplicate level loading or PIE
[2017.04.24-07.30.33:822][832]LogUObjectGlobals:Warning: Guid referenced by LandscapeHeightfieldCollisionComponent /Game/Levels/SpaceToimivaLight.Space:PersistentLevel.Landscape_0.LandscapeHeightfieldCollisionComponent_62 is already used by LandscapeHeightfieldCollisionComponent /Game/Levels/Space.Space:PersistentLevel.Landscape_0.LandscapeHeightfieldCollisionComponent_62, which should never happen in the editor but could happen at runtime with duplicate level loading or PIE
[2017.04.24-07.30.33:822][832]LogUObjectGlobals:Warning: Guid referenced by LandscapeHeightfieldCollisionComponent /Game/Levels/SpaceToimivaLight.Space:PersistentLevel.Landscape_0.LandscapeHeightfieldCollisionComponent_63 is already used by LandscapeHeightfieldCollisionComponent /Game/Levels/Space.Space:PersistentLevel.Landscape_0.LandscapeHeightfieldCollisionComponent_63, which should never happen in the editor but could happen at runtime with duplicate level loading or PIE
[2017.04.24-07.30.33:822][832]LogUObjectGlobals:Warning: Guid referenced by LandscapeHeightfieldCollisionComponent /Game/Levels/SpaceToimivaLight.Space:PersistentLevel.Landscape_0.LandscapeHeightfieldCollisionComponent_7 is already used by LandscapeHeightfieldCollisionComponent /Game/Levels/Space.Space:PersistentLevel.Landscape_0.LandscapeHeightfieldCollisionComponent_7, which should never happen in the editor but could happen at runtime with duplicate level loading or PIE
[2017.04.24-07.30.33:822][832]LogUObjectGlobals:Warning: Guid referenced by LandscapeHeightfieldCollisionComponent /Game/Levels/SpaceToimivaLight.Space:PersistentLevel.Landscape_0.LandscapeHeightfieldCollisionComponent_8 is already used by LandscapeHeightfieldCollisionComponent /Game/Levels/Space.Space:PersistentLevel.Landscape_0.LandscapeHeightfieldCollisionComponent_8, which should never happen in the editor but could happen at runtime with duplicate level loading or PIE
[2017.04.24-07.30.33:822][832]LogUObjectGlobals:Warning: Guid referenced by LandscapeHeightfieldCollisionComponent /Game/Levels/SpaceToimivaLight.Space:PersistentLevel.Landscape_0.LandscapeHeightfieldCollisionComponent_9 is already used by LandscapeHeightfieldCollisionComponent /Game/Levels/Space.Space:PersistentLevel.Landscape_0.LandscapeHeightfieldCollisionComponent_9, which should never happen in the editor but could happen at runtime with duplicate level loading or PIE
[2017.04.24-07.30.33:824][832]LogUObjectGlobals:Warning: Guid referenced by StaticMeshComponent /Game/Levels/SpaceToimivaLight.Space:PersistentLevel.earth_bp.StaticMeshComponent0 is already used by StaticMeshComponent /Game/Levels/Space.Space:PersistentLevel.earth_bp.StaticMeshComponent0, which should never happen in the editor but could happen at runtime with duplicate level loading or PIE
[2017.04.24-07.30.33:830][832]LogAIModule: Creating AISystem for world SpaceToimivaLight
[2017.04.24-07.30.33:834][832]LogUObjectGlobals:Warning: Failed to find object 'Object /Game/Levels/SpaceToimivaLight.Space'
[2017.04.24-07.30.38:106][342]Cmd: MAP LOAD FILE="../../../../../../Users/teemu.turku/Desktop/Arsi 24.4/ArsiSim/Content/Levels/Space.umap" TEMPLATE=0 SHOWPROGRESS=1 FEATURELEVEL=3
[2017.04.24-07.30.38:106][342]LightingResults: New page: Lighting Build
[2017.04.24-07.30.38:107][342]LoadErrors: New page: Loading map: Space.umap
[2017.04.24-07.30.38:108][342]MapCheck: New page: Map Check
[2017.04.24-07.30.38:108][342]LightingResults: New page: Lighting Build
[2017.04.24-07.30.38:150][342]LogLinker:Warning: Can't find file '/Game/Blueprints/HUD'
[2017.04.24-07.30.38:150][342]LogLinker:Warning: Can't find file for asset '/Game/Blueprints/HUD' while loading ../../../../../../Users/teemu.turku/Desktop/Arsi 24.4/ArsiSim/Content/Levels/Space.umap.
[2017.04.24-07.30.38:150][342]LoadErrors:Error: Error /Game/Levels/Space : Can't find file for asset. /Game/Blueprints/HUD
[2017.04.24-07.30.38:151][342]LogLinker:Warning: Can't find file '/Game/Blueprints/HUD'
[2017.04.24-07.30.38:151][342]LogLinker:Warning: Can't find file for asset '/Game/Blueprints/HUD' while loading ../../../../../../Users/teemu.turku/Desktop/Arsi 24.4/ArsiSim/Content/Levels/Space.umap.
[2017.04.24-07.30.38:151][342]LogLinker:Warning: Can't find file '/Game/Blueprints/HUD'
[2017.04.24-07.30.38:151][342]LogLinker:Warning: Can't find file for asset '/Game/Blueprints/HUD' while loading NULL.
[2017.04.24-07.30.38:151][342]LogLinker:Warning: Can't find file '/Game/Blueprints/HUD'
[2017.04.24-07.30.38:151][342]LogLinker:Warning: Can't find file for asset '/Game/Blueprints/HUD' while loading NULL.
[2017.04.24-07.30.38:151][342]LogLinker:Warning: Can't find file '/Game/Blueprints/HUD'
[2017.04.24-07.30.38:151][342]LogLinker:Warning: Can't find file for asset '/Game/Blueprints/HUD' while loading NULL.
[2017.04.24-07.30.38:152][342]LogLinker:Warning: Can't find file '/Game/Blueprints/HUD'
[2017.04.24-07.30.38:152][342]LoadErrors: Info Failed to load /Game/Blueprints/HUD.HUD_C Referenced by K2Node_CreateWidget_0
[2017.04.24-07.30.38:152][342]LogLinker:Warning: Can't find file for asset '/Game/Blueprints/HUD' while loading NULL.
[2017.04.24-07.30.38:152][342]LogLinker:Warning: Can't find file '/Game/Blueprints/HUD'
[2017.04.24-07.30.38:152][342]LogLinker:Warning: Can't find file for asset '/Game/Blueprints/HUD' while loading NULL.
[2017.04.24-07.30.38:153][342]LogBlueprint:Error: [Compiler PersistentLevel.Space] Error Spawn node  Create Widget  must have a class specified.
[2017.04.24-07.30.38:154][342]LogBlueprint:Warning: [Compiler PersistentLevel.Space] Warning [0033.13] Compile of PersistentLevel.Space failed. 1 Fatal Issue(s) 0 Warning(s) [in 1 ms] (/Game/Levels/Space.Space:PersistentLevel.Space)
[2017.04.24-07.30.38:154][342]LogBlueprint:Warning: [Compiler PersistentLevel.Space] Warning [0033.13] Compile of PersistentLevel.Space failed. 1 Fatal Issue(s) 1 Warning(s) [in 0 ms] (/Game/Levels/Space.Space:PersistentLevel.Space)
[2017.04.24-07.30.38:154][342]LogBlueprint:Warning: [Compiler PersistentLevel.Space] Warning [0033.13] Compile of PersistentLevel.Space failed. 1 Fatal Issue(s) 2 Warning(s) [in 0 ms] (/Game/Levels/Space.Space:PersistentLevel.Space)
[2017.04.24-07.30.38:194][342]LogAIModule: Creating AISystem for world Space
[2017.04.24-07.30.38:210][342]LogEditorServer: Finished looking for orphan Actors (0.000 secs)
[2017.04.24-07.30.38:256][342]Cmd: MAP CHECKDEP NOCLEARLOG
[2017.04.24-07.30.38:286][342]MapCheck: Info Map check complete: 0 Error(s), 0 Warning(s), took 29.409ms to complete.
[2017.04.24-07.30.38:287][342]LogFileHelpers: Loading map 'Space' took 0.182
[2017.04.24-07.30.58:522][122]LogAssetTools:Warning: Failed to import 'C:\Users\teemu.turku\Desktop\Arsi 24.4\ArsiSim\Content\Levels\SpaceToimivaLight.umap'. Unknown extension 'umap'.
[2017.04.24-07.31.10:905][303]LogAIModule: Creating AISystem for world Kenttä3
[2017.04.24-07.31.10:932][303]Cmd: MAP LOAD FILE="../../../../../../Users/teemu.turku/Desktop/Arsi 24.4/ArsiSim/Content/Levels/Kenttä3.umap" TEMPLATE=0 SHOWPROGRESS=1 FEATURELEVEL=3
[2017.04.24-07.31.10:932][303]LightingResults: New page: Lighting Build
[2017.04.24-07.31.10:934][303]LoadErrors: New page: Loading map: Kenttä3.umap
[2017.04.24-07.31.10:934][303]MapCheck: New page: Map Check
[2017.04.24-07.31.10:934][303]LightingResults: New page: Lighting Build
[2017.04.24-07.31.10:963][303]LogEditorServer: Finished looking for orphan Actors (0.000 secs)
[2017.04.24-07.31.11:000][303]Cmd: MAP CHECKDEP NOCLEARLOG
[2017.04.24-07.31.11:033][303]MapCheck: Info Map check complete: 0 Error(s), 0 Warning(s), took 33.219ms to complete.
[2017.04.24-07.31.11:033][303]LogFileHelpers: Loading map 'Kenttä3' took 0.101
[2017.04.24-07.31.12:420][440]LogLinker:Warning: Can't find file '/Game/Blueprints/HUD'
[2017.04.24-07.31.12:420][440]LogLinker:Warning: Can't find file for asset '/Game/Blueprints/HUD' while loading ../../../../../../Users/teemu.turku/Desktop/Arsi 24.4/ArsiSim/Content/Levels/SpaceToimivaLight.umap.
[2017.04.24-07.31.12:420][440]LoadErrors:Error: Error /Game/Levels/SpaceToimivaLight : Can't find file for asset. /Game/Blueprints/HUD
[2017.04.24-07.31.12:421][440]LogLinker:Warning: Can't find file '/Game/Blueprints/HUD'
[2017.04.24-07.31.12:421][440]LogLinker:Warning: Can't find file for asset '/Game/Blueprints/HUD' while loading ../../../../../../Users/teemu.turku/Desktop/Arsi 24.4/ArsiSim/Content/Levels/SpaceToimivaLight.umap.
[2017.04.24-07.31.12:421][440]LogLinker:Warning: Can't find file '/Game/Blueprints/HUD'
[2017.04.24-07.31.12:421][440]LogLinker:Warning: Can't find file for asset '/Game/Blueprints/HUD' while loading NULL.
[2017.04.24-07.31.12:421][440]LogLinker:Warning: Can't find file '/Game/Blueprints/HUD'
[2017.04.24-07.31.12:421][440]LogLinker:Warning: Can't find file for asset '/Game/Blueprints/HUD' while loading NULL.
[2017.04.24-07.31.12:421][440]LogLinker:Warning: Can't find file '/Game/Blueprints/HUD'
[2017.04.24-07.31.12:421][440]LogLinker:Warning: Can't find file for asset '/Game/Blueprints/HUD' while loading NULL.
[2017.04.24-07.31.12:422][440]LogLinker:Warning: Can't find file '/Game/Blueprints/HUD'
[2017.04.24-07.31.12:422][440]LoadErrors: Info Failed to load /Game/Blueprints/HUD.HUD_C Referenced by K2Node_CreateWidget_0
[2017.04.24-07.31.12:422][440]LogLinker:Warning: Can't find file for asset '/Game/Blueprints/HUD' while loading NULL.
[2017.04.24-07.31.12:422][440]LogLinker:Warning: Can't find file '/Game/Blueprints/HUD'
[2017.04.24-07.31.12:422][440]LogLinker:Warning: Can't find file for asset '/Game/Blueprints/HUD' while loading NULL.
[2017.04.24-07.31.12:423][440]LogBlueprint:Error: [Compiler PersistentLevel.Space] Error Spawn node  Create Widget  must have a class specified.
[2017.04.24-07.31.12:424][440]LogBlueprint:Warning: [Compiler PersistentLevel.Space] Warning [0067.40] Compile of PersistentLevel.Space failed. 1 Fatal Issue(s) 0 Warning(s) [in 1 ms] (/Game/Levels/SpaceToimivaLight.Space:PersistentLevel.Space)
[2017.04.24-07.31.12:424][440]LogBlueprint:Warning: [Compiler PersistentLevel.Space] Warning [0067.40] Compile of PersistentLevel.Space failed. 1 Fatal Issue(s) 1 Warning(s) [in 0 ms] (/Game/Levels/SpaceToimivaLight.Space:PersistentLevel.Space)
[2017.04.24-07.31.12:424][440]LogBlueprint:Warning: [Compiler PersistentLevel.Space] Warning [0067.40] Compile of PersistentLevel.Space failed. 1 Fatal Issue(s) 2 Warning(s) [in 0 ms] (/Game/Levels/SpaceToimivaLight.Space:PersistentLevel.Space)
[2017.04.24-07.31.12:472][440]LogWindows: Windows GetLastError: The operation completed successfully. (0)
