Log file open, 03/31/17 08:59:05
LogInit:Display: Running engine for game: ArsiSim
LogPlatformFile: Not using cached read wrapper
LogInit:Display: RandInit(-1632183664) SRandInit(-1632183664).
LogTaskGraph: Started task graph with 5 named threads and 8 total threads with 1 sets of task threads.
LogStats: Stats thread started at 0.893640
LogInit: Using libcurl 7.47.1
LogInit:  - built for x86_64-pc-win32
LogInit:  - supports SSL with OpenSSL/1.0.2g
LogInit:  - supports HTTP deflate (compression) using libz 1.2.8
LogInit:  - other features:
LogInit:      CURL_VERSION_SSL
LogInit:      CURL_VERSION_LIBZ
LogInit:      CURL_VERSION_IPV6
LogInit:      CURL_VERSION_ASYNCHDNS
LogInit:      CURL_VERSION_LARGEFILE
LogInit:      CURL_VERSION_IDN
LogInit:  CurlRequestOptions (configurable via config and command line):
LogInit:  - bVerifyPeer = false  - Libcurl will NOT verify peer certificate
LogInit:  - bUseHttpProxy = false  - Libcurl will NOT use HTTP proxy
LogInit:  - bDontReuseConnections = false  - Libcurl will reuse connections
LogInit:  - CertBundlePath = nullptr  - Libcurl will use whatever was configured at build time.
LogInit: Build: ++UE4+Release-4.15-CL-3348071
LogInit: Engine Version: 4.15.1-3348071+++UE4+Release-4.15
LogInit: Compatible Engine Version: 4.15.0-3299760+++UE4+Release-4.15
LogInit: Net CL: 3299760
LogDevObjectVersion: Number of dev versions registered: 14
LogDevObjectVersion:   Dev-Blueprints (B0D832E4-1F89-4F0D-ACCF-7EB736FD4AA2): 8
LogDevObjectVersion:   Dev-Build (E1C64328-A22C-4D53-A36C-8E866417BD8C): 0
LogDevObjectVersion:   Dev-Core (375EC13C-06E4-48FB-B500-84F0262A717E): 2
LogDevObjectVersion:   Dev-Editor (E4B068ED-F494-42E9-A231-DA0B2E46BB41): 14
LogDevObjectVersion:   Dev-Framework (CFFC743F-43B0-4480-9391-14DF171D2073): 22
LogDevObjectVersion:   Dev-Mobile (B02B49B5-BB20-44E9-A304-32B752E40360): 0
LogDevObjectVersion:   Dev-Networking (A4E4105C-59A1-49B5-A7C5-40C4547EDFEE): 0
LogDevObjectVersion:   Dev-Online (39C831C9-5AE6-47DC-9A44-9C173E1C8E7C): 0
LogDevObjectVersion:   Dev-Physics (78F01B33-EBEA-4F98-B9B4-84EACCB95AA2): 0
LogDevObjectVersion:   Dev-Platform (6631380F-2D4D-43E0-8009-CF276956A95A): 0
LogDevObjectVersion:   Dev-Rendering (12F88B9F-8875-4AFC-A67C-D90C383ABD29): 12
LogDevObjectVersion:   Dev-Sequencer (7B5AE74C-D270-4C10-A958-57980B212A5A): 3
LogDevObjectVersion:   Dev-VR (D7296918-1DD6-4BDD-9DE2-64A83CC13884): 0
LogDevObjectVersion:   Dev-LoadTimes (C2A15278-BFE7-4AFE-6C17-90FF531DF755): 1
LogInit: Compiled (64-bit): Mar 15 2017 16:52:47
LogInit: Compiled with Visual C++: 19.00.23026.00
LogInit: Build Configuration: Development
LogInit: Branch Name: ++UE4+Release-4.15
LogInit: Command line:  
LogInit: Base directory: C:/Program Files/Epic Games/UE_4.15/Engine/Binaries/Win64/
LogInit: Installed Engine Build: 1
LogInit: Presizing for max 8388607 objects, including 0 objects not considered by GC, pre-allocating 0 bytes for permanent pool.
LogInit: Object subsystem initialized
[2017.03.31-05.59.06:928][  0]LogInit: Selected Device Profile: [Windows]
[2017.03.31-05.59.06:928][  0]LogInit: Applying CVar settings loaded from the selected device profile: [Windows]
[2017.03.31-05.59.06:959][  0]LogInit: Computer: DESKTOP-I98T9VH
[2017.03.31-05.59.06:959][  0]LogInit: User: eeros
[2017.03.31-05.59.06:959][  0]LogInit: CPU Page size=65536, Cores=4
[2017.03.31-05.59.06:959][  0]LogInit: High frequency timer resolution =2.531253 MHz
[2017.03.31-05.59.06:959][  0]LogMemory: Memory total: Physical=7.9GB (8GB approx)
[2017.03.31-05.59.06:959][  0]LogMemory: Platform Memory Stats for Windows
[2017.03.31-05.59.06:959][  0]LogMemory: Process Physical Memory: 264.05 MB used, 264.05 MB peak
[2017.03.31-05.59.06:959][  0]LogMemory: Process Virtual Memory: 262.50 MB used, 262.50 MB peak
[2017.03.31-05.59.06:959][  0]LogMemory: Physical Memory: 3951.06 MB used,  4176.74 MB free, 8127.80 MB total
[2017.03.31-05.59.06:959][  0]LogMemory: Virtual Memory: 645.14 MB used,  4176.74 MB free, 134217728.00 MB total
[2017.03.31-05.59.07:381][  0]LogTextLocalizationManager: No specific translations for ('en-US') exist, so ('en') translations will be used.
[2017.03.31-05.59.09:959][  0]LogD3D11RHI: D3D11 adapters:
[2017.03.31-05.59.10:554][  0]LogD3D11RHI:    0. 'NVIDIA GeForce GTX 1060' (Feature Level 11_0)
[2017.03.31-05.59.10:554][  0]LogD3D11RHI:       6084/0/4063 MB DedicatedVideo/DedicatedSystem/SharedSystem, Outputs:1, VendorId:0x10de
[2017.03.31-05.59.10:555][  0]LogD3D11RHI:    1. 'Microsoft Basic Render Driver' (Feature Level 11_0)
[2017.03.31-05.59.10:555][  0]LogD3D11RHI:       0/0/4063 MB DedicatedVideo/DedicatedSystem/SharedSystem, Outputs:0, VendorId:0x1414
[2017.03.31-05.59.10:555][  0]LogD3D11RHI: Chosen D3D11 Adapter: 0
[2017.03.31-05.59.10:563][  0]LogD3D11RHI: Creating new Direct3DDevice
[2017.03.31-05.59.10:563][  0]LogD3D11RHI:     GPU DeviceId: 0x1c60 (for the marketing name, search the web for "GPU Device Id")
[2017.03.31-05.59.10:563][  0]LogWindows: EnumDisplayDevices:
[2017.03.31-05.59.10:563][  0]LogWindows:    0. 'NVIDIA GeForce GTX 1060' (P:1 D:1)
[2017.03.31-05.59.10:563][  0]LogWindows:    1. 'NVIDIA GeForce GTX 1060' (P:0 D:0)
[2017.03.31-05.59.10:563][  0]LogWindows:    2. 'NVIDIA GeForce GTX 1060' (P:0 D:0)
[2017.03.31-05.59.10:563][  0]LogWindows:    3. 'NVIDIA GeForce GTX 1060' (P:0 D:0)
[2017.03.31-05.59.10:563][  0]LogWindows: DebugString: FoundDriverCount:4 
[2017.03.31-05.59.10:563][  0]LogD3D11RHI:     Adapter Name: NVIDIA GeForce GTX 1060
[2017.03.31-05.59.10:563][  0]LogD3D11RHI:   Driver Version: 378.49 (internal:21.21.13.7849, unified:378.49)
[2017.03.31-05.59.10:563][  0]LogD3D11RHI:      Driver Date: 1-20-2017
[2017.03.31-05.59.10:564][  0]LogRHI: Texture pool is 1361 MB (70% of 1945 MB)
[2017.03.31-05.59.11:141][  0]LogD3D11RHI: Async texture creation enabled
[2017.03.31-05.59.11:195][  0]LogD3D11RHI: GPU Timing Frequency: 1000.000000 (Debug: 2 1)
[2017.03.31-05.59.11:250][  0]LogShaderCompilers: Guid format shader working directory is 1 characters bigger than the processId version (../../../../../../Users/eeros/Desktop/ArsiSim/Intermediate/Shaders/WorkingDirectory/7616/).
[2017.03.31-05.59.11:250][  0]LogShaderCompilers: Cleaned the shader compiler working directory 'C:/Users/eeros/AppData/Local/Temp/UnrealShaderWorkingDir/83338FBC4353FC6D12E3FE8A8DEB626F/'.
[2017.03.31-05.59.11:251][  0]LogShaderCompilers:Display: Using Local Shader Compiler.
[2017.03.31-05.59.13:693][  0]LogTemp:Display: Loaded TP AllDesktopTargetPlatform
[2017.03.31-05.59.13:742][  0]LogTemp:Display: Loaded TP MacClientTargetPlatform
[2017.03.31-05.59.13:790][  0]LogTemp:Display: Loaded TP MacNoEditorTargetPlatform
[2017.03.31-05.59.13:838][  0]LogTemp:Display: Loaded TP MacServerTargetPlatform
[2017.03.31-05.59.13:893][  0]LogTemp:Display: Loaded TP MacTargetPlatform
[2017.03.31-05.59.13:943][  0]LogTemp:Display: Loaded TP WindowsClientTargetPlatform
[2017.03.31-05.59.13:994][  0]LogTemp:Display: Loaded TP WindowsNoEditorTargetPlatform
[2017.03.31-05.59.14:044][  0]LogTemp:Display: Loaded TP WindowsServerTargetPlatform
[2017.03.31-05.59.14:088][  0]LogTemp:Display: Loaded TP WindowsTargetPlatform
[2017.03.31-05.59.14:145][  0]LogTemp:Display: Loaded TP AndroidTargetPlatform
[2017.03.31-05.59.14:203][  0]LogTemp:Display: Loaded TP Android_ASTCTargetPlatform
[2017.03.31-05.59.14:253][  0]LogTemp:Display: Loaded TP Android_ATCTargetPlatform
[2017.03.31-05.59.14:304][  0]LogTemp:Display: Loaded TP Android_DXTTargetPlatform
[2017.03.31-05.59.14:353][  0]LogTemp:Display: Loaded TP Android_ETC1TargetPlatform
[2017.03.31-05.59.14:401][  0]LogTemp:Display: Loaded TP Android_ETC2TargetPlatform
[2017.03.31-05.59.14:504][  0]LogTemp:Display: Loaded TP Android_MultiTargetPlatform
[2017.03.31-05.59.14:504][  0]LogTemp:Display: Loaded TP Android_PVRTCTargetPlatform
[2017.03.31-05.59.14:537][  0]LogTemp:Display: Loaded TP HTML5TargetPlatform
[2017.03.31-05.59.14:660][  0]LogTemp:Display: Loaded TP IOSTargetPlatform
[2017.03.31-05.59.14:694][  0]LogTemp:Display: Loaded TP TVOSTargetPlatform
[2017.03.31-05.59.14:749][  0]LogTemp:Display: Loaded TP LinuxClientTargetPlatform
[2017.03.31-05.59.14:802][  0]LogTemp:Display: Loaded TP LinuxNoEditorTargetPlatform
[2017.03.31-05.59.14:874][  0]LogTemp:Display: Loaded TP LinuxServerTargetPlatform
[2017.03.31-05.59.14:943][  0]LogTemp:Display: Loaded TP LinuxTargetPlatform
[2017.03.31-05.59.14:943][  0]LogTargetPlatformManager:Display: Building Assets For Windows
[2017.03.31-05.59.15:729][  0]LogDerivedDataCache:Display: Max Cache Size: 512 MB
[2017.03.31-05.59.16:018][  0]LogDerivedDataCache: Loaded boot cache 0.29s 50MB C:/Users/eeros/AppData/Local/UnrealEngine/4.15/DerivedDataCache/Boot.ddc.
[2017.03.31-05.59.16:018][  0]LogDerivedDataCache:Display: Loaded Boot cache: C:/Users/eeros/AppData/Local/UnrealEngine/4.15/DerivedDataCache/Boot.ddc
[2017.03.31-05.59.16:019][  0]LogDerivedDataCache: FDerivedDataBackendGraph:  Pak pak cache file ../../../../../../Users/eeros/Desktop/ArsiSim/DerivedDataCache/DDC.ddp not found, will not use a pak cache.
[2017.03.31-05.59.16:019][  0]LogDerivedDataCache: Unable to find inner node Pak for hierarchical cache Hierarchy.
[2017.03.31-05.59.16:019][  0]LogDerivedDataCache: FDerivedDataBackendGraph:  CompressedPak pak cache file ../../../../../../Users/eeros/Desktop/ArsiSim/DerivedDataCache/Compressed.ddp not found, will not use a pak cache.
[2017.03.31-05.59.16:019][  0]LogDerivedDataCache: Unable to find inner node CompressedPak for hierarchical cache Hierarchy.
[2017.03.31-05.59.16:049][  0]LogDerivedDataCache:Display: Pak cache opened for reading ../../../Engine/DerivedDataCache/Compressed.ddp.
[2017.03.31-05.59.16:063][  0]LogDerivedDataCache: Using Local data cache path C:/Users/eeros/AppData/Local/UnrealEngine/Common/DerivedDataCache: Writable
[2017.03.31-05.59.16:106][  0]LogSlate: Using Freetype 2.6.0
[2017.03.31-05.59.16:127][  0]LogSlate: SlateFontCache - WITH_FREETYPE: 1, WITH_HARFBUZZ: 1
[2017.03.31-05.59.16:127][  0]LogSlate: SlateFontCache - WITH_FREETYPE: 1, WITH_HARFBUZZ: 1
[2017.03.31-05.59.19:744][  0]LogInit: Selected Device Profile: [Windows]
[2017.03.31-05.59.19:757][  0]LogContentStreaming: Texture pool size is 0.00 MB
[2017.03.31-05.59.20:082][  0]LogMeshUtilities: Using QuadricMeshReduction for automatic static mesh reduction
[2017.03.31-05.59.20:133][  0]LogSimplygon: Simplygon DLL not present - disabling.
[2017.03.31-05.59.20:188][  0]LogMeshUtilities: Using SimplygonSwarm for distributed automatic mesh merging
[2017.03.31-05.59.20:188][  0]LogMeshUtilities: No automatic skeletal mesh reduction module available
[2017.03.31-05.59.20:188][  0]LogMeshUtilities: No automatic mesh merging module available
[2017.03.31-05.59.21:741][  0]LogNetVersion: GetLocalNetworkVersion: CL: 3299760, ProjectName: arsisim, ProjectVersion: , EngineNetworkVersion: 2, GameNetworkVersion: 0, NetworkChecksum: 275346067
[2017.03.31-05.59.21:803][  0]LogAssetRegistry: FAssetRegistry took 0.0264 seconds to start up
[2017.03.31-05.59.21:870][  0]LogPackageLocalizationCache: Processed 3 localized package path(s) for 2 prioritized culture(s) in 0.042325 seconds
[2017.03.31-05.59.21:876][  0]LogUObjectArray: 32493 objects as part of root set at end of initial load.
[2017.03.31-05.59.21:876][  0]LogUObjectAllocator: 7077024 out of 0 bytes used by permanent object pool.
[2017.03.31-05.59.21:876][  0]LogUObjectArray: CloseDisregardForGC: 0/0 objects in disregard for GC pool
[2017.03.31-05.59.21:939][  0]LogInit: WinSock: version 1.1 (2.2), MaxSocks=32767, MaxUdp=65467
[2017.03.31-05.59.25:835][  0]LogTcpMessaging: Initializing TcpMessaging bridge
[2017.03.31-05.59.25:876][  0]LogUdpMessaging: Initializing bridge on interface 0.0.0.0:0 to multicast group 230.0.0.1:6666.
[2017.03.31-05.59.26:483][  0]LogMaterial: Uniform references updated for custom material expression Custom.
[2017.03.31-05.59.26:972][  0]SourceControl: Info Source control is disabled
[2017.03.31-05.59.26:973][  0]SourceControl: Info Source control is disabled
[2017.03.31-05.59.27:022][  0]SourceControl: Info Source control is disabled
[2017.03.31-05.59.27:066][  0]SourceControl: Info Source control is disabled
[2017.03.31-05.59.28:405][  0]LogEngine: Initializing Engine...
[2017.03.31-05.59.28:407][  0]LogHMD: Failed to initialize OpenVR with code 110
[2017.03.31-05.59.28:792][  0]LogAIModule: Creating AISystem for world Untitled
[2017.03.31-05.59.28:807][  0]LogInit: XAudio2 using 'Speakers (Realtek High Definition Audio)' : 2 channels at 48 kHz using 32 bits per sample (channel mask 0x3)
[2017.03.31-05.59.28:869][  0]LogInit: FAudioDevice initialized.
[2017.03.31-05.59.28:902][  0]LogDerivedDataCache: Saved boot cache 0.03s 52MB C:/Users/eeros/AppData/Local/UnrealEngine/4.15/DerivedDataCache/Boot.ddc.
[2017.03.31-05.59.28:915][  0]LogInit: Texture streaming: Enabled
[2017.03.31-05.59.29:015][  0]LogEngineSessionManager: EngineSessionManager initialized
[2017.03.31-05.59.29:118][  0]LogWindowsTextInputMethodSystem:Display: IME system now deactivated.
[2017.03.31-05.59.29:182][  0]LogInit: Transaction tracking system initialized
[2017.03.31-05.59.29:590][  0]BlueprintLog: New page: Editor Load
[2017.03.31-05.59.30:637][  0]LocalizationService: Info Localization service is disabled
[2017.03.31-05.59.31:401][  0]LogConsoleResponse:Display: 
[2017.03.31-05.59.31:770][  0]LogCook:Display: Max memory allowance for cook 16384mb min free memory 0mb
[2017.03.31-05.59.31:770][  0]LogCook:Display: Mobile HDR setting 1
[2017.03.31-05.59.32:487][  0]LogFileCache: Scanning file cache for directory 'C:/Users/eeros/Desktop/ArsiSim/Content/' took 0.02s
[2017.03.31-05.59.33:075][  0]SourceControl: Info Source control is disabled
[2017.03.31-05.59.33:078][  0]Cmd: MAP LOAD FILE="../../../../../../Users/eeros/Desktop/ArsiSim/Content/Blueprints/Stadion.umap" TEMPLATE=0 SHOWPROGRESS=1 FEATURELEVEL=3
[2017.03.31-05.59.33:085][  0]LightingResults: New page: Lighting Build
[2017.03.31-05.59.33:147][  0]MapCheck: New page: Map Check
[2017.03.31-05.59.33:147][  0]LightingResults: New page: Lighting Build
[2017.03.31-05.59.34:291][  0]LogAIModule: Creating AISystem for world Stadion
[2017.03.31-05.59.34:347][  0]LogEditorServer: Finished looking for orphan Actors (0.000 secs)
[2017.03.31-05.59.34:350][  0]Cmd: MAP CHECKDEP NOCLEARLOG
[2017.03.31-05.59.34:390][  0]MapCheck: Info Map check complete: 0 Error(s), 0 Warning(s), took 40.247ms to complete.
[2017.03.31-05.59.34:390][  0]LogFileHelpers: Loading map 'Stadion' took 1.313
[2017.03.31-05.59.34:677][  0]LogCollectionManager: Loaded 0 collections in 0.002033 seconds
[2017.03.31-05.59.34:778][  0]LogFileCache: Scanning file cache for directory 'C:/Users/eeros/Desktop/ArsiSim/Saved/Collections/' took 0.01s
[2017.03.31-05.59.34:778][  0]LogFileCache: Scanning file cache for directory 'C:/Users/eeros/Desktop/ArsiSim/Content/Developers/eeros/Collections/' took 0.01s
[2017.03.31-05.59.34:778][  0]LogFileCache: Scanning file cache for directory 'C:/Users/eeros/Desktop/ArsiSim/Content/Collections/' took 0.01s
[2017.03.31-05.59.34:778][  0]LogCollectionManager: Rebuilt the GUID cache for 0 collections in 0.000006 seconds
[2017.03.31-05.59.34:790][  0]LogContentBrowser: Native class hierarchy populated in 0.0094 seconds. Added 2245 classes and 453 folders.
[2017.03.31-05.59.34:797][  0]LogStats: UGameplayTagsManager::ConstructGameplayTagTree: Construct from data asset -  0.000 s
[2017.03.31-05.59.34:797][  0]LogStats: UGameplayTagsManager::ConstructGameplayTagTree: GameplayTagTreeChangedEvent.Broadcast -  0.000 s
[2017.03.31-05.59.34:859][  0]LogContentBrowser: Native class hierarchy updated for 'WidgetCarousel' in 0.0005 seconds. Added 0 classes and 0 folders.
[2017.03.31-05.59.35:261][  0]LogContentBrowser: Native class hierarchy updated for 'AddContentDialog' in 0.0005 seconds. Added 0 classes and 0 folders.
[2017.03.31-05.59.35:315][  0]LogContentBrowser: Native class hierarchy updated for 'SceneOutliner' in 0.0005 seconds. Added 1 classes and 2 folders.
[2017.03.31-05.59.35:423][  0]LogCrashTracker: Crashtracker disabled due to settings.
[2017.03.31-05.59.35:439][  0]LogUObjectGlobals:Warning: Failed to find object 'Class None.'
[2017.03.31-05.59.35:518][  0]LogContentBrowser: Native class hierarchy updated for 'HierarchicalLODOutliner' in 0.0005 seconds. Added 1 classes and 2 folders.
[2017.03.31-05.59.35:519][  0]LogLoad: (Engine Initialization) Total time: 33.08 seconds
[2017.03.31-05.59.35:519][  0]LogLoad: (Engine Initialization) Total Blueprint compile time: 0.16 seconds
[2017.03.31-05.59.35:519][  0]LogExternalProfiler: Found external profiler: VSPerf
[2017.03.31-05.59.35:519][  0]LogExternalProfiler: Using external profiler: VSPerf
[2017.03.31-05.59.35:537][  0]LogOcInput: OculusInput pre-init called
[2017.03.31-05.59.35:562][  0]LogContentStreaming: Texture pool size now 1000 MB
[2017.03.31-05.59.35:575][  0]LogSlate: Took 0.007016 seconds to synchronously load lazily loaded font '../../../Engine/Content/Slate/Fonts/Roboto-Regular.ttf' (155K)
[2017.03.31-05.59.35:584][  0]LogSlate: Took 0.005686 seconds to synchronously load lazily loaded font '../../../Engine/Content/Slate/Fonts/Roboto-Bold.ttf' (160K)
[2017.03.31-05.59.35:598][  0]LogSlate: Took 0.005752 seconds to synchronously load lazily loaded font '../../../Engine/Content/Editor/Slate/Fonts/FontAwesome.ttf' (139K)
[2017.03.31-05.59.35:789][  0]LogSlate: Took 0.006034 seconds to synchronously load lazily loaded font '../../../Engine/Content/Slate/Fonts/Roboto-Light.ttf' (159K)
[2017.03.31-05.59.35:846][  0]LogRenderer: Reallocating scene render targets to support 1208x576 NumSamples 1 (Frame:2).
[2017.03.31-05.59.35:949][  1]LogAssetRegistry: Asset discovery search completed in 14.1689 seconds
[2017.03.31-05.59.35:949][  1]LogCollectionManager: Rebuilt the object cache for 0 collections in 0.000006 seconds (found 0 objects)
[2017.03.31-05.59.35:949][  1]LogCollectionManager: Fixed up redirectors for 0 collections in 0.000329 seconds (updated 0 objects)
[2017.03.31-05.59.41:957][228]LogTemp: Repeting last play command: New Editor Window (PIE)
[2017.03.31-05.59.41:970][228]LogBlueprintUserMessages: Early PlayInEditor Detection: Level '/Game/Blueprints/Stadion.Stadion:PersistentLevel' has LevelScriptBlueprint '/Game/Blueprints/Stadion.Stadion:PersistentLevel.Stadion' with GeneratedClass '/Game/Blueprints/Stadion.Stadion_C' with ClassGeneratedBy '/Game/Blueprints/Stadion.Stadion:PersistentLevel.Stadion'
[2017.03.31-05.59.41:970][228]LogPlayLevel: PlayLevel: No blueprints needed recompiling
[2017.03.31-05.59.41:971][228]PIE: New page: PIE session: Stadion (Mar 31, 2017, 11:59:41 AM)
[2017.03.31-05.59.41:972][228]LogPlayLevel: Creating play world package: /Game/Blueprints/UEDPIE_0_Stadion
[2017.03.31-05.59.42:008][228]LogPlayLevel: PIE: StaticDuplicateObject took: (0.036273s)
[2017.03.31-05.59.42:009][228]LogAIModule: Creating AISystem for world Stadion
[2017.03.31-05.59.42:009][228]LogPlayLevel: PIE: World Init took: (0.000911s)
[2017.03.31-05.59.42:009][228]LogPlayLevel: PIE: Created PIE world by copying editor world from /Game/Blueprints/Stadion.Stadion to /Game/Blueprints/UEDPIE_0_Stadion.Stadion (0.037820s)
[2017.03.31-05.59.42:024][228]LogInit: XAudio2 using 'Speakers (Realtek High Definition Audio)' : 2 channels at 48 kHz using 32 bits per sample (channel mask 0x3)
[2017.03.31-05.59.42:033][228]LogInit: FAudioDevice initialized.
[2017.03.31-05.59.42:213][228]LogLoad: Game class is 'Kuulamode_C'
[2017.03.31-05.59.42:220][228]LogWorld: Bringing World /Game/Blueprints/UEDPIE_0_Stadion.Stadion up for play (max tick rate 60) at 2017.03.31-08.59.42
[2017.03.31-05.59.42:222][228]LogWorld: Bringing up level for play took: 0.004743
[2017.03.31-05.59.42:269][228]LogContentBrowser: Native class hierarchy updated for 'MovieSceneCapture' in 0.0007 seconds. Added 11 classes and 0 folders.
[2017.03.31-05.59.42:277][228]PIE: Info Play in editor start time for /Game/Blueprints/UEDPIE_0_Stadion -0.635
[2017.03.31-05.59.42:279][228]LogBlueprintUserMessages: Late PlayInEditor Detection: Level '/Game/Blueprints/Stadion.Stadion:PersistentLevel' has LevelScriptBlueprint '/Game/Blueprints/Stadion.Stadion:PersistentLevel.Stadion' with GeneratedClass '/Game/Blueprints/Stadion.Stadion_C' with ClassGeneratedBy '/Game/Blueprints/Stadion.Stadion:PersistentLevel.Stadion'
[2017.03.31-05.59.42:335][228]LogRenderer: Reallocating scene render targets to support 1292x756 NumSamples 1 (Frame:232).
[2017.03.31-05.59.42:373][229]LogCharacterMovement:Warning: GetSimulationTimeStep() - Max iterations 8 hit while remaining time 0.055536 > MaxSimulationTimeStep (0.050) for 'PlayerChar_C_0', movement 'Walking'
[2017.03.31-05.59.44:481][354]LogBlueprintUserMessages: [PlayerChar_C_0] 10010.0
[2017.03.31-05.59.44:579][360]LogBlueprintUserMessages: [PlayerChar_C_0] 20010.0
[2017.03.31-05.59.44:679][366]LogBlueprintUserMessages: [PlayerChar_C_0] 30010.0
[2017.03.31-05.59.44:779][372]LogBlueprintUserMessages: [PlayerChar_C_0] 40010.0
[2017.03.31-05.59.44:879][378]LogBlueprintUserMessages: [PlayerChar_C_0] 50010.0
[2017.03.31-05.59.44:979][384]LogBlueprintUserMessages: [PlayerChar_C_0] 60010.0
[2017.03.31-05.59.45:079][390]LogBlueprintUserMessages: [PlayerChar_C_0] 70010.0
[2017.03.31-05.59.45:179][396]LogBlueprintUserMessages: [PlayerChar_C_0] 80010.0
[2017.03.31-05.59.45:279][402]LogBlueprintUserMessages: [PlayerChar_C_0] 90010.0
[2017.03.31-05.59.45:379][408]LogBlueprintUserMessages: [PlayerChar_C_0] 100010.0
[2017.03.31-05.59.45:479][414]LogBlueprintUserMessages: [PlayerChar_C_0] 110010.0
[2017.03.31-05.59.45:579][420]LogBlueprintUserMessages: [PlayerChar_C_0] 120010.0
[2017.03.31-05.59.45:679][426]LogBlueprintUserMessages: [PlayerChar_C_0] 130010.0
[2017.03.31-05.59.45:779][432]LogBlueprintUserMessages: [PlayerChar_C_0] 140010.0
[2017.03.31-05.59.45:879][438]LogBlueprintUserMessages: [PlayerChar_C_0] 150010.0
[2017.03.31-05.59.45:979][444]LogBlueprintUserMessages: [PlayerChar_C_0] 160010.0
[2017.03.31-05.59.46:079][450]LogBlueprintUserMessages: [PlayerChar_C_0] 170010.0
[2017.03.31-05.59.46:179][456]LogBlueprintUserMessages: [PlayerChar_C_0] 180010.0
[2017.03.31-05.59.46:279][462]LogBlueprintUserMessages: [PlayerChar_C_0] 190010.0
[2017.03.31-05.59.46:379][468]LogBlueprintUserMessages: [PlayerChar_C_0] 200010.0
[2017.03.31-05.59.46:479][474]LogBlueprintUserMessages: [PlayerChar_C_0] 210010.0
[2017.03.31-05.59.46:579][480]LogBlueprintUserMessages: [PlayerChar_C_0] 220010.0
[2017.03.31-05.59.46:679][486]LogBlueprintUserMessages: [PlayerChar_C_0] 230010.0
[2017.03.31-05.59.46:779][492]LogBlueprintUserMessages: [PlayerChar_C_0] 240010.0
[2017.03.31-05.59.50:247][700]LogBlueprintUserMessages: Early EndPlayMap Detection: Level '/Game/Blueprints/Stadion.Stadion:PersistentLevel' has LevelScriptBlueprint '/Game/Blueprints/Stadion.Stadion:PersistentLevel.Stadion' with GeneratedClass '/Game/Blueprints/Stadion.Stadion_C' with ClassGeneratedBy '/Game/Blueprints/Stadion.Stadion:PersistentLevel.Stadion'
[2017.03.31-05.59.50:307][700]LogBlueprintUserMessages: Late EndPlayMap Detection: Level '/Game/Blueprints/Stadion.Stadion:PersistentLevel' has LevelScriptBlueprint '/Game/Blueprints/Stadion.Stadion:PersistentLevel.Stadion' with GeneratedClass '/Game/Blueprints/Stadion.Stadion_C' with ClassGeneratedBy '/Game/Blueprints/Stadion.Stadion:PersistentLevel.Stadion'
[2017.03.31-05.59.51:302][758]LogTemp: Repeting last play command: New Editor Window (PIE)
[2017.03.31-05.59.51:314][758]LogBlueprintUserMessages: Early PlayInEditor Detection: Level '/Game/Blueprints/Stadion.Stadion:PersistentLevel' has LevelScriptBlueprint '/Game/Blueprints/Stadion.Stadion:PersistentLevel.Stadion' with GeneratedClass '/Game/Blueprints/Stadion.Stadion_C' with ClassGeneratedBy '/Game/Blueprints/Stadion.Stadion:PersistentLevel.Stadion'
[2017.03.31-05.59.51:314][758]LogPlayLevel: PlayLevel: No blueprints needed recompiling
[2017.03.31-05.59.51:314][758]PIE: New page: PIE session: Stadion (Mar 31, 2017, 11:59:51 AM)
[2017.03.31-05.59.51:314][758]LogPlayLevel: Creating play world package: /Game/Blueprints/UEDPIE_0_Stadion
[2017.03.31-05.59.51:340][758]LogPlayLevel: PIE: StaticDuplicateObject took: (0.026552s)
[2017.03.31-05.59.51:341][758]LogAIModule: Creating AISystem for world Stadion
[2017.03.31-05.59.51:341][758]LogPlayLevel: PIE: World Init took: (0.000767s)
[2017.03.31-05.59.51:341][758]LogPlayLevel: PIE: Created PIE world by copying editor world from /Game/Blueprints/Stadion.Stadion to /Game/Blueprints/UEDPIE_0_Stadion.Stadion (0.027552s)
[2017.03.31-05.59.51:354][758]LogInit: XAudio2 using 'Speakers (Realtek High Definition Audio)' : 2 channels at 48 kHz using 32 bits per sample (channel mask 0x3)
[2017.03.31-05.59.51:364][758]LogInit: FAudioDevice initialized.
[2017.03.31-05.59.51:409][758]LogLoad: Game class is 'Kuulamode_C'
[2017.03.31-05.59.51:414][758]LogWorld: Bringing World /Game/Blueprints/UEDPIE_0_Stadion.Stadion up for play (max tick rate 60) at 2017.03.31-08.59.51
[2017.03.31-05.59.51:415][758]LogWorld: Bringing up level for play took: 0.003632
[2017.03.31-05.59.51:420][758]PIE: Info Play in editor start time for /Game/Blueprints/UEDPIE_0_Stadion 0.508
[2017.03.31-05.59.51:421][758]LogBlueprintUserMessages: Late PlayInEditor Detection: Level '/Game/Blueprints/Stadion.Stadion:PersistentLevel' has LevelScriptBlueprint '/Game/Blueprints/Stadion.Stadion:PersistentLevel.Stadion' with GeneratedClass '/Game/Blueprints/Stadion.Stadion_C' with ClassGeneratedBy '/Game/Blueprints/Stadion.Stadion:PersistentLevel.Stadion'
[2017.03.31-05.59.53:032][850]LogBlueprintUserMessages: [PlayerChar_C_0] 10010.0
[2017.03.31-05.59.53:132][856]LogBlueprintUserMessages: [PlayerChar_C_0] 20010.0
[2017.03.31-05.59.53:233][862]LogBlueprintUserMessages: [PlayerChar_C_0] 30010.0
[2017.03.31-05.59.53:332][868]LogBlueprintUserMessages: [PlayerChar_C_0] 40010.0
[2017.03.31-05.59.53:433][874]LogBlueprintUserMessages: [PlayerChar_C_0] 50010.0
[2017.03.31-05.59.53:533][880]LogBlueprintUserMessages: [PlayerChar_C_0] 60010.0
[2017.03.31-05.59.53:634][886]LogBlueprintUserMessages: [PlayerChar_C_0] 70010.0
[2017.03.31-05.59.53:733][892]LogBlueprintUserMessages: [PlayerChar_C_0] 80010.0
[2017.03.31-05.59.53:833][898]LogBlueprintUserMessages: [PlayerChar_C_0] 90010.0
[2017.03.31-05.59.58:104][154]LogBlueprintUserMessages: Early EndPlayMap Detection: Level '/Game/Blueprints/Stadion.Stadion:PersistentLevel' has LevelScriptBlueprint '/Game/Blueprints/Stadion.Stadion:PersistentLevel.Stadion' with GeneratedClass '/Game/Blueprints/Stadion.Stadion_C' with ClassGeneratedBy '/Game/Blueprints/Stadion.Stadion:PersistentLevel.Stadion'
[2017.03.31-05.59.58:154][154]LogBlueprintUserMessages: Late EndPlayMap Detection: Level '/Game/Blueprints/Stadion.Stadion:PersistentLevel' has LevelScriptBlueprint '/Game/Blueprints/Stadion.Stadion:PersistentLevel.Stadion' with GeneratedClass '/Game/Blueprints/Stadion.Stadion_C' with ClassGeneratedBy '/Game/Blueprints/Stadion.Stadion:PersistentLevel.Stadion'
[2017.03.31-06.00.08:513][770]LogSlate: Took 0.000195 seconds to synchronously load lazily loaded font '../../../Engine/Content/Slate/Fonts/Roboto-Light.ttf' (159K)
[2017.03.31-06.00.09:065][770]LogContentBrowser: Native class hierarchy updated for 'BlueprintGraph' in 0.0008 seconds. Added 112 classes and 0 folders.
[2017.03.31-06.00.09:678][770]LogSlate: Took 0.000130 seconds to synchronously load lazily loaded font '../../../Engine/Content/Slate/Fonts/Roboto-Regular.ttf' (155K)
[2017.03.31-06.00.09:811][770]LogSlate: Took 0.004814 seconds to synchronously load lazily loaded font '../../../Engine/Content/Editor/Slate/Fonts/Roboto-BoldCondensed.ttf' (158K)
[2017.03.31-06.00.09:992][771]LogSlate: Took 0.004274 seconds to synchronously load lazily loaded font '../../../Engine/Content/Editor/Slate/Fonts/Roboto-Italic.ttf' (157K)
[2017.03.31-06.00.54:492][365]LogTemp: Repeting last play command: New Editor Window (PIE)
[2017.03.31-06.00.54:518][365]LogBlueprintUserMessages: Early PlayInEditor Detection: Level '/Game/Blueprints/Stadion.Stadion:PersistentLevel' has LevelScriptBlueprint '/Game/Blueprints/Stadion.Stadion:PersistentLevel.Stadion' with GeneratedClass '/Game/Blueprints/Stadion.Stadion_C' with ClassGeneratedBy '/Game/Blueprints/Stadion.Stadion:PersistentLevel.Stadion'
[2017.03.31-06.00.54:518][365]LogPlayLevel: PlayLevel: No blueprints needed recompiling
[2017.03.31-06.00.54:518][365]PIE: New page: PIE session: Stadion (Mar 31, 2017, 12:00:54 PM)
[2017.03.31-06.00.54:518][365]LogPlayLevel: Creating play world package: /Game/Blueprints/UEDPIE_0_Stadion
[2017.03.31-06.00.54:546][365]LogPlayLevel: PIE: StaticDuplicateObject took: (0.027543s)
[2017.03.31-06.00.54:547][365]LogAIModule: Creating AISystem for world Stadion
[2017.03.31-06.00.54:547][365]LogPlayLevel: PIE: World Init took: (0.000855s)
[2017.03.31-06.00.54:547][365]LogPlayLevel: PIE: Created PIE world by copying editor world from /Game/Blueprints/Stadion.Stadion to /Game/Blueprints/UEDPIE_0_Stadion.Stadion (0.028651s)
[2017.03.31-06.00.54:573][365]LogInit: XAudio2 using 'Speakers (Realtek High Definition Audio)' : 2 channels at 48 kHz using 32 bits per sample (channel mask 0x3)
[2017.03.31-06.00.54:581][365]LogInit: FAudioDevice initialized.
[2017.03.31-06.00.54:630][365]LogLoad: Game class is 'Kuulamode_C'
[2017.03.31-06.00.54:635][365]LogWorld: Bringing World /Game/Blueprints/UEDPIE_0_Stadion.Stadion up for play (max tick rate 60) at 2017.03.31-09.00.54
[2017.03.31-06.00.54:635][365]LogWorld: Bringing up level for play took: 0.003633
[2017.03.31-06.00.54:642][365]PIE: Info Play in editor start time for /Game/Blueprints/UEDPIE_0_Stadion -0.27
[2017.03.31-06.00.54:643][365]LogBlueprintUserMessages: Late PlayInEditor Detection: Level '/Game/Blueprints/Stadion.Stadion:PersistentLevel' has LevelScriptBlueprint '/Game/Blueprints/Stadion.Stadion:PersistentLevel.Stadion' with GeneratedClass '/Game/Blueprints/Stadion.Stadion_C' with ClassGeneratedBy '/Game/Blueprints/Stadion.Stadion:PersistentLevel.Stadion'
[2017.03.31-06.00.56:998][499]LogBlueprintUserMessages: [PlayerChar_C_0] 10010.0
[2017.03.31-06.00.57:099][505]LogBlueprintUserMessages: [PlayerChar_C_0] 20010.0
[2017.03.31-06.00.57:199][511]LogBlueprintUserMessages: [PlayerChar_C_0] 30010.0
[2017.03.31-06.00.57:299][517]LogBlueprintUserMessages: [PlayerChar_C_0] 40010.0
[2017.03.31-06.00.57:399][523]LogBlueprintUserMessages: [PlayerChar_C_0] 50010.0
[2017.03.31-06.00.57:499][529]LogBlueprintUserMessages: [PlayerChar_C_0] 60010.0
[2017.03.31-06.00.57:599][535]LogBlueprintUserMessages: [PlayerChar_C_0] 70010.0
[2017.03.31-06.00.57:699][541]LogBlueprintUserMessages: [PlayerChar_C_0] 80010.0
[2017.03.31-06.00.57:799][547]LogBlueprintUserMessages: [PlayerChar_C_0] 90010.0
[2017.03.31-06.00.57:899][553]LogBlueprintUserMessages: [PlayerChar_C_0] 100010.0
[2017.03.31-06.00.57:999][559]LogBlueprintUserMessages: [PlayerChar_C_0] 110010.0
[2017.03.31-06.00.58:099][565]LogBlueprintUserMessages: [PlayerChar_C_0] 120010.0
[2017.03.31-06.00.58:209][571]LogBlueprintUserMessages: [PlayerChar_C_0] 130010.0
[2017.03.31-06.00.58:308][577]LogBlueprintUserMessages: [PlayerChar_C_0] 140010.0
[2017.03.31-06.00.58:409][583]LogBlueprintUserMessages: [PlayerChar_C_0] 150010.0
[2017.03.31-06.00.58:508][589]LogBlueprintUserMessages: [PlayerChar_C_0] 160010.0
[2017.03.31-06.00.58:609][595]LogBlueprintUserMessages: [PlayerChar_C_0] 170010.0
[2017.03.31-06.00.58:709][601]LogBlueprintUserMessages: [PlayerChar_C_0] 180010.0
[2017.03.31-06.00.58:809][607]LogBlueprintUserMessages: [PlayerChar_C_0] 190010.0
[2017.03.31-06.00.58:911][613]LogBlueprintUserMessages: [PlayerChar_C_0] 200010.0
[2017.03.31-06.01.03:417][882]LogBlueprintUserMessages: Early EndPlayMap Detection: Level '/Game/Blueprints/Stadion.Stadion:PersistentLevel' has LevelScriptBlueprint '/Game/Blueprints/Stadion.Stadion:PersistentLevel.Stadion' with GeneratedClass '/Game/Blueprints/Stadion.Stadion_C' with ClassGeneratedBy '/Game/Blueprints/Stadion.Stadion:PersistentLevel.Stadion'
[2017.03.31-06.01.03:470][882]LogBlueprintUserMessages: Late EndPlayMap Detection: Level '/Game/Blueprints/Stadion.Stadion:PersistentLevel' has LevelScriptBlueprint '/Game/Blueprints/Stadion.Stadion:PersistentLevel.Stadion' with GeneratedClass '/Game/Blueprints/Stadion.Stadion_C' with ClassGeneratedBy '/Game/Blueprints/Stadion.Stadion:PersistentLevel.Stadion'
[2017.03.31-06.01.04:873][963]LogTemp: Repeting last play command: New Editor Window (PIE)
[2017.03.31-06.01.04:887][963]LogBlueprintUserMessages: Early PlayInEditor Detection: Level '/Game/Blueprints/Stadion.Stadion:PersistentLevel' has LevelScriptBlueprint '/Game/Blueprints/Stadion.Stadion:PersistentLevel.Stadion' with GeneratedClass '/Game/Blueprints/Stadion.Stadion_C' with ClassGeneratedBy '/Game/Blueprints/Stadion.Stadion:PersistentLevel.Stadion'
[2017.03.31-06.01.04:887][963]LogPlayLevel: PlayLevel: No blueprints needed recompiling
[2017.03.31-06.01.04:887][963]PIE: New page: PIE session: Stadion (Mar 31, 2017, 12:01:04 PM)
[2017.03.31-06.01.04:888][963]LogPlayLevel: Creating play world package: /Game/Blueprints/UEDPIE_0_Stadion
[2017.03.31-06.01.04:914][963]LogPlayLevel: PIE: StaticDuplicateObject took: (0.026596s)
[2017.03.31-06.01.04:915][963]LogAIModule: Creating AISystem for world Stadion
[2017.03.31-06.01.04:915][963]LogPlayLevel: PIE: World Init took: (0.000692s)
[2017.03.31-06.01.04:915][963]LogPlayLevel: PIE: Created PIE world by copying editor world from /Game/Blueprints/Stadion.Stadion to /Game/Blueprints/UEDPIE_0_Stadion.Stadion (0.027493s)
[2017.03.31-06.01.04:938][963]LogInit: XAudio2 using 'Speakers (Realtek High Definition Audio)' : 2 channels at 48 kHz using 32 bits per sample (channel mask 0x3)
[2017.03.31-06.01.04:945][963]LogInit: FAudioDevice initialized.
[2017.03.31-06.01.04:996][963]LogLoad: Game class is 'Kuulamode_C'
[2017.03.31-06.01.05:000][963]LogWorld: Bringing World /Game/Blueprints/UEDPIE_0_Stadion.Stadion up for play (max tick rate 60) at 2017.03.31-09.01.05
[2017.03.31-06.01.05:001][963]LogWorld: Bringing up level for play took: 0.003764
[2017.03.31-06.01.05:009][963]PIE: Info Play in editor start time for /Game/Blueprints/UEDPIE_0_Stadion 0.096
[2017.03.31-06.01.05:009][963]LogBlueprintUserMessages: Late PlayInEditor Detection: Level '/Game/Blueprints/Stadion.Stadion:PersistentLevel' has LevelScriptBlueprint '/Game/Blueprints/Stadion.Stadion:PersistentLevel.Stadion' with GeneratedClass '/Game/Blueprints/Stadion.Stadion_C' with ClassGeneratedBy '/Game/Blueprints/Stadion.Stadion:PersistentLevel.Stadion'
[2017.03.31-06.01.07:514][106]LogBlueprintUserMessages: [PlayerChar_C_0] 10010.0
[2017.03.31-06.01.07:614][112]LogBlueprintUserMessages: [PlayerChar_C_0] 20010.0
[2017.03.31-06.01.07:714][118]LogBlueprintUserMessages: [PlayerChar_C_0] 30010.0
[2017.03.31-06.01.07:814][124]LogBlueprintUserMessages: [PlayerChar_C_0] 40010.0
[2017.03.31-06.01.07:914][130]LogBlueprintUserMessages: [PlayerChar_C_0] 50010.0
[2017.03.31-06.01.08:014][136]LogBlueprintUserMessages: [PlayerChar_C_0] 60010.0
[2017.03.31-06.01.08:114][142]LogBlueprintUserMessages: [PlayerChar_C_0] 70010.0
[2017.03.31-06.01.08:214][148]LogBlueprintUserMessages: [PlayerChar_C_0] 80010.0
[2017.03.31-06.01.08:320][154]LogBlueprintUserMessages: [PlayerChar_C_0] 90010.0
[2017.03.31-06.01.08:420][160]LogBlueprintUserMessages: [PlayerChar_C_0] 100010.0
[2017.03.31-06.01.13:292][451]LogBlueprintUserMessages: Early EndPlayMap Detection: Level '/Game/Blueprints/Stadion.Stadion:PersistentLevel' has LevelScriptBlueprint '/Game/Blueprints/Stadion.Stadion:PersistentLevel.Stadion' with GeneratedClass '/Game/Blueprints/Stadion.Stadion_C' with ClassGeneratedBy '/Game/Blueprints/Stadion.Stadion:PersistentLevel.Stadion'
[2017.03.31-06.01.13:347][451]LogBlueprintUserMessages: Late EndPlayMap Detection: Level '/Game/Blueprints/Stadion.Stadion:PersistentLevel' has LevelScriptBlueprint '/Game/Blueprints/Stadion.Stadion:PersistentLevel.Stadion' with GeneratedClass '/Game/Blueprints/Stadion.Stadion_C' with ClassGeneratedBy '/Game/Blueprints/Stadion.Stadion:PersistentLevel.Stadion'
[2017.03.31-06.01.14:411][512]LogTemp: Repeting last play command: New Editor Window (PIE)
[2017.03.31-06.01.14:425][512]LogBlueprintUserMessages: Early PlayInEditor Detection: Level '/Game/Blueprints/Stadion.Stadion:PersistentLevel' has LevelScriptBlueprint '/Game/Blueprints/Stadion.Stadion:PersistentLevel.Stadion' with GeneratedClass '/Game/Blueprints/Stadion.Stadion_C' with ClassGeneratedBy '/Game/Blueprints/Stadion.Stadion:PersistentLevel.Stadion'
[2017.03.31-06.01.14:425][512]LogPlayLevel: PlayLevel: No blueprints needed recompiling
[2017.03.31-06.01.14:425][512]PIE: New page: PIE session: Stadion (Mar 31, 2017, 12:01:14 PM)
[2017.03.31-06.01.14:425][512]LogPlayLevel: Creating play world package: /Game/Blueprints/UEDPIE_0_Stadion
[2017.03.31-06.01.14:453][512]LogPlayLevel: PIE: StaticDuplicateObject took: (0.027222s)
[2017.03.31-06.01.14:453][512]LogAIModule: Creating AISystem for world Stadion
[2017.03.31-06.01.14:453][512]LogPlayLevel: PIE: World Init took: (0.000802s)
[2017.03.31-06.01.14:454][512]LogPlayLevel: PIE: Created PIE world by copying editor world from /Game/Blueprints/Stadion.Stadion to /Game/Blueprints/UEDPIE_0_Stadion.Stadion (0.028353s)
[2017.03.31-06.01.14:477][512]LogInit: XAudio2 using 'Speakers (Realtek High Definition Audio)' : 2 channels at 48 kHz using 32 bits per sample (channel mask 0x3)
[2017.03.31-06.01.14:484][512]LogInit: FAudioDevice initialized.
[2017.03.31-06.01.14:537][512]LogLoad: Game class is 'Kuulamode_C'
[2017.03.31-06.01.14:542][512]LogWorld: Bringing World /Game/Blueprints/UEDPIE_0_Stadion.Stadion up for play (max tick rate 60) at 2017.03.31-09.01.14
[2017.03.31-06.01.14:542][512]LogWorld: Bringing up level for play took: 0.003858
[2017.03.31-06.01.14:549][512]PIE: Info Play in editor start time for /Game/Blueprints/UEDPIE_0_Stadion -0.363
[2017.03.31-06.01.14:550][512]LogBlueprintUserMessages: Late PlayInEditor Detection: Level '/Game/Blueprints/Stadion.Stadion:PersistentLevel' has LevelScriptBlueprint '/Game/Blueprints/Stadion.Stadion:PersistentLevel.Stadion' with GeneratedClass '/Game/Blueprints/Stadion.Stadion_C' with ClassGeneratedBy '/Game/Blueprints/Stadion.Stadion:PersistentLevel.Stadion'
[2017.03.31-06.01.16:617][628]LogBlueprintUserMessages: [PlayerChar_C_0] 10010.0
[2017.03.31-06.01.16:717][634]LogBlueprintUserMessages: [PlayerChar_C_0] 20010.0
[2017.03.31-06.01.16:818][640]LogBlueprintUserMessages: [PlayerChar_C_0] 30010.0
[2017.03.31-06.01.16:918][646]LogBlueprintUserMessages: [PlayerChar_C_0] 40010.0
[2017.03.31-06.01.17:018][652]LogBlueprintUserMessages: [PlayerChar_C_0] 50010.0
[2017.03.31-06.01.17:122][658]LogBlueprintUserMessages: [PlayerChar_C_0] 60010.0
[2017.03.31-06.01.17:222][664]LogBlueprintUserMessages: [PlayerChar_C_0] 70010.0
[2017.03.31-06.01.17:323][670]LogBlueprintUserMessages: [PlayerChar_C_0] 80010.0
[2017.03.31-06.01.17:425][676]LogBlueprintUserMessages: [PlayerChar_C_0] 90010.0
[2017.03.31-06.01.17:525][682]LogBlueprintUserMessages: [PlayerChar_C_0] 100010.0
[2017.03.31-06.01.17:625][688]LogBlueprintUserMessages: [PlayerChar_C_0] 110010.0
[2017.03.31-06.01.17:733][694]LogBlueprintUserMessages: [PlayerChar_C_0] 120010.0
[2017.03.31-06.01.17:833][700]LogBlueprintUserMessages: [PlayerChar_C_0] 130010.0
[2017.03.31-06.01.17:933][706]LogBlueprintUserMessages: [PlayerChar_C_0] 140010.0
[2017.03.31-06.01.18:033][712]LogBlueprintUserMessages: [PlayerChar_C_0] 150010.0
[2017.03.31-06.01.18:133][718]LogBlueprintUserMessages: [PlayerChar_C_0] 160010.0
[2017.03.31-06.01.18:223][723]LogBlueprintUserMessages: [PlayerChar_C_0] 170010.0
[2017.03.31-06.01.18:323][729]LogBlueprintUserMessages: [PlayerChar_C_0] 180010.0
[2017.03.31-06.01.18:424][735]LogBlueprintUserMessages: [PlayerChar_C_0] 190010.0
[2017.03.31-06.01.18:524][741]LogBlueprintUserMessages: [PlayerChar_C_0] 200010.0
[2017.03.31-06.01.18:625][747]LogBlueprintUserMessages: [PlayerChar_C_0] 210010.0
[2017.03.31-06.01.24:730][110]LogBlueprintUserMessages: Early EndPlayMap Detection: Level '/Game/Blueprints/Stadion.Stadion:PersistentLevel' has LevelScriptBlueprint '/Game/Blueprints/Stadion.Stadion:PersistentLevel.Stadion' with GeneratedClass '/Game/Blueprints/Stadion.Stadion_C' with ClassGeneratedBy '/Game/Blueprints/Stadion.Stadion:PersistentLevel.Stadion'
[2017.03.31-06.01.24:781][110]LogBlueprintUserMessages: Late EndPlayMap Detection: Level '/Game/Blueprints/Stadion.Stadion:PersistentLevel' has LevelScriptBlueprint '/Game/Blueprints/Stadion.Stadion:PersistentLevel.Stadion' with GeneratedClass '/Game/Blueprints/Stadion.Stadion_C' with ClassGeneratedBy '/Game/Blueprints/Stadion.Stadion:PersistentLevel.Stadion'
[2017.03.31-06.01.57:696][ 70]LogWindowsTextInputMethodSystem:Display: IME system now deactivated.
[2017.03.31-06.01.57:898][ 71]Cmd: QUIT_EDITOR
[2017.03.31-06.01.58:846][ 71]LogExit: Preparing to exit.
[2017.03.31-06.02.00:062][ 71]LogDirectoryWatcher: A directory notification for 'C:/Users/eeros/Desktop/ArsiSim/Content/' was aborted.
[2017.03.31-06.02.00:093][ 71]LogExit: Editor shut down
[2017.03.31-06.02.00:094][ 71]LogExit: Transaction tracking system shut down
[2017.03.31-06.02.00:193][ 71]LogObj: Freed 0b from 0 cluster array pools.
[2017.03.31-06.02.00:193][ 71]LogExit: Object subsystem successfully closed.
[2017.03.31-06.02.00:219][ 71]LogD3D11RHI: Shutdown
[2017.03.31-06.02.00:219][ 71]LogD3D11RHI: CleanupD3DDevice
[2017.03.31-06.02.00:336][ 71]LogD3D11RHI: ~FD3D11DynamicRHI
[2017.03.31-06.02.00:427][ 71]LogModuleManager: Shutting down and abandoning module BlueprintGraph (504)
[2017.03.31-06.02.00:427][ 71]LogModuleManager: Shutting down and abandoning module BlueprintProfiler (502)
[2017.03.31-06.02.00:441][ 71]LogModuleManager: Shutting down and abandoning module MovieSceneCapture (500)
[2017.03.31-06.02.00:441][ 71]LogModuleManager: Shutting down and abandoning module HierarchicalLODOutliner (498)
[2017.03.31-06.02.00:441][ 71]LogModuleManager: Shutting down and abandoning module CrashTracker (496)
[2017.03.31-06.02.00:441][ 71]LogModuleManager: Shutting down and abandoning module SceneOutliner (494)
[2017.03.31-06.02.00:441][ 71]LogModuleManager: Shutting down and abandoning module AddContentDialog (492)
[2017.03.31-06.02.00:441][ 71]LogDirectoryWatcher: A directory notification for 'C:/Program Files/Epic Games/UE_4.15/FeaturePacks/' was aborted.
[2017.03.31-06.02.00:442][ 71]LogModuleManager: Shutting down and abandoning module WidgetCarousel (491)
[2017.03.31-06.02.00:443][ 71]LogModuleManager: Shutting down and abandoning module EditorWidgets (488)
[2017.03.31-06.02.00:443][ 71]LogModuleManager: Shutting down and abandoning module CollectionManager (486)
[2017.03.31-06.02.00:443][ 71]LogDirectoryWatcher: A directory notification for 'C:/Users/eeros/Desktop/ArsiSim/Content/Collections/' was aborted.
[2017.03.31-06.02.00:443][ 71]LogDirectoryWatcher: A directory notification for 'C:/Users/eeros/Desktop/ArsiSim/Content/Developers/eeros/Collections/' was aborted.
[2017.03.31-06.02.00:443][ 71]LogDirectoryWatcher: A directory notification for 'C:/Users/eeros/Desktop/ArsiSim/Saved/Collections/' was aborted.
[2017.03.31-06.02.00:443][ 71]LogModuleManager: Shutting down and abandoning module StatsViewer (484)
[2017.03.31-06.02.00:443][ 71]LogModuleManager: Shutting down and abandoning module FoliageEdit (482)
[2017.03.31-06.02.00:443][ 71]LogModuleManager: Shutting down and abandoning module LandscapeEditor (480)
[2017.03.31-06.02.00:443][ 71]LogModuleManager: Shutting down and abandoning module SceneDepthPickerMode (478)
[2017.03.31-06.02.00:443][ 71]LogModuleManager: Shutting down and abandoning module ActorPickerMode (476)
[2017.03.31-06.02.00:443][ 71]LogModuleManager: Shutting down and abandoning module GeometryMode (474)
[2017.03.31-06.02.00:443][ 71]LogModuleManager: Shutting down and abandoning module TextureAlignMode (472)
[2017.03.31-06.02.00:443][ 71]LogModuleManager: Shutting down and abandoning module BspMode (470)
[2017.03.31-06.02.00:443][ 71]LogModuleManager: Shutting down and abandoning module HardwareSurvey (468)
[2017.03.31-06.02.00:443][ 71]LogModuleManager: Shutting down and abandoning module SequenceRecorderSections (466)
[2017.03.31-06.02.00:443][ 71]LogModuleManager: Shutting down and abandoning module AutomationWorker (464)
[2017.03.31-06.02.00:443][ 71]LogModuleManager: Shutting down and abandoning module MatineeToLevelSequence (462)
[2017.03.31-06.02.00:443][ 71]LogModuleManager: Shutting down and abandoning module LevelSequenceEditor (460)
[2017.03.31-06.02.00:445][ 71]LogModuleManager: Shutting down and abandoning module PlacementMode (459)
[2017.03.31-06.02.00:445][ 71]LogModuleManager: Shutting down and abandoning module WmfMediaFactory (456)
[2017.03.31-06.02.00:445][ 71]LogModuleManager: Shutting down and abandoning module WmfMediaEditor (454)
[2017.03.31-06.02.00:445][ 71]LogModuleManager: Shutting down and abandoning module MfMediaFactory (452)
[2017.03.31-06.02.00:445][ 71]LogModuleManager: Shutting down and abandoning module MfMediaEditor (450)
[2017.03.31-06.02.00:445][ 71]LogModuleManager: Shutting down and abandoning module AvfMediaFactory (448)
[2017.03.31-06.02.00:445][ 71]LogModuleManager: Shutting down and abandoning module AvfMediaEditor (446)
[2017.03.31-06.02.00:445][ 71]LogModuleManager: Shutting down and abandoning module AndroidMediaFactory (444)
[2017.03.31-06.02.00:445][ 71]LogModuleManager: Shutting down and abandoning module Media (443)
[2017.03.31-06.02.00:445][ 71]LogModuleManager: Shutting down and abandoning module AndroidMediaEditor (440)
[2017.03.31-06.02.00:445][ 71]LogModuleManager: Shutting down and abandoning module CharacterAI (438)
[2017.03.31-06.02.00:445][ 71]LogModuleManager: Shutting down and abandoning module AudioCapture (436)
[2017.03.31-06.02.00:445][ 71]LogModuleManager: Shutting down and abandoning module SequenceRecorder (435)
[2017.03.31-06.02.00:445][ 71]LogModuleManager: Shutting down and abandoning module SmartSnapping (432)
[2017.03.31-06.02.00:445][ 71]LogModuleManager: Shutting down and abandoning module SessionServices (430)
[2017.03.31-06.02.00:445][ 71]LogModuleManager: Shutting down and abandoning module ViewportSnapping (428)
[2017.03.31-06.02.00:445][ 71]LogModuleManager: Shutting down and abandoning module ViewportInteraction (426)
[2017.03.31-06.02.00:445][ 71]LogModuleManager: Shutting down and abandoning module LogVisualizer (424)
[2017.03.31-06.02.00:446][ 71]LogModuleManager: Shutting down and abandoning module IntroTutorials (422)
[2017.03.31-06.02.00:446][ 71]LogModuleManager: Shutting down and abandoning module GameProjectGeneration (421)
[2017.03.31-06.02.00:447][ 71]LogModuleManager: Shutting down and abandoning module EditorLiveStreaming (418)
[2017.03.31-06.02.00:447][ 71]LogModuleManager: Shutting down and abandoning module IOSPlatformEditor (416)
[2017.03.31-06.02.00:447][ 71]LogModuleManager: Shutting down and abandoning module HTML5PlatformEditor (414)
[2017.03.31-06.02.00:447][ 71]LogModuleManager: Shutting down and abandoning module AndroidPlatformEditor (412)
[2017.03.31-06.02.00:447][ 71]LogModuleManager: Shutting down and abandoning module AndroidDeviceDetection (411)
[2017.03.31-06.02.01:094][ 71]LogModuleManager: Shutting down and abandoning module IOSRuntimeSettings (408)
[2017.03.31-06.02.01:094][ 71]LogModuleManager: Shutting down and abandoning module AndroidRuntimeSettings (406)
[2017.03.31-06.02.01:094][ 71]LogModuleManager: Shutting down and abandoning module InputBindingEditor (404)
[2017.03.31-06.02.01:094][ 71]LogModuleManager: Shutting down and abandoning module NiagaraEditor (402)
[2017.03.31-06.02.01:100][ 71]LogModuleManager: Shutting down and abandoning module MergeActors (400)
[2017.03.31-06.02.01:101][ 71]LogModuleManager: Shutting down and abandoning module SizeMap (398)
[2017.03.31-06.02.01:101][ 71]LogModuleManager: Shutting down and abandoning module TreeMap (396)
[2017.03.31-06.02.01:101][ 71]LogModuleManager: Shutting down and abandoning module ReferenceViewer (394)
[2017.03.31-06.02.01:101][ 71]LogModuleManager: Shutting down and abandoning module LocalizationDashboard (392)
[2017.03.31-06.02.01:102][ 71]LogModuleManager: Shutting down and abandoning module LocalizationService (391)
[2017.03.31-06.02.01:102][ 71]LogModuleManager: Shutting down and abandoning module HardwareTargeting (388)
[2017.03.31-06.02.01:102][ 71]LogModuleManager: Shutting down and abandoning module DeviceProfileEditor (386)
[2017.03.31-06.02.01:102][ 71]LogModuleManager: Shutting down and abandoning module UndoHistory (384)
[2017.03.31-06.02.01:103][ 71]LogModuleManager: Shutting down and abandoning module UserFeedback (382)
[2017.03.31-06.02.01:103][ 71]LogModuleManager: Shutting down and abandoning module XmlParser (380)
[2017.03.31-06.02.01:103][ 71]LogModuleManager: Shutting down and abandoning module Blutility (378)
[2017.03.31-06.02.01:103][ 71]LogModuleManager: Shutting down and abandoning module ProjectSettingsViewer (376)
[2017.03.31-06.02.01:103][ 71]LogModuleManager: Shutting down and abandoning module ProjectTargetPlatformEditor (375)
[2017.03.31-06.02.01:103][ 71]LogModuleManager: Shutting down and abandoning module EditorSettingsViewer (372)
[2017.03.31-06.02.01:103][ 71]LogModuleManager: Shutting down and abandoning module SettingsEditor (370)
[2017.03.31-06.02.01:103][ 71]LogModuleManager: Shutting down and abandoning module ProjectLauncher (368)
[2017.03.31-06.02.01:104][ 71]LogModuleManager: Shutting down and abandoning module SessionFrontend (366)
[2017.03.31-06.02.01:104][ 71]LogModuleManager: Shutting down and abandoning module ProfilerClient (364)
[2017.03.31-06.02.01:105][ 71]LogModuleManager: Shutting down and abandoning module DeviceManager (362)
[2017.03.31-06.02.01:106][ 71]LogModuleManager: Shutting down and abandoning module TargetDeviceServices (361)
[2017.03.31-06.02.01:149][ 71]LogModuleManager: Shutting down and abandoning module AutomationController (358)
[2017.03.31-06.02.01:149][ 71]LogModuleManager: Shutting down and abandoning module AutomationWindow (356)
[2017.03.31-06.02.01:151][ 71]LogModuleManager: Shutting down and abandoning module Layers (354)
[2017.03.31-06.02.01:154][ 71]LogModuleManager: Shutting down and abandoning module ComponentVisualizers (352)
[2017.03.31-06.02.01:154][ 71]LogModuleManager: Shutting down and abandoning module DetailCustomizations (350)
[2017.03.31-06.02.01:154][ 71]LogModuleManager: Shutting down and abandoning module PackagesDialog (348)
[2017.03.31-06.02.01:154][ 71]LogModuleManager: Shutting down and abandoning module Persona (346)
[2017.03.31-06.02.01:155][ 71]LogModuleManager: Shutting down and abandoning module AnimGraph (345)
[2017.03.31-06.02.01:155][ 71]LogModuleManager: Shutting down and abandoning module Kismet (342)
[2017.03.31-06.02.01:160][ 71]LogModuleManager: Shutting down and abandoning module GraphEditor (340)
[2017.03.31-06.02.01:160][ 71]LogModuleManager: Shutting down and abandoning module ClassViewer (338)
[2017.03.31-06.02.01:161][ 71]LogModuleManager: Shutting down and abandoning module Toolbox (336)
[2017.03.31-06.02.01:161][ 71]LogModuleManager: Shutting down and abandoning module ModuleUI (334)
[2017.03.31-06.02.01:162][ 71]LogModuleManager: Shutting down and abandoning module MovieSceneTools (332)
[2017.03.31-06.02.01:164][ 71]LogModuleManager: Shutting down and abandoning module OutputLog (330)
[2017.03.31-06.02.01:164][ 71]LogModuleManager: Shutting down and abandoning module GammaUI (328)
[2017.03.31-06.02.01:164][ 71]LogModuleManager: Shutting down and abandoning module Documentation (326)
[2017.03.31-06.02.01:164][ 71]LogModuleManager: Shutting down and abandoning module Niagara (324)
[2017.03.31-06.02.01:164][ 71]LogModuleManager: Shutting down and abandoning module StreamingPauseRendering (322)
[2017.03.31-06.02.01:164][ 71]LogModuleManager: Shutting down and abandoning module AnalyticsET (320)
[2017.03.31-06.02.01:164][ 71]LogModuleManager: Shutting down and abandoning module PortalServices (318)
[2017.03.31-06.02.01:164][ 71]LogModuleManager: Shutting down and abandoning module PortalRpc (316)
[2017.03.31-06.02.01:164][ 71]LogModuleManager: Shutting down and abandoning module MessagingRpc (314)
[2017.03.31-06.02.01:164][ 71]LogModuleManager: Shutting down and abandoning module AIModule (312)
[2017.03.31-06.02.01:164][ 71]LogModuleManager: Shutting down and abandoning module GameplayDebugger (311)
[2017.03.31-06.02.01:164][ 71]LogModuleManager: Shutting down and abandoning module AITestSuite (309)
[2017.03.31-06.02.01:164][ 71]LogModuleManager: Shutting down and abandoning module ProfilerService (306)
[2017.03.31-06.02.01:253][ 71]LogModuleManager: Shutting down and abandoning module TaskGraph (304)
[2017.03.31-06.02.01:259][ 71]LogModuleManager: Shutting down and abandoning module SteamVRController (302)
[2017.03.31-06.02.01:259][ 71]LogModuleManager: Shutting down and abandoning module SteamVR (300)
[2017.03.31-06.02.01:259][ 71]LogModuleManager: Shutting down and abandoning module ProceduralMeshComponentEditor (298)
[2017.03.31-06.02.01:259][ 71]LogModuleManager: Shutting down and abandoning module ProceduralMeshComponent (296)
[2017.03.31-06.02.01:259][ 71]LogModuleManager: Shutting down and abandoning module OculusLibrary (294)
[2017.03.31-06.02.01:259][ 71]LogModuleManager: Shutting down and abandoning module OculusInput (292)
[2017.03.31-06.02.01:259][ 71]LogModuleManager: Shutting down and abandoning module MobilePatchingUtils (290)
[2017.03.31-06.02.01:259][ 71]LogModuleManager: Shutting down and abandoning module CustomMeshComponent (288)
[2017.03.31-06.02.01:259][ 71]LogModuleManager: Shutting down and abandoning module CableComponent (286)
[2017.03.31-06.02.01:259][ 71]LogModuleManager: Shutting down and abandoning module ArchVisCharacter (284)
[2017.03.31-06.02.01:259][ 71]LogModuleManager: Shutting down and abandoning module MediaPlayerEditor (280)
[2017.03.31-06.02.01:259][ 71]LogModuleManager: Shutting down and abandoning module HTML5Networking (278)
[2017.03.31-06.02.01:259][ 71]LogModuleManager: Shutting down and abandoning module AlembicImporter (276)
[2017.03.31-06.02.01:260][ 71]LogModuleManager: Shutting down and abandoning module AlembicLibrary (275)
[2017.03.31-06.02.01:260][ 71]LogModuleManager: Shutting down and abandoning module GeometryCache (274)
[2017.03.31-06.02.01:260][ 71]LogModuleManager: Shutting down and abandoning module GeometryCacheEd (273)
[2017.03.31-06.02.01:260][ 71]LogModuleManager: Shutting down and abandoning module SuperSearchEditor (268)
[2017.03.31-06.02.01:260][ 71]LogModuleManager: Shutting down and abandoning module SuperSearch (267)
[2017.03.31-06.02.01:260][ 71]LogModuleManager: Shutting down and abandoning module SpeedTreeImporter (264)
[2017.03.31-06.02.01:260][ 71]LogModuleManager: Shutting down and abandoning module PluginBrowser (262)
[2017.03.31-06.02.01:261][ 71]LogModuleManager: Shutting down and abandoning module MobileLauncherProfileWizard (260)
[2017.03.31-06.02.01:261][ 71]LogModuleManager: Shutting down and abandoning module EpicSurvey (258)
[2017.03.31-06.02.01:261][ 71]LogModuleManager: Shutting down and abandoning module VisualStudioSourceCodeAccess (256)
[2017.03.31-06.02.01:261][ 71]LogModuleManager: Shutting down and abandoning module DesktopPlatform (255)
[2017.03.31-06.02.01:262][ 71]LogModuleManager: Shutting down and abandoning module UObjectPlugin (252)
[2017.03.31-06.02.01:262][ 71]LogModuleManager: Shutting down and abandoning module SubversionSourceControl (250)
[2017.03.31-06.02.01:262][ 71]LogModuleManager: Shutting down and abandoning module PerforceSourceControl (248)
[2017.03.31-06.02.01:262][ 71]LogModuleManager: Shutting down and abandoning module GitSourceControl (246)
[2017.03.31-06.02.01:262][ 71]LogModuleManager: Shutting down and abandoning module SourceControl (245)
[2017.03.31-06.02.01:262][ 71]LogModuleManager: Shutting down and abandoning module LightPropagationVolumeEditor (242)
[2017.03.31-06.02.01:262][ 71]LogModuleManager: Shutting down and abandoning module PaperTiledImporter (240)
[2017.03.31-06.02.01:262][ 71]LogModuleManager: Shutting down and abandoning module PaperSpriteSheetImporter (238)
[2017.03.31-06.02.01:262][ 71]LogModuleManager: Shutting down and abandoning module Paper2DEditor (236)
[2017.03.31-06.02.01:263][ 71]LogModuleManager: Shutting down and abandoning module MeshPaint (235)
[2017.03.31-06.02.01:263][ 71]LogModuleManager: Shutting down and abandoning module LevelEditor (233)
[2017.03.31-06.02.01:263][ 71]LogModuleManager: Shutting down and abandoning module PixelInspectorModule (232)
[2017.03.31-06.02.01:263][ 71]LogModuleManager: Shutting down and abandoning module MainFrame (230)
[2017.03.31-06.02.01:263][ 71]LogModuleManager: Shutting down and abandoning module HotReload (229)
[2017.03.31-06.02.01:264][ 71]LogModuleManager: Shutting down and abandoning module ContentBrowser (225)
[2017.03.31-06.02.01:265][ 71]LogModuleManager: Shutting down and abandoning module PhysXVehiclesEditor (222)
[2017.03.31-06.02.01:265][ 71]LogModuleManager: Shutting down and abandoning module PhysXVehicles (220)
[2017.03.31-06.02.01:265][ 71]LogModuleManager: Shutting down and abandoning module LocationServicesBPLibrary (218)
[2017.03.31-06.02.01:265][ 71]LogModuleManager: Shutting down and abandoning module UdpMessaging (216)
[2017.03.31-06.02.01:367][ 71]LogModuleManager: Shutting down and abandoning module TcpMessaging (214)
[2017.03.31-06.02.01:467][ 71]LogModuleManager: Shutting down and abandoning module GameplayTagsEditor (212)
[2017.03.31-06.02.01:470][ 71]LogModuleManager: Shutting down and abandoning module FacialAnimationEditor (210)
[2017.03.31-06.02.01:471][ 71]LogModuleManager: Shutting down and abandoning module FacialAnimation (208)
[2017.03.31-06.02.01:471][ 71]LogModuleManager: Shutting down and abandoning module LightPropagationVolumeRuntime (206)
[2017.03.31-06.02.01:471][ 71]LogModuleManager: Shutting down and abandoning module Paper2D (204)
[2017.03.31-06.02.01:471][ 71]LogModuleManager: Shutting down and abandoning module WindowsMoviePlayer (202)
[2017.03.31-06.02.01:471][ 71]LogModuleManager: Shutting down and abandoning module WmfMedia (200)
[2017.03.31-06.02.01:472][ 71]LogModuleManager: Shutting down and abandoning module MfMedia (198)
[2017.03.31-06.02.01:472][ 71]LogModuleManager: Shutting down and abandoning module MediaAssets (196)
[2017.03.31-06.02.01:472][ 71]LogModuleManager: Shutting down and abandoning module GameLiveStreaming (194)
[2017.03.31-06.02.01:472][ 71]LogModuleManager: Shutting down and abandoning module VREditor (192)
[2017.03.31-06.02.01:472][ 71]LogModuleManager: Shutting down and abandoning module GameplayTasksEditor (190)
[2017.03.31-06.02.01:472][ 71]LogModuleManager: Shutting down and abandoning module BehaviorTreeEditor (188)
[2017.03.31-06.02.01:473][ 71]LogModuleManager: Shutting down and abandoning module FunctionalTesting (186)
[2017.03.31-06.02.01:473][ 71]LogModuleManager: Shutting down and abandoning module CollisionAnalyzer (184)
[2017.03.31-06.02.01:474][ 71]LogModuleManager: Shutting down and abandoning module UMG (182)
[2017.03.31-06.02.01:474][ 71]LogModuleManager: Shutting down and abandoning module UMGEditor (181)
[2017.03.31-06.02.01:475][ 71]LogModuleManager: Shutting down and abandoning module Sequencer (180)
[2017.03.31-06.02.01:476][ 71]LogModuleManager: Shutting down and abandoning module AssetTools (178)
[2017.03.31-06.02.01:477][ 71]LogModuleManager: Shutting down and abandoning module MessageLog (177)
[2017.03.31-06.02.01:477][ 71]LogModuleManager: Shutting down and abandoning module WorkspaceMenuStructure (176)
[2017.03.31-06.02.01:477][ 71]LogModuleManager: Shutting down and abandoning module SlateReflector (170)
[2017.03.31-06.02.01:479][ 71]LogModuleManager: Shutting down and abandoning module Slate (168)
[2017.03.31-06.02.01:479][ 71]LogModuleManager: Shutting down and abandoning module EditorStyle (166)
[2017.03.31-06.02.01:482][ 71]LogModuleManager: Shutting down and abandoning module SourceCodeAccess (164)
[2017.03.31-06.02.01:483][ 71]LogModuleManager: Shutting down and abandoning module HeadMountedDisplay (162)
[2017.03.31-06.02.01:483][ 71]LogModuleManager: Shutting down and abandoning module XAudio2 (160)
[2017.03.31-06.02.01:483][ 71]LogModuleManager: Shutting down and abandoning module Networking (158)
[2017.03.31-06.02.01:483][ 71]LogModuleManager: Shutting down and abandoning module Core (154)
[2017.03.31-06.02.01:483][ 71]LogModuleManager: Shutting down and abandoning module AssetRegistry (152)
[2017.03.31-06.02.01:636][ 71]LogDirectoryWatcher: A directory notification for '../../../Engine/Content/' was aborted.
[2017.03.31-06.02.01:636][ 71]LogDirectoryWatcher: A directory notification for '../../../../../../Users/eeros/Desktop/ArsiSim/Content/' was aborted.
[2017.03.31-06.02.01:636][ 71]LogDirectoryWatcher: A directory notification for '../../../Engine/Plugins/2D/Paper2D/Content/' was aborted.
[2017.03.31-06.02.01:636][ 71]LogModuleManager: Shutting down and abandoning module DirectoryWatcher (151)
[2017.03.31-06.02.01:638][ 71]LogModuleManager: Shutting down and abandoning module KismetCompiler (148)
[2017.03.31-06.02.01:638][ 71]LogModuleManager: Shutting down and abandoning module PhysXFormats (146)
[2017.03.31-06.02.01:638][ 71]LogModuleManager: Shutting down and abandoning module MeshUtilities (144)
[2017.03.31-06.02.01:638][ 71]LogModuleManager: Shutting down and abandoning module SimplygonSwarm (143)
[2017.03.31-06.02.01:638][ 71]LogModuleManager: Shutting down and abandoning module SimplygonMeshReduction (141)
[2017.03.31-06.02.01:638][ 71]LogModuleManager: Shutting down and abandoning module QuadricMeshReduction (139)
[2017.03.31-06.02.01:638][ 71]LogModuleManager: Shutting down and abandoning module PropertyEditor (137)
[2017.03.31-06.02.01:638][ 71]LogModuleManager: Shutting down and abandoning module DerivedDataCache (134)
[2017.03.31-06.02.01:737][ 71]LogDerivedDataCache: Shutdown
[2017.03.31-06.02.01:737][ 71]LogModuleManager: Shutting down and abandoning module TargetPlatform (132)
[2017.03.31-06.02.01:737][ 71]LogModuleManager: Shutting down and abandoning module VulkanShaderFormat (131)
[2017.03.31-06.02.01:737][ 71]LogModuleManager: Shutting down and abandoning module ShaderFormatOpenGL (129)
[2017.03.31-06.02.01:741][ 71]LogModuleManager: Shutting down and abandoning module ShaderFormatD3D (127)
[2017.03.31-06.02.01:741][ 71]LogModuleManager: Shutting down and abandoning module MetalShaderFormat (125)
[2017.03.31-06.02.01:742][ 71]LogModuleManager: Shutting down and abandoning module TextureFormatUncompressed (123)
[2017.03.31-06.02.01:742][ 71]LogModuleManager: Shutting down and abandoning module TextureFormatPVR (121)
[2017.03.31-06.02.01:742][ 71]LogModuleManager: Shutting down and abandoning module TextureFormatDXT (119)
[2017.03.31-06.02.01:742][ 71]LogModuleManager: Shutting down and abandoning module TextureFormatIntelISPCTexComp (117)
[2017.03.31-06.02.01:743][ 71]LogModuleManager: Shutting down and abandoning module TextureFormatASTC (115)
[2017.03.31-06.02.01:743][ 71]LogModuleManager: Shutting down and abandoning module ImageWrapper (114)
[2017.03.31-06.02.01:743][ 71]LogModuleManager: Shutting down and abandoning module TextureFormatAndroid (111)
[2017.03.31-06.02.01:743][ 71]LogModuleManager: Shutting down and abandoning module AudioFormatOpus (109)
[2017.03.31-06.02.01:743][ 71]LogModuleManager: Shutting down and abandoning module AudioFormatOgg (107)
[2017.03.31-06.02.01:743][ 71]LogModuleManager: Shutting down and abandoning module AudioFormatADPCM (105)
[2017.03.31-06.02.01:743][ 71]LogModuleManager: Shutting down and abandoning module LinuxTargetPlatform (103)
[2017.03.31-06.02.01:743][ 71]LogModuleManager: Shutting down and abandoning module LinuxServerTargetPlatform (101)
[2017.03.31-06.02.01:743][ 71]LogModuleManager: Shutting down and abandoning module LinuxNoEditorTargetPlatform (99)
[2017.03.31-06.02.01:743][ 71]LogModuleManager: Shutting down and abandoning module LinuxClientTargetPlatform (97)
[2017.03.31-06.02.01:743][ 71]LogModuleManager: Shutting down and abandoning module TVOSTargetPlatform (95)
[2017.03.31-06.02.01:743][ 71]LogModuleManager: Shutting down and abandoning module Messaging (93)
[2017.03.31-06.02.01:743][ 71]LogModuleManager: Shutting down and abandoning module IOSTargetPlatform (91)
[2017.03.31-06.02.01:743][ 71]LogModuleManager: Shutting down and abandoning module HTML5TargetPlatform (89)
[2017.03.31-06.02.01:743][ 71]LogModuleManager: Shutting down and abandoning module Android_PVRTCTargetPlatform (87)
[2017.03.31-06.02.01:743][ 71]LogModuleManager: Shutting down and abandoning module Android_MultiTargetPlatform (85)
[2017.03.31-06.02.01:743][ 71]LogModuleManager: Shutting down and abandoning module Android_ETC2TargetPlatform (83)
[2017.03.31-06.02.01:743][ 71]LogModuleManager: Shutting down and abandoning module Android_ETC1TargetPlatform (81)
[2017.03.31-06.02.01:743][ 71]LogModuleManager: Shutting down and abandoning module Android_DXTTargetPlatform (79)
[2017.03.31-06.02.01:743][ 71]LogModuleManager: Shutting down and abandoning module Android_ATCTargetPlatform (77)
[2017.03.31-06.02.01:743][ 71]LogModuleManager: Shutting down and abandoning module Android_ASTCTargetPlatform (75)
[2017.03.31-06.02.01:743][ 71]LogModuleManager: Shutting down and abandoning module AndroidTargetPlatform (73)
[2017.03.31-06.02.01:743][ 71]LogModuleManager: Shutting down and abandoning module WindowsTargetPlatform (71)
[2017.03.31-06.02.01:743][ 71]LogModuleManager: Shutting down and abandoning module WindowsServerTargetPlatform (69)
[2017.03.31-06.02.01:743][ 71]LogModuleManager: Shutting down and abandoning module WindowsNoEditorTargetPlatform (67)
[2017.03.31-06.02.01:743][ 71]LogModuleManager: Shutting down and abandoning module WindowsClientTargetPlatform (65)
[2017.03.31-06.02.01:743][ 71]LogModuleManager: Shutting down and abandoning module MacTargetPlatform (63)
[2017.03.31-06.02.01:743][ 71]LogModuleManager: Shutting down and abandoning module MacServerTargetPlatform (61)
[2017.03.31-06.02.01:743][ 71]LogModuleManager: Shutting down and abandoning module MacNoEditorTargetPlatform (59)
[2017.03.31-06.02.01:743][ 71]LogModuleManager: Shutting down and abandoning module MacClientTargetPlatform (57)
[2017.03.31-06.02.01:743][ 71]LogModuleManager: Shutting down and abandoning module AllDesktopTargetPlatform (55)
[2017.03.31-06.02.01:743][ 71]LogModuleManager: Shutting down and abandoning module InputCore (52)
[2017.03.31-06.02.01:743][ 71]LogModuleManager: Shutting down and abandoning module Settings (50)
[2017.03.31-06.02.01:743][ 71]LogModuleManager: Shutting down and abandoning module OculusRift (48)
[2017.03.31-06.02.01:743][ 71]LogModuleManager: Shutting down and abandoning module GearVR (46)
[2017.03.31-06.02.01:743][ 71]LogModuleManager: Shutting down and abandoning module ExampleDeviceProfileSelector (44)
[2017.03.31-06.02.01:743][ 71]LogModuleManager: Shutting down and abandoning module OnlineBlueprintSupport (42)
[2017.03.31-06.02.01:743][ 71]LogModuleManager: Shutting down and abandoning module OnlineSubsystem (38)
[2017.03.31-06.02.01:743][ 71]LogOnline:Display: Unloading online subsystem: NULL
[2017.03.31-06.02.01:745][ 71]LogModuleManager: Shutting down and abandoning module XMPP (37)
[2017.03.31-06.02.01:746][ 71]LogModuleManager: Shutting down and abandoning module HTTP (35)
[2017.03.31-06.02.01:746][ 71]LogHttp:Display: Http module shutting down, but needs to wait on 1 outstanding Http requests:
[2017.03.31-06.02.01:746][ 71]LogHttp:Display: 	verb=[POST] url=[https://datarouter.ol.epicgames.com/datarouter/api/v1/public/data?SessionID=%7B1025F9EA-4B4F-19D2-6439-F889D62E7A0A%7D&AppID=UEEditor.Rocket.Release&AppVersion=4.15.1-3348071%2B%2B%2BUE4%2BRelease-4.15&UserID=3f967fb04c1e0e01d23729be883fc789%7C9c263e4f49644365a76b5cc77330d025%7C5eaee63f-a02d-4aca-8cfa-f3ab4de3b86d&AppEnvironment=datacollector-binary&UploadType=eteventstream] status=Processing
[2017.03.31-06.02.01:751][ 71]LogModuleManager: Shutting down and abandoning module SSL (34)
[2017.03.31-06.02.01:753][ 71]LogModuleManager: Shutting down and abandoning module AudioEditor (30)
[2017.03.31-06.02.01:753][ 71]LogModuleManager: Shutting down and abandoning module TextureCompressor (28)
[2017.03.31-06.02.01:754][ 71]LogModuleManager: Shutting down and abandoning module ShaderCore (26)
[2017.03.31-06.02.01:754][ 71]LogModuleManager: Shutting down and abandoning module Landscape (24)
[2017.03.31-06.02.01:754][ 71]LogModuleManager: Shutting down and abandoning module SlateRHIRenderer (22)
[2017.03.31-06.02.01:756][ 71]LogModuleManager: Shutting down and abandoning module OpenGLDrv (20)
[2017.03.31-06.02.01:757][ 71]LogModuleManager: Shutting down and abandoning module D3D11RHI (18)
[2017.03.31-06.02.01:757][ 71]LogModuleManager: Shutting down and abandoning module AnimGraphRuntime (16)
[2017.03.31-06.02.01:757][ 71]LogModuleManager: Shutting down and abandoning module Renderer (14)
[2017.03.31-06.02.01:757][ 71]LogModuleManager: Shutting down and abandoning module Engine (12)
[2017.03.31-06.02.01:757][ 71]LogModuleManager: Shutting down and abandoning module CoreUObject (10)
[2017.03.31-06.02.01:757][ 71]LogModuleManager: Shutting down and abandoning module NetworkFile (8)
[2017.03.31-06.02.01:757][ 71]LogModuleManager: Shutting down and abandoning module StreamingFile (6)
[2017.03.31-06.02.01:757][ 71]LogModuleManager: Shutting down and abandoning module SandboxFile (4)
[2017.03.31-06.02.01:757][ 71]LogModuleManager: Shutting down and abandoning module PakFile (2)
[2017.03.31-06.02.01:760][ 71]LogExit: Exiting.
[2017.03.31-06.02.01:773][ 71]Log file closed, 03/31/17 09:02:01
