Log file open, 04/27/17 22:00:33
LogInit:Display: Running engine for game: ArsiSim
LogPlatformFile: Not using cached read wrapper
LogInit:Display: RandInit(-1771492886) SRandInit(-1771492885).
LogTaskGraph: Started task graph with 5 named threads and 8 total threads with 1 sets of task threads.
LogStats: Stats thread started at 0.081493
LogInit: Using libcurl 7.47.1
LogInit:  - built for x86_64-pc-win32
LogInit:  - supports SSL with OpenSSL/1.0.2g
LogInit:  - supports HTTP deflate (compression) using libz 1.2.8
LogInit:  - other features:
LogInit:      CURL_VERSION_SSL
LogInit:      CURL_VERSION_LIBZ
LogInit:      CURL_VERSION_IPV6
LogInit:      CURL_VERSION_ASYNCHDNS
LogInit:      CURL_VERSION_LARGEFILE
LogInit:      CURL_VERSION_IDN
LogInit:  CurlRequestOptions (configurable via config and command line):
LogInit:  - bVerifyPeer = false  - Libcurl will NOT verify peer certificate
LogInit:  - bUseHttpProxy = false  - Libcurl will NOT use HTTP proxy
LogInit:  - bDontReuseConnections = false  - Libcurl will reuse connections
LogInit:  - CertBundlePath = nullptr  - Libcurl will use whatever was configured at build time.
LogInit: Build: ++UE4+Release-4.15-CL-3348071
LogInit: Engine Version: 4.15.1-3348071+++UE4+Release-4.15
LogInit: Compatible Engine Version: 4.15.0-3299760+++UE4+Release-4.15
LogInit: Net CL: 3299760
LogDevObjectVersion: Number of dev versions registered: 14
LogDevObjectVersion:   Dev-Blueprints (B0D832E4-1F89-4F0D-ACCF-7EB736FD4AA2): 8
LogDevObjectVersion:   Dev-Build (E1C64328-A22C-4D53-A36C-8E866417BD8C): 0
LogDevObjectVersion:   Dev-Core (375EC13C-06E4-48FB-B500-84F0262A717E): 2
LogDevObjectVersion:   Dev-Editor (E4B068ED-F494-42E9-A231-DA0B2E46BB41): 14
LogDevObjectVersion:   Dev-Framework (CFFC743F-43B0-4480-9391-14DF171D2073): 22
LogDevObjectVersion:   Dev-Mobile (B02B49B5-BB20-44E9-A304-32B752E40360): 0
LogDevObjectVersion:   Dev-Networking (A4E4105C-59A1-49B5-A7C5-40C4547EDFEE): 0
LogDevObjectVersion:   Dev-Online (39C831C9-5AE6-47DC-9A44-9C173E1C8E7C): 0
LogDevObjectVersion:   Dev-Physics (78F01B33-EBEA-4F98-B9B4-84EACCB95AA2): 0
LogDevObjectVersion:   Dev-Platform (6631380F-2D4D-43E0-8009-CF276956A95A): 0
LogDevObjectVersion:   Dev-Rendering (12F88B9F-8875-4AFC-A67C-D90C383ABD29): 12
LogDevObjectVersion:   Dev-Sequencer (7B5AE74C-D270-4C10-A958-57980B212A5A): 3
LogDevObjectVersion:   Dev-VR (D7296918-1DD6-4BDD-9DE2-64A83CC13884): 0
LogDevObjectVersion:   Dev-LoadTimes (C2A15278-BFE7-4AFE-6C17-90FF531DF755): 1
LogInit: Compiled (64-bit): Mar 15 2017 16:52:47
LogInit: Compiled with Visual C++: 19.00.23026.00
LogInit: Build Configuration: Development
LogInit: Branch Name: ++UE4+Release-4.15
LogInit: Command line:  
LogInit: Base directory: D:/UE4.15/UE_4.15/Engine/Binaries/Win64/
LogInit: Installed Engine Build: 1
LogInit: Presizing for max 8388607 objects, including 0 objects not considered by GC, pre-allocating 0 bytes for permanent pool.
LogInit: Object subsystem initialized
[2017.04.27-19.00.34:228][  0]LogInit: Selected Device Profile: [Windows]
[2017.04.27-19.00.34:228][  0]LogInit: Applying CVar settings loaded from the selected device profile: [Windows]
[2017.04.27-19.00.34:246][  0]LogInit: Computer: MSI
[2017.04.27-19.00.34:246][  0]LogInit: User: Teemu
[2017.04.27-19.00.34:246][  0]LogInit: CPU Page size=65536, Cores=4
[2017.04.27-19.00.34:246][  0]LogInit: High frequency timer resolution =2.249998 MHz
[2017.04.27-19.00.34:246][  0]LogMemory: Memory total: Physical=7.9GB (8GB approx)
[2017.04.27-19.00.34:246][  0]LogMemory: Platform Memory Stats for Windows
[2017.04.27-19.00.34:246][  0]LogMemory: Process Physical Memory: 263.13 MB used, 263.13 MB peak
[2017.04.27-19.00.34:246][  0]LogMemory: Process Virtual Memory: 262.32 MB used, 262.32 MB peak
[2017.04.27-19.00.34:246][  0]LogMemory: Physical Memory: 4512.52 MB used,  3558.42 MB free, 8070.95 MB total
[2017.04.27-19.00.34:246][  0]LogMemory: Virtual Memory: 629.93 MB used,  3558.42 MB free, 134217728.00 MB total
[2017.04.27-19.00.34:952][  0]LogTextLocalizationManager: No specific translations for ('en-US') exist, so ('en') translations will be used.
[2017.04.27-19.00.36:097][  0]LogD3D11RHI: D3D11 adapters:
[2017.04.27-19.00.36:152][  0]LogD3D11RHI:    0. 'NVIDIA GeForce GTX 960M' (Feature Level 11_0)
[2017.04.27-19.00.36:152][  0]LogD3D11RHI:       2019/0/4035 MB DedicatedVideo/DedicatedSystem/SharedSystem, Outputs:1, VendorId:0x10de
[2017.04.27-19.00.36:160][  0]LogD3D11RHI:    1. 'Intel(R) HD Graphics 530' (Feature Level 11_0)
[2017.04.27-19.00.36:160][  0]LogD3D11RHI:       128/0/4035 MB DedicatedVideo/DedicatedSystem/SharedSystem, Outputs:0, VendorId:0x8086
[2017.04.27-19.00.36:161][  0]LogD3D11RHI:    2. 'Microsoft Basic Render Driver' (Feature Level 11_0)
[2017.04.27-19.00.36:161][  0]LogD3D11RHI:       0/0/4035 MB DedicatedVideo/DedicatedSystem/SharedSystem, Outputs:0, VendorId:0x1414
[2017.04.27-19.00.36:161][  0]LogD3D11RHI: Chosen D3D11 Adapter: 0
[2017.04.27-19.00.36:167][  0]LogD3D11RHI: Creating new Direct3DDevice
[2017.04.27-19.00.36:167][  0]LogD3D11RHI:     GPU DeviceId: 0x139b (for the marketing name, search the web for "GPU Device Id")
[2017.04.27-19.00.36:167][  0]LogWindows: EnumDisplayDevices:
[2017.04.27-19.00.36:168][  0]LogWindows:    0. 'Intel(R) HD Graphics 530' (P:1 D:1)
[2017.04.27-19.00.36:168][  0]LogWindows:    1. 'Intel(R) HD Graphics 530' (P:0 D:0)
[2017.04.27-19.00.36:168][  0]LogWindows:    2. 'Intel(R) HD Graphics 530' (P:0 D:0)
[2017.04.27-19.00.36:168][  0]LogWindows: DebugString: PrimaryIsNotTheChoosenAdapter PrimaryIsNotTheChoosenAdapter PrimaryIsNotTheChoosenAdapter FoundDriverCount:0 
[2017.04.27-19.00.36:168][  0]LogD3D11RHI:     Adapter Name: NVIDIA GeForce GTX 960M
[2017.04.27-19.00.36:168][  0]LogD3D11RHI:   Driver Version: Unknown (internal:Unknown, unified:Unknown)
[2017.04.27-19.00.36:168][  0]LogD3D11RHI:      Driver Date: Unknown
[2017.04.27-19.00.36:168][  0]LogRHI: Texture pool is 1361 MB (70% of 1945 MB)
[2017.04.27-19.00.36:197][  0]LogD3D11RHI: Async texture creation enabled
[2017.04.27-19.00.36:208][  0]LogD3D11RHI: GPU Timing Frequency: 1000.000000 (Debug: 2 1)
[2017.04.27-19.00.36:208][  0]LogShaderCompilers: Guid format shader working directory is 5 characters bigger than the processId version (C:/Users/Teemu/Desktop/Arsi 27.4/ArsiSim/Intermediate/Shaders/WorkingDirectory/16256/).
[2017.04.27-19.00.36:208][  0]LogShaderCompilers: Cleaned the shader compiler working directory 'C:/Users/Teemu/AppData/Local/Temp/UnrealShaderWorkingDir/EBA2AFF3449FBADAB71FC4A8A4C725E6/'.
[2017.04.27-19.00.36:208][  0]LogShaderCompilers:Display: Using Local Shader Compiler.
[2017.04.27-19.00.37:922][  0]LogTemp:Display: Loaded TP AllDesktopTargetPlatform
[2017.04.27-19.00.37:979][  0]LogTemp:Display: Loaded TP MacClientTargetPlatform
[2017.04.27-19.00.38:041][  0]LogTemp:Display: Loaded TP MacNoEditorTargetPlatform
[2017.04.27-19.00.38:103][  0]LogTemp:Display: Loaded TP MacServerTargetPlatform
[2017.04.27-19.00.38:191][  0]LogTemp:Display: Loaded TP MacTargetPlatform
[2017.04.27-19.00.38:251][  0]LogTemp:Display: Loaded TP WindowsClientTargetPlatform
[2017.04.27-19.00.38:303][  0]LogTemp:Display: Loaded TP WindowsNoEditorTargetPlatform
[2017.04.27-19.00.38:357][  0]LogTemp:Display: Loaded TP WindowsServerTargetPlatform
[2017.04.27-19.00.38:400][  0]LogTemp:Display: Loaded TP WindowsTargetPlatform
[2017.04.27-19.00.38:465][  0]LogTemp:Display: Loaded TP AndroidTargetPlatform
[2017.04.27-19.00.38:531][  0]LogTemp:Display: Loaded TP Android_ASTCTargetPlatform
[2017.04.27-19.00.38:589][  0]LogTemp:Display: Loaded TP Android_ATCTargetPlatform
[2017.04.27-19.00.38:654][  0]LogTemp:Display: Loaded TP Android_DXTTargetPlatform
[2017.04.27-19.00.38:751][  0]LogTemp:Display: Loaded TP Android_ETC1TargetPlatform
[2017.04.27-19.00.38:812][  0]LogTemp:Display: Loaded TP Android_ETC2TargetPlatform
[2017.04.27-19.00.38:953][  0]LogTemp:Display: Loaded TP Android_MultiTargetPlatform
[2017.04.27-19.00.38:953][  0]LogTemp:Display: Loaded TP Android_PVRTCTargetPlatform
[2017.04.27-19.00.38:999][  0]LogTemp:Display: Loaded TP HTML5TargetPlatform
[2017.04.27-19.00.39:169][  0]LogTemp:Display: Loaded TP IOSTargetPlatform
[2017.04.27-19.00.39:200][  0]LogTemp:Display: Loaded TP TVOSTargetPlatform
[2017.04.27-19.00.39:258][  0]LogTemp:Display: Loaded TP LinuxClientTargetPlatform
[2017.04.27-19.00.39:318][  0]LogTemp:Display: Loaded TP LinuxNoEditorTargetPlatform
[2017.04.27-19.00.39:370][  0]LogTemp:Display: Loaded TP LinuxServerTargetPlatform
[2017.04.27-19.00.39:450][  0]LogTemp:Display: Loaded TP LinuxTargetPlatform
[2017.04.27-19.00.39:450][  0]LogTargetPlatformManager:Display: Building Assets For Windows
[2017.04.27-19.00.40:201][  0]LogDerivedDataCache:Display: Max Cache Size: 512 MB
[2017.04.27-19.00.40:408][  0]LogDerivedDataCache: Loaded boot cache 0.20s 50MB C:/Users/Teemu/AppData/Local/UnrealEngine/4.15/DerivedDataCache/Boot.ddc.
[2017.04.27-19.00.40:408][  0]LogDerivedDataCache:Display: Loaded Boot cache: C:/Users/Teemu/AppData/Local/UnrealEngine/4.15/DerivedDataCache/Boot.ddc
[2017.04.27-19.00.40:408][  0]LogDerivedDataCache: FDerivedDataBackendGraph:  Pak pak cache file C:/Users/Teemu/Desktop/Arsi 27.4/ArsiSim/DerivedDataCache/DDC.ddp not found, will not use a pak cache.
[2017.04.27-19.00.40:408][  0]LogDerivedDataCache: Unable to find inner node Pak for hierarchical cache Hierarchy.
[2017.04.27-19.00.40:408][  0]LogDerivedDataCache: FDerivedDataBackendGraph:  CompressedPak pak cache file C:/Users/Teemu/Desktop/Arsi 27.4/ArsiSim/DerivedDataCache/Compressed.ddp not found, will not use a pak cache.
[2017.04.27-19.00.40:408][  0]LogDerivedDataCache: Unable to find inner node CompressedPak for hierarchical cache Hierarchy.
[2017.04.27-19.00.40:426][  0]LogDerivedDataCache:Display: Pak cache opened for reading ../../../Engine/DerivedDataCache/Compressed.ddp.
[2017.04.27-19.00.40:438][  0]LogDerivedDataCache: Using Local data cache path C:/Users/Teemu/AppData/Local/UnrealEngine/Common/DerivedDataCache: Writable
[2017.04.27-19.00.40:448][  0]LogSlate: Using Freetype 2.6.0
[2017.04.27-19.00.40:456][  0]LogSlate: SlateFontCache - WITH_FREETYPE: 1, WITH_HARFBUZZ: 1
[2017.04.27-19.00.40:456][  0]LogSlate: SlateFontCache - WITH_FREETYPE: 1, WITH_HARFBUZZ: 1
[2017.04.27-19.00.42:978][  0]LogInit: Selected Device Profile: [Windows]
[2017.04.27-19.00.42:981][  0]LogContentStreaming: Texture pool size is 0.00 MB
[2017.04.27-19.00.43:230][  0]LogMeshUtilities: Using QuadricMeshReduction for automatic static mesh reduction
[2017.04.27-19.00.43:290][  0]LogSimplygon: Simplygon DLL not present - disabling.
[2017.04.27-19.00.43:337][  0]LogMeshUtilities: Using SimplygonSwarm for distributed automatic mesh merging
[2017.04.27-19.00.43:337][  0]LogMeshUtilities: No automatic skeletal mesh reduction module available
[2017.04.27-19.00.43:337][  0]LogMeshUtilities: No automatic mesh merging module available
[2017.04.27-19.00.44:028][  0]LogNetVersion: GetLocalNetworkVersion: CL: 3299760, ProjectName: arsisim, ProjectVersion: , EngineNetworkVersion: 2, GameNetworkVersion: 0, NetworkChecksum: 275346067
[2017.04.27-19.00.44:075][  0]LogAssetRegistry: FAssetRegistry took 0.0211 seconds to start up
[2017.04.27-19.00.44:125][  0]LogPackageLocalizationCache: Processed 3 localized package path(s) for 2 prioritized culture(s) in 0.033169 seconds
[2017.04.27-19.00.44:130][  0]LogUObjectArray: 32493 objects as part of root set at end of initial load.
[2017.04.27-19.00.44:130][  0]LogUObjectAllocator: 7077024 out of 0 bytes used by permanent object pool.
[2017.04.27-19.00.44:130][  0]LogUObjectArray: CloseDisregardForGC: 0/0 objects in disregard for GC pool
[2017.04.27-19.00.44:178][  0]LogInit: WinSock: version 1.1 (2.2), MaxSocks=32767, MaxUdp=65467
[2017.04.27-19.00.52:279][  0]LogTcpMessaging: Initializing TcpMessaging bridge
[2017.04.27-19.00.52:337][  0]LogUdpMessaging: Initializing bridge on interface 0.0.0.0:0 to multicast group 230.0.0.1:6666.
[2017.04.27-19.00.52:965][  0]LogMaterial: Uniform references updated for custom material expression Custom.
[2017.04.27-19.00.53:375][  0]SourceControl: Info Source control is disabled
[2017.04.27-19.00.53:376][  0]SourceControl: Info Source control is disabled
[2017.04.27-19.00.53:436][  0]SourceControl: Info Source control is disabled
[2017.04.27-19.00.53:509][  0]SourceControl: Info Source control is disabled
[2017.04.27-19.00.55:345][  0]LogEngine: Initializing Engine...
[2017.04.27-19.00.55:346][  0]LogHMD: Failed to initialize OpenVR with code 110
[2017.04.27-19.00.55:614][  0]LogAIModule: Creating AISystem for world Untitled
[2017.04.27-19.00.55:629][  0]LogInit: XAudio2 using 'Speakers (Realtek High Definition Audio)' : 2 channels at 48 kHz using 32 bits per sample (channel mask 0x3)
[2017.04.27-19.00.55:679][  0]LogInit: FAudioDevice initialized.
[2017.04.27-19.00.55:711][  0]LogDerivedDataCache: Saved boot cache 0.03s 50MB C:/Users/Teemu/AppData/Local/UnrealEngine/4.15/DerivedDataCache/Boot.ddc.
[2017.04.27-19.00.55:716][  0]LogInit: Texture streaming: Enabled
[2017.04.27-19.00.55:830][  0]LogEngineSessionManager: EngineSessionManager initialized
[2017.04.27-19.00.56:016][  0]LogInit: Transaction tracking system initialized
[2017.04.27-19.00.56:502][  0]BlueprintLog: New page: Editor Load
[2017.04.27-19.00.57:688][  0]LocalizationService: Info Localization service is disabled
[2017.04.27-19.00.58:636][  0]LogConsoleResponse:Display: 
[2017.04.27-19.00.59:213][  0]LogCook:Display: Max memory allowance for cook 16384mb min free memory 0mb
[2017.04.27-19.00.59:213][  0]LogCook:Display: Mobile HDR setting 1
[2017.04.27-19.00.59:872][  0]LogFileCache: Scanning file cache for directory 'C:/Users/Teemu/Desktop/Arsi 27.4/ArsiSim/Content/' took 0.03s
[2017.04.27-19.01.01:067][  0]SourceControl: Info Source control is disabled
[2017.04.27-19.01.01:067][  0]Cmd: MAP LOAD FILE="C:/Users/Teemu/Desktop/Arsi 27.4/ArsiSim/Content/Blueprints/Stadion.umap" TEMPLATE=0 SHOWPROGRESS=1 FEATURELEVEL=3
[2017.04.27-19.01.01:067][  0]LogEditorServer:Warning: Can't find file 'C:/Users/Teemu/Desktop/Arsi 27.4/ArsiSim/Content/Blueprints/Stadion.umap'
[2017.04.27-19.01.01:067][  0]Cmd: MAP CHECKDEP NOCLEARLOG
[2017.04.27-19.01.01:134][  0]MapCheck: Info Map check complete: 0 Error(s), 0 Warning(s), took 66.886ms to complete.
[2017.04.27-19.01.01:134][  0]LogFileHelpers: Loading map 'Stadion' took 0.067
[2017.04.27-19.01.01:464][  0]LogCollectionManager: Loaded 0 collections in 0.005380 seconds
[2017.04.27-19.01.01:556][  0]LogFileCache: Scanning file cache for directory 'C:/Users/Teemu/Desktop/Arsi 27.4/ArsiSim/Saved/Collections/' took 0.01s
[2017.04.27-19.01.01:556][  0]LogFileCache: Scanning file cache for directory 'C:/Users/Teemu/Desktop/Arsi 27.4/ArsiSim/Content/Developers/Teemu/Collections/' took 0.01s
[2017.04.27-19.01.01:556][  0]LogFileCache: Scanning file cache for directory 'C:/Users/Teemu/Desktop/Arsi 27.4/ArsiSim/Content/Collections/' took 0.01s
[2017.04.27-19.01.01:556][  0]LogCollectionManager: Rebuilt the GUID cache for 0 collections in 0.000002 seconds
[2017.04.27-19.01.01:572][  0]LogContentBrowser: Native class hierarchy populated in 0.0154 seconds. Added 2245 classes and 453 folders.
[2017.04.27-19.01.01:576][  0]LogStats: UGameplayTagsManager::ConstructGameplayTagTree: Construct from data asset -  0.000 s
[2017.04.27-19.01.01:576][  0]LogStats: UGameplayTagsManager::ConstructGameplayTagTree: GameplayTagTreeChangedEvent.Broadcast -  0.000 s
[2017.04.27-19.01.01:653][  0]LogContentBrowser: Native class hierarchy updated for 'WidgetCarousel' in 0.0007 seconds. Added 0 classes and 0 folders.
[2017.04.27-19.01.02:574][  0]LogContentBrowser: Native class hierarchy updated for 'AddContentDialog' in 0.0006 seconds. Added 0 classes and 0 folders.
[2017.04.27-19.01.02:635][  0]LogContentBrowser: Native class hierarchy updated for 'SceneOutliner' in 0.0006 seconds. Added 1 classes and 2 folders.
[2017.04.27-19.01.02:746][  0]LogCrashTracker: Crashtracker disabled due to settings.
[2017.04.27-19.01.02:755][  0]LogUObjectGlobals:Warning: Failed to find object 'Class None.'
[2017.04.27-19.01.02:853][  0]LogContentBrowser: Native class hierarchy updated for 'HierarchicalLODOutliner' in 0.0006 seconds. Added 1 classes and 2 folders.
[2017.04.27-19.01.02:853][  0]LogLoad: (Engine Initialization) Total time: 32.07 seconds
[2017.04.27-19.01.02:853][  0]LogLoad: (Engine Initialization) Total Blueprint compile time: 0.16 seconds
[2017.04.27-19.01.02:853][  0]LogExternalProfiler: Found external profiler: VSPerf
[2017.04.27-19.01.02:853][  0]LogExternalProfiler: Using external profiler: VSPerf
[2017.04.27-19.01.03:193][  0]LogOcInput: OculusInput pre-init called
[2017.04.27-19.01.03:237][  0]LogContentStreaming: Texture pool size now 1000 MB
[2017.04.27-19.01.03:288][  0]LogSlate: Took 0.050041 seconds to synchronously load lazily loaded font '../../../Engine/Content/Slate/Fonts/Roboto-Regular.ttf' (155K)
[2017.04.27-19.01.03:308][  0]LogSlate: Took 0.014440 seconds to synchronously load lazily loaded font '../../../Engine/Content/Slate/Fonts/Roboto-Bold.ttf' (160K)
[2017.04.27-19.01.03:326][  0]LogSlate: Took 0.009939 seconds to synchronously load lazily loaded font '../../../Engine/Content/Editor/Slate/Fonts/FontAwesome.ttf' (139K)
[2017.04.27-19.01.03:488][  0]LogSlate: Took 0.001548 seconds to synchronously load lazily loaded font '../../../Engine/Content/Slate/Fonts/Roboto-Light.ttf' (159K)
[2017.04.27-19.01.03:542][  0]LogRenderer: Reallocating scene render targets to support 960x436 NumSamples 1 (Frame:2).
[2017.04.27-19.01.03:955][  2]LogAssetRegistry: Asset discovery search completed in 19.9012 seconds
[2017.04.27-19.01.03:955][  2]LogCollectionManager: Rebuilt the object cache for 0 collections in 0.000005 seconds (found 0 objects)
[2017.04.27-19.01.03:955][  2]LogCollectionManager: Fixed up redirectors for 0 collections in 0.000020 seconds (updated 0 objects)
[2017.04.27-19.01.04:284][  3]LogSlate: Took 0.000750 seconds to synchronously load lazily loaded font '../../../Engine/Content/Slate/Fonts/Roboto-Light.ttf' (159K)
[2017.04.27-19.01.08:633][256]LogFileCache: Retrieving MD5 hashes for directory 'C:/Users/Teemu/Desktop/Arsi 27.4/ArsiSim/Content/' took 5.43s
[2017.04.27-19.01.10:853][386]LogSlate: Took 0.000343 seconds to synchronously load lazily loaded font '../../../Engine/Content/Slate/Fonts/Roboto-Light.ttf' (159K)
[2017.04.27-19.01.10:931][386]LogLinker:Warning: Can't find file '/Game/zombiesettii/Boots'
[2017.04.27-19.01.10:931][386]LoadErrors: Info Failed to load /Game/arsisettii/Arsiharju__1_.Arsiharju__1_ Referenced by Arsiharju_GEN_VARIABLE
[2017.04.27-19.01.10:931][386]LogLinker:Warning: Can't find file for asset '/Game/zombiesettii/Boots' while loading C:/Users/Teemu/Desktop/Arsi 27.4/ArsiSim/Content/arsisettii/Arsiharju__1_.uasset.
[2017.04.27-19.01.10:931][386]LoadErrors:Error: Error /Game/arsisettii/Arsiharju__1_ : Can't find file for asset. /Game/zombiesettii/Boots
[2017.04.27-19.01.10:931][386]LogLinker:Warning: Can't find file '/Game/zombiesettii/Boots'
[2017.04.27-19.01.10:931][386]LogLinker:Warning: Can't find file for asset '/Game/zombiesettii/Boots' while loading C:/Users/Teemu/Desktop/Arsi 27.4/ArsiSim/Content/arsisettii/Arsiharju__1_.uasset.
[2017.04.27-19.01.11:262][386]LogLinker:Warning: Can't find file '/Game/zombiesettii/Boots'
[2017.04.27-19.01.11:262][386]LoadErrors: Info Failed to load /Game/zombiesettii/Boots.Boots Referenced by Arsiharju__1_
[2017.04.27-19.01.11:262][386]LogLinker:Warning: Can't find file for asset '/Game/zombiesettii/Boots' while loading NULL.
[2017.04.27-19.01.11:609][386]LogAIModule: Creating AISystem for world Space
[2017.04.27-19.01.11:662][386]Cmd: MAP LOAD FILE="C:/Users/Teemu/Desktop/Arsi 27.4/ArsiSim/Content/Levels/Space.umap" TEMPLATE=0 SHOWPROGRESS=1 FEATURELEVEL=3
[2017.04.27-19.01.11:662][386]LightingResults: New page: Lighting Build
[2017.04.27-19.01.11:702][386]LogContentBrowser: Native class hierarchy updated for 'StatsViewer' in 0.0006 seconds. Added 5 classes and 0 folders.
[2017.04.27-19.01.11:704][386]LoadErrors: New page: Loading map: Space.umap
[2017.04.27-19.01.11:705][386]MapCheck: New page: Map Check
[2017.04.27-19.01.11:705][386]LightingResults: New page: Lighting Build
[2017.04.27-19.01.11:966][386]LogEditorServer: Finished looking for orphan Actors (0.000 secs)
[2017.04.27-19.01.12:012][386]Cmd: MAP CHECKDEP NOCLEARLOG
[2017.04.27-19.01.12:101][386]MapCheck: Info Map check complete: 0 Error(s), 0 Warning(s), took 88.24ms to complete.
[2017.04.27-19.01.12:101][386]LogFileHelpers: Loading map 'Space' took 0.439
[2017.04.27-19.01.43:660][216]LogContentBrowser: Native class hierarchy updated for 'BlueprintGraph' in 0.0010 seconds. Added 112 classes and 0 folders.
[2017.04.27-19.01.44:331][216]LogSlate: Took 0.000304 seconds to synchronously load lazily loaded font '../../../Engine/Content/Slate/Fonts/Roboto-Regular.ttf' (155K)
[2017.04.27-19.01.44:422][216]LogSlate: Took 0.000382 seconds to synchronously load lazily loaded font '../../../Engine/Content/Editor/Slate/Fonts/Roboto-BoldCondensed.ttf' (158K)
[2017.04.27-19.01.45:924][293]LogSlate: Took 0.000590 seconds to synchronously load lazily loaded font '../../../Engine/Content/Editor/Slate/Fonts/Roboto-Italic.ttf' (157K)
[2017.04.27-19.02.11:865][781]BlueprintLog: New page: Compile MaksalaatikkoSpawner
[2017.04.27-19.02.16:371][ 19]BlueprintLog: New page: Compile MaksalaatikkoSpawner
[2017.04.27-19.02.16:883][ 41]Cmd: OBJ SAVEPACKAGE PACKAGE="/Game/Blueprints/MaksalaatikkoSpawner" FILE="C:/Users/Teemu/Desktop/Arsi 27.4/ArsiSim/Content/Blueprints/MaksalaatikkoSpawner.uasset" SILENT=true
[2017.04.27-19.02.16:924][ 41]LogSavePackage: Save=12.53ms
[2017.04.27-19.02.16:924][ 41]LogSavePackage: Moving 'C:/Users/Teemu/Desktop/Arsi 27.4/ArsiSim/Saved/MaksalaatikkoSpawner65C184CC44D92503C403D6B4EFF49E04.tmp' to 'C:/Users/Teemu/Desktop/Arsi 27.4/ArsiSim/Content/Blueprints/MaksalaatikkoSpawner.uasset'
[2017.04.27-19.02.16:929][ 41]LogSavePackage:Display: Finished SavePackage C:/Users/Teemu/Desktop/Arsi 27.4/ArsiSim/Content/Blueprints/MaksalaatikkoSpawner.uasset
[2017.04.27-19.03.03:757][825]BlueprintLog: New page: Compile MaksalaatikkoSpawner
[2017.04.27-19.03.04:569][845]Cmd: OBJ SAVEPACKAGE PACKAGE="/Game/Blueprints/MaksalaatikkoSpawner" FILE="C:/Users/Teemu/Desktop/Arsi 27.4/ArsiSim/Content/Blueprints/MaksalaatikkoSpawner.uasset" SILENT=true
[2017.04.27-19.03.04:607][845]LogSavePackage: Save=14.85ms
[2017.04.27-19.03.04:607][845]LogSavePackage: Moving 'C:/Users/Teemu/Desktop/Arsi 27.4/ArsiSim/Saved/MaksalaatikkoSpawnerAB791E09448597CA32C87EB99AAF9DAA.tmp' to 'C:/Users/Teemu/Desktop/Arsi 27.4/ArsiSim/Content/Blueprints/MaksalaatikkoSpawner.uasset'
[2017.04.27-19.03.04:612][845]LogSavePackage:Display: Finished SavePackage C:/Users/Teemu/Desktop/Arsi 27.4/ArsiSim/Content/Blueprints/MaksalaatikkoSpawner.uasset
[2017.04.27-19.04.39:489][730]BlueprintLog: New page: Compile MaksalaatikkoSpawner
[2017.04.27-19.04.40:324][772]Cmd: OBJ SAVEPACKAGE PACKAGE="/Game/Blueprints/MaksalaatikkoSpawner" FILE="C:/Users/Teemu/Desktop/Arsi 27.4/ArsiSim/Content/Blueprints/MaksalaatikkoSpawner.uasset" SILENT=true
[2017.04.27-19.04.40:366][772]LogSavePackage: Save=16.85ms
[2017.04.27-19.04.40:366][772]LogSavePackage: Moving 'C:/Users/Teemu/Desktop/Arsi 27.4/ArsiSim/Saved/MaksalaatikkoSpawner28BA510C4B2DE8686BD075BD4ED2F764.tmp' to 'C:/Users/Teemu/Desktop/Arsi 27.4/ArsiSim/Content/Blueprints/MaksalaatikkoSpawner.uasset'
[2017.04.27-19.04.40:370][772]LogSavePackage:Display: Finished SavePackage C:/Users/Teemu/Desktop/Arsi 27.4/ArsiSim/Content/Blueprints/MaksalaatikkoSpawner.uasset
[2017.04.27-19.05.26:978][518]Cmd: OBJ SAVEPACKAGE PACKAGE="/Game/Blueprints/MaksalaatikkoSpawner" FILE="C:/Users/Teemu/Desktop/Arsi 27.4/ArsiSim/Content/Blueprints/MaksalaatikkoSpawner.uasset" SILENT=true
[2017.04.27-19.05.27:018][518]LogSavePackage: Save=15.40ms
[2017.04.27-19.05.27:018][518]LogSavePackage: Moving 'C:/Users/Teemu/Desktop/Arsi 27.4/ArsiSim/Saved/MaksalaatikkoSpawnerD91D6BE64D480A65CA4AE29A750F49E7.tmp' to 'C:/Users/Teemu/Desktop/Arsi 27.4/ArsiSim/Content/Blueprints/MaksalaatikkoSpawner.uasset'
[2017.04.27-19.05.27:024][518]LogSavePackage:Display: Finished SavePackage C:/Users/Teemu/Desktop/Arsi 27.4/ArsiSim/Content/Blueprints/MaksalaatikkoSpawner.uasset
[2017.04.27-19.05.27:453][543]BlueprintLog: New page: Compile MaksalaatikkoSpawner
[2017.04.27-19.06.32:797][229]BlueprintLog: New page: Compile Maksalaatikko
[2017.04.27-19.06.33:562][263]Cmd: OBJ SAVEPACKAGE PACKAGE="/Game/Blueprints/Maksalaatikko" FILE="C:/Users/Teemu/Desktop/Arsi 27.4/ArsiSim/Content/Blueprints/Maksalaatikko.uasset" SILENT=true
[2017.04.27-19.06.33:616][263]LogSavePackage: Save=26.12ms
[2017.04.27-19.06.33:616][263]LogSavePackage: Moving 'C:/Users/Teemu/Desktop/Arsi 27.4/ArsiSim/Saved/MaksalaatikkoD19807A94719085CE690CD93C95F85FE.tmp' to 'C:/Users/Teemu/Desktop/Arsi 27.4/ArsiSim/Content/Blueprints/Maksalaatikko.uasset'
[2017.04.27-19.06.33:622][263]LogSavePackage:Display: Finished SavePackage C:/Users/Teemu/Desktop/Arsi 27.4/ArsiSim/Content/Blueprints/Maksalaatikko.uasset
[2017.04.27-19.06.36:461][427]Cmd: OBJ SAVEPACKAGE PACKAGE="/Game/Levels/Space" FILE="C:/Users/Teemu/Desktop/Arsi 27.4/ArsiSim/Content/Levels/Space.umap" SILENT=true AUTOSAVING=false KEEPDIRTY=false
[2017.04.27-19.06.36:808][427]LogSavePackage: Save=300.18ms
[2017.04.27-19.06.36:808][427]LogSavePackage: Moving 'C:/Users/Teemu/Desktop/Arsi 27.4/ArsiSim/Saved/Space6D983CA346A737551C9869BCFB344D3B.tmp' to 'C:/Users/Teemu/Desktop/Arsi 27.4/ArsiSim/Content/Levels/Space.umap'
[2017.04.27-19.06.36:813][427]LogSavePackage:Display: Finished SavePackage C:/Users/Teemu/Desktop/Arsi 27.4/ArsiSim/Content/Levels/Space.umap
[2017.04.27-19.06.36:849][427]Cmd: OBJ SAVEPACKAGE PACKAGE="/Game/Blueprints/Space_BuiltData" FILE="C:/Users/Teemu/Desktop/Arsi 27.4/ArsiSim/Content/Blueprints/Space_BuiltData.uasset" SILENT=true
[2017.04.27-19.06.37:296][427]LogSavePackage: Save=414.86ms
[2017.04.27-19.06.37:297][427]LogSavePackage: Moving 'C:/Users/Teemu/Desktop/Arsi 27.4/ArsiSim/Saved/Space_BuiltData3A7F16374B2BF3B9427C2CA6C16CBCA5.tmp' to 'C:/Users/Teemu/Desktop/Arsi 27.4/ArsiSim/Content/Blueprints/Space_BuiltData.uasset'
[2017.04.27-19.06.37:300][427]LogSavePackage:Display: Finished SavePackage C:/Users/Teemu/Desktop/Arsi 27.4/ArsiSim/Content/Blueprints/Space_BuiltData.uasset
[2017.04.27-19.06.40:189][600]LogTemp: Repeting last play command: New Editor Window (PIE)
[2017.04.27-19.06.40:209][600]LogBlueprintUserMessages: Early PlayInEditor Detection: Level '/Game/Levels/Space.Space:PersistentLevel' has LevelScriptBlueprint '/Game/Levels/Space.Space:PersistentLevel.Space' with GeneratedClass '/Game/Levels/Space.Space_C' with ClassGeneratedBy '/Game/Levels/Space.Space:PersistentLevel.Space'
[2017.04.27-19.06.40:209][600]LogPlayLevel: PlayLevel: No blueprints needed recompiling
[2017.04.27-19.06.40:210][600]PIE: New page: PIE session: Space (Apr 28, 2017, 1:06:40 AM)
[2017.04.27-19.06.40:210][600]LogPlayLevel: Creating play world package: /Game/Levels/UEDPIE_0_Space
[2017.04.27-19.06.40:233][600]LogPlayLevel: PIE: StaticDuplicateObject took: (0.023551s)
[2017.04.27-19.06.40:234][600]LogAIModule: Creating AISystem for world Space
[2017.04.27-19.06.40:234][600]LogPlayLevel: PIE: World Init took: (0.001039s)
[2017.04.27-19.06.40:235][600]LogPlayLevel: PIE: Created PIE world by copying editor world from /Game/Levels/Space.Space to /Game/Levels/UEDPIE_0_Space.Space (0.024930s)
[2017.04.27-19.06.40:253][600]LogInit: XAudio2 using 'Speakers (Realtek High Definition Audio)' : 2 channels at 48 kHz using 32 bits per sample (channel mask 0x3)
[2017.04.27-19.06.40:299][600]LogInit: FAudioDevice initialized.
[2017.04.27-19.06.40:357][600]LogLoad: Game class is 'Kuulamode_C'
[2017.04.27-19.06.40:365][600]LogWorld: Bringing World /Game/Levels/UEDPIE_0_Space.Space up for play (max tick rate 60) at 2017.04.27-22.06.40
[2017.04.27-19.06.40:367][600]LogWorld: Bringing up level for play took: 0.007655
[2017.04.27-19.06.40:415][600]LogContentBrowser: Native class hierarchy updated for 'MovieSceneCapture' in 0.0017 seconds. Added 11 classes and 0 folders.
[2017.04.27-19.06.40:420][600]PIE: Info Play in editor start time for /Game/Levels/UEDPIE_0_Space 0.67
[2017.04.27-19.06.40:420][600]LogBlueprintUserMessages: Late PlayInEditor Detection: Level '/Game/Levels/Space.Space:PersistentLevel' has LevelScriptBlueprint '/Game/Levels/Space.Space:PersistentLevel.Space' with GeneratedClass '/Game/Levels/Space.Space_C' with ClassGeneratedBy '/Game/Levels/Space.Space:PersistentLevel.Space'
[2017.04.27-19.06.40:448][600]LogRenderer: Reallocating scene render targets to support 1292x756 NumSamples 1 (Frame:3581).
[2017.04.27-19.06.43:605][767]LogBlueprintUserMessages: Early EndPlayMap Detection: Level '/Game/Levels/Space.Space:PersistentLevel' has LevelScriptBlueprint '/Game/Levels/Space.Space:PersistentLevel.Space' with GeneratedClass '/Game/Levels/Space.Space_C' with ClassGeneratedBy '/Game/Levels/Space.Space:PersistentLevel.Space'
[2017.04.27-19.06.43:668][767]LogBlueprintUserMessages: Late EndPlayMap Detection: Level '/Game/Levels/Space.Space:PersistentLevel' has LevelScriptBlueprint '/Game/Levels/Space.Space:PersistentLevel.Space' with GeneratedClass '/Game/Levels/Space.Space_C' with ClassGeneratedBy '/Game/Levels/Space.Space:PersistentLevel.Space'
[2017.04.27-19.06.44:737][826]LogTemp: Repeting last play command: New Editor Window (PIE)
[2017.04.27-19.06.44:754][826]LogBlueprintUserMessages: Early PlayInEditor Detection: Level '/Game/Levels/Space.Space:PersistentLevel' has LevelScriptBlueprint '/Game/Levels/Space.Space:PersistentLevel.Space' with GeneratedClass '/Game/Levels/Space.Space_C' with ClassGeneratedBy '/Game/Levels/Space.Space:PersistentLevel.Space'
[2017.04.27-19.06.44:755][826]LogPlayLevel: PlayLevel: No blueprints needed recompiling
[2017.04.27-19.06.44:755][826]PIE: New page: PIE session: Space (Apr 28, 2017, 1:06:44 AM)
[2017.04.27-19.06.44:755][826]LogPlayLevel: Creating play world package: /Game/Levels/UEDPIE_0_Space
[2017.04.27-19.06.44:779][826]LogPlayLevel: PIE: StaticDuplicateObject took: (0.024334s)
[2017.04.27-19.06.44:780][826]LogAIModule: Creating AISystem for world Space
[2017.04.27-19.06.44:780][826]LogPlayLevel: PIE: World Init took: (0.001072s)
[2017.04.27-19.06.44:780][826]LogPlayLevel: PIE: Created PIE world by copying editor world from /Game/Levels/Space.Space to /Game/Levels/UEDPIE_0_Space.Space (0.025689s)
[2017.04.27-19.06.44:801][826]LogInit: XAudio2 using 'Speakers (Realtek High Definition Audio)' : 2 channels at 48 kHz using 32 bits per sample (channel mask 0x3)
[2017.04.27-19.06.44:845][826]LogInit: FAudioDevice initialized.
[2017.04.27-19.06.44:891][826]LogLoad: Game class is 'Kuulamode_C'
[2017.04.27-19.06.44:898][826]LogWorld: Bringing World /Game/Levels/UEDPIE_0_Space.Space up for play (max tick rate 60) at 2017.04.27-22.06.44
[2017.04.27-19.06.44:900][826]LogWorld: Bringing up level for play took: 0.007675
[2017.04.27-19.06.44:905][826]PIE: Info Play in editor start time for /Game/Levels/UEDPIE_0_Space -0.845
[2017.04.27-19.06.44:905][826]LogBlueprintUserMessages: Late PlayInEditor Detection: Level '/Game/Levels/Space.Space:PersistentLevel' has LevelScriptBlueprint '/Game/Levels/Space.Space:PersistentLevel.Space' with GeneratedClass '/Game/Levels/Space.Space_C' with ClassGeneratedBy '/Game/Levels/Space.Space:PersistentLevel.Space'
[2017.04.27-19.06.51:947][244]LogBlueprintUserMessages: Early EndPlayMap Detection: Level '/Game/Levels/Space.Space:PersistentLevel' has LevelScriptBlueprint '/Game/Levels/Space.Space:PersistentLevel.Space' with GeneratedClass '/Game/Levels/Space.Space_C' with ClassGeneratedBy '/Game/Levels/Space.Space:PersistentLevel.Space'
[2017.04.27-19.06.52:007][244]LogBlueprintUserMessages: Late EndPlayMap Detection: Level '/Game/Levels/Space.Space:PersistentLevel' has LevelScriptBlueprint '/Game/Levels/Space.Space:PersistentLevel.Space' with GeneratedClass '/Game/Levels/Space.Space_C' with ClassGeneratedBy '/Game/Levels/Space.Space:PersistentLevel.Space'
[2017.04.27-19.06.52:923][294]LogTemp: Repeting last play command: New Editor Window (PIE)
[2017.04.27-19.06.52:941][294]LogBlueprintUserMessages: Early PlayInEditor Detection: Level '/Game/Levels/Space.Space:PersistentLevel' has LevelScriptBlueprint '/Game/Levels/Space.Space:PersistentLevel.Space' with GeneratedClass '/Game/Levels/Space.Space_C' with ClassGeneratedBy '/Game/Levels/Space.Space:PersistentLevel.Space'
[2017.04.27-19.06.52:941][294]LogPlayLevel: PlayLevel: No blueprints needed recompiling
[2017.04.27-19.06.52:941][294]PIE: New page: PIE session: Space (Apr 28, 2017, 1:06:52 AM)
[2017.04.27-19.06.52:941][294]LogPlayLevel: Creating play world package: /Game/Levels/UEDPIE_0_Space
[2017.04.27-19.06.52:960][294]LogPlayLevel: PIE: StaticDuplicateObject took: (0.019008s)
[2017.04.27-19.06.52:961][294]LogAIModule: Creating AISystem for world Space
[2017.04.27-19.06.52:961][294]LogPlayLevel: PIE: World Init took: (0.000986s)
[2017.04.27-19.06.52:961][294]LogPlayLevel: PIE: Created PIE world by copying editor world from /Game/Levels/Space.Space to /Game/Levels/UEDPIE_0_Space.Space (0.020252s)
[2017.04.27-19.06.52:985][294]LogInit: XAudio2 using 'Speakers (Realtek High Definition Audio)' : 2 channels at 48 kHz using 32 bits per sample (channel mask 0x3)
[2017.04.27-19.06.53:028][294]LogInit: FAudioDevice initialized.
[2017.04.27-19.06.53:074][294]LogLoad: Game class is 'Kuulamode_C'
[2017.04.27-19.06.53:081][294]LogWorld: Bringing World /Game/Levels/UEDPIE_0_Space.Space up for play (max tick rate 60) at 2017.04.27-22.06.53
[2017.04.27-19.06.53:083][294]LogWorld: Bringing up level for play took: 0.006816
[2017.04.27-19.06.53:088][294]PIE: Info Play in editor start time for /Game/Levels/UEDPIE_0_Space -0.662
[2017.04.27-19.06.53:088][294]LogBlueprintUserMessages: Late PlayInEditor Detection: Level '/Game/Levels/Space.Space:PersistentLevel' has LevelScriptBlueprint '/Game/Levels/Space.Space:PersistentLevel.Space' with GeneratedClass '/Game/Levels/Space.Space_C' with ClassGeneratedBy '/Game/Levels/Space.Space:PersistentLevel.Space'
[2017.04.27-19.06.55:961][464]LogBlueprintUserMessages: Early EndPlayMap Detection: Level '/Game/Levels/Space.Space:PersistentLevel' has LevelScriptBlueprint '/Game/Levels/Space.Space:PersistentLevel.Space' with GeneratedClass '/Game/Levels/Space.Space_C' with ClassGeneratedBy '/Game/Levels/Space.Space:PersistentLevel.Space'
[2017.04.27-19.06.56:021][464]LogBlueprintUserMessages: Late EndPlayMap Detection: Level '/Game/Levels/Space.Space:PersistentLevel' has LevelScriptBlueprint '/Game/Levels/Space.Space:PersistentLevel.Space' with GeneratedClass '/Game/Levels/Space.Space_C' with ClassGeneratedBy '/Game/Levels/Space.Space:PersistentLevel.Space'
[2017.04.27-19.06.56:822][507]LogTemp: Repeting last play command: New Editor Window (PIE)
[2017.04.27-19.06.56:840][507]LogBlueprintUserMessages: Early PlayInEditor Detection: Level '/Game/Levels/Space.Space:PersistentLevel' has LevelScriptBlueprint '/Game/Levels/Space.Space:PersistentLevel.Space' with GeneratedClass '/Game/Levels/Space.Space_C' with ClassGeneratedBy '/Game/Levels/Space.Space:PersistentLevel.Space'
[2017.04.27-19.06.56:840][507]LogPlayLevel: PlayLevel: No blueprints needed recompiling
[2017.04.27-19.06.56:840][507]PIE: New page: PIE session: Space (Apr 28, 2017, 1:06:56 AM)
[2017.04.27-19.06.56:840][507]LogPlayLevel: Creating play world package: /Game/Levels/UEDPIE_0_Space
[2017.04.27-19.06.56:861][507]LogPlayLevel: PIE: StaticDuplicateObject took: (0.020800s)
[2017.04.27-19.06.56:862][507]LogAIModule: Creating AISystem for world Space
[2017.04.27-19.06.56:862][507]LogPlayLevel: PIE: World Init took: (0.001035s)
[2017.04.27-19.06.56:863][507]LogPlayLevel: PIE: Created PIE world by copying editor world from /Game/Levels/Space.Space to /Game/Levels/UEDPIE_0_Space.Space (0.022101s)
[2017.04.27-19.06.56:886][507]LogInit: XAudio2 using 'Speakers (Realtek High Definition Audio)' : 2 channels at 48 kHz using 32 bits per sample (channel mask 0x3)
[2017.04.27-19.06.56:930][507]LogInit: FAudioDevice initialized.
[2017.04.27-19.06.56:972][507]LogLoad: Game class is 'Kuulamode_C'
[2017.04.27-19.06.56:979][507]LogWorld: Bringing World /Game/Levels/UEDPIE_0_Space.Space up for play (max tick rate 60) at 2017.04.27-22.06.56
[2017.04.27-19.06.56:981][507]LogWorld: Bringing up level for play took: 0.008366
[2017.04.27-19.06.56:987][507]PIE: Info Play in editor start time for /Game/Levels/UEDPIE_0_Space -0.763
[2017.04.27-19.06.56:987][507]LogBlueprintUserMessages: Late PlayInEditor Detection: Level '/Game/Levels/Space.Space:PersistentLevel' has LevelScriptBlueprint '/Game/Levels/Space.Space:PersistentLevel.Space' with GeneratedClass '/Game/Levels/Space.Space_C' with ClassGeneratedBy '/Game/Levels/Space.Space:PersistentLevel.Space'
[2017.04.27-19.06.59:745][670]LogBlueprintUserMessages: Early EndPlayMap Detection: Level '/Game/Levels/Space.Space:PersistentLevel' has LevelScriptBlueprint '/Game/Levels/Space.Space:PersistentLevel.Space' with GeneratedClass '/Game/Levels/Space.Space_C' with ClassGeneratedBy '/Game/Levels/Space.Space:PersistentLevel.Space'
[2017.04.27-19.06.59:805][670]LogBlueprintUserMessages: Late EndPlayMap Detection: Level '/Game/Levels/Space.Space:PersistentLevel' has LevelScriptBlueprint '/Game/Levels/Space.Space:PersistentLevel.Space' with GeneratedClass '/Game/Levels/Space.Space_C' with ClassGeneratedBy '/Game/Levels/Space.Space:PersistentLevel.Space'
[2017.04.27-19.07.00:644][715]LogTemp: Repeting last play command: New Editor Window (PIE)
[2017.04.27-19.07.00:660][715]LogBlueprintUserMessages: Early PlayInEditor Detection: Level '/Game/Levels/Space.Space:PersistentLevel' has LevelScriptBlueprint '/Game/Levels/Space.Space:PersistentLevel.Space' with GeneratedClass '/Game/Levels/Space.Space_C' with ClassGeneratedBy '/Game/Levels/Space.Space:PersistentLevel.Space'
[2017.04.27-19.07.00:660][715]LogPlayLevel: PlayLevel: No blueprints needed recompiling
[2017.04.27-19.07.00:660][715]PIE: New page: PIE session: Space (Apr 28, 2017, 1:07:00 AM)
[2017.04.27-19.07.00:660][715]LogPlayLevel: Creating play world package: /Game/Levels/UEDPIE_0_Space
[2017.04.27-19.07.00:681][715]LogPlayLevel: PIE: StaticDuplicateObject took: (0.020741s)
[2017.04.27-19.07.00:682][715]LogAIModule: Creating AISystem for world Space
[2017.04.27-19.07.00:682][715]LogPlayLevel: PIE: World Init took: (0.000944s)
[2017.04.27-19.07.00:682][715]LogPlayLevel: PIE: Created PIE world by copying editor world from /Game/Levels/Space.Space to /Game/Levels/UEDPIE_0_Space.Space (0.021976s)
[2017.04.27-19.07.00:706][715]LogInit: XAudio2 using 'Speakers (Realtek High Definition Audio)' : 2 channels at 48 kHz using 32 bits per sample (channel mask 0x3)
[2017.04.27-19.07.00:749][715]LogInit: FAudioDevice initialized.
[2017.04.27-19.07.00:793][715]LogLoad: Game class is 'Kuulamode_C'
[2017.04.27-19.07.00:798][715]LogWorld: Bringing World /Game/Levels/UEDPIE_0_Space.Space up for play (max tick rate 60) at 2017.04.27-22.07.00
[2017.04.27-19.07.00:800][715]LogWorld: Bringing up level for play took: 0.005622
[2017.04.27-19.07.00:805][715]PIE: Info Play in editor start time for /Game/Levels/UEDPIE_0_Space 1.055
[2017.04.27-19.07.00:806][715]LogBlueprintUserMessages: Late PlayInEditor Detection: Level '/Game/Levels/Space.Space:PersistentLevel' has LevelScriptBlueprint '/Game/Levels/Space.Space:PersistentLevel.Space' with GeneratedClass '/Game/Levels/Space.Space_C' with ClassGeneratedBy '/Game/Levels/Space.Space:PersistentLevel.Space'
[2017.04.27-19.07.02:663][824]LogBlueprintUserMessages: Early EndPlayMap Detection: Level '/Game/Levels/Space.Space:PersistentLevel' has LevelScriptBlueprint '/Game/Levels/Space.Space:PersistentLevel.Space' with GeneratedClass '/Game/Levels/Space.Space_C' with ClassGeneratedBy '/Game/Levels/Space.Space:PersistentLevel.Space'
[2017.04.27-19.07.02:730][824]LogBlueprintUserMessages: Late EndPlayMap Detection: Level '/Game/Levels/Space.Space:PersistentLevel' has LevelScriptBlueprint '/Game/Levels/Space.Space:PersistentLevel.Space' with GeneratedClass '/Game/Levels/Space.Space_C' with ClassGeneratedBy '/Game/Levels/Space.Space:PersistentLevel.Space'
[2017.04.27-19.07.07:296][957]LogEditorViewport: Clicking on Actor (context menu): Landscape (Landscape)
[2017.04.27-19.07.09:035][ 43]LogEditorViewport: Clicking on Actor (LMB): Landscape (Landscape)
[2017.04.27-19.07.50:502][519]Cmd: OBJ SAVEPACKAGE PACKAGE="/Game/Blueprints/MaksalaatikkoSpawner" FILE="C:/Users/Teemu/Desktop/Arsi 27.4/ArsiSim/Content/Blueprints/MaksalaatikkoSpawner.uasset" SILENT=true
[2017.04.27-19.07.50:543][519]LogSavePackage: Save=17.44ms
[2017.04.27-19.07.50:543][519]LogSavePackage: Moving 'C:/Users/Teemu/Desktop/Arsi 27.4/ArsiSim/Saved/MaksalaatikkoSpawnerF4A918A64A3CA8BD3230CCBED5E5FAB8.tmp' to 'C:/Users/Teemu/Desktop/Arsi 27.4/ArsiSim/Content/Blueprints/MaksalaatikkoSpawner.uasset'
[2017.04.27-19.07.50:548][519]LogSavePackage:Display: Finished SavePackage C:/Users/Teemu/Desktop/Arsi 27.4/ArsiSim/Content/Blueprints/MaksalaatikkoSpawner.uasset
[2017.04.27-19.07.52:481][635]LogTemp: Repeting last play command: New Editor Window (PIE)
[2017.04.27-19.07.52:499][635]LogBlueprintUserMessages: Early PlayInEditor Detection: Level '/Game/Levels/Space.Space:PersistentLevel' has LevelScriptBlueprint '/Game/Levels/Space.Space:PersistentLevel.Space' with GeneratedClass '/Game/Levels/Space.Space_C' with ClassGeneratedBy '/Game/Levels/Space.Space:PersistentLevel.Space'
[2017.04.27-19.07.52:499][635]LogPlayLevel: PlayLevel: No blueprints needed recompiling
[2017.04.27-19.07.52:499][635]PIE: New page: PIE session: Space (Apr 28, 2017, 1:07:52 AM)
[2017.04.27-19.07.52:499][635]LogPlayLevel: Creating play world package: /Game/Levels/UEDPIE_0_Space
[2017.04.27-19.07.52:522][635]LogPlayLevel: PIE: StaticDuplicateObject took: (0.022756s)
[2017.04.27-19.07.52:523][635]LogAIModule: Creating AISystem for world Space
[2017.04.27-19.07.52:523][635]LogPlayLevel: PIE: World Init took: (0.001012s)
[2017.04.27-19.07.52:523][635]LogPlayLevel: PIE: Created PIE world by copying editor world from /Game/Levels/Space.Space to /Game/Levels/UEDPIE_0_Space.Space (0.024068s)
[2017.04.27-19.07.52:543][635]LogInit: XAudio2 using 'Speakers (Realtek High Definition Audio)' : 2 channels at 48 kHz using 32 bits per sample (channel mask 0x3)
[2017.04.27-19.07.52:586][635]LogInit: FAudioDevice initialized.
[2017.04.27-19.07.52:627][635]LogLoad: Game class is 'Kuulamode_C'
[2017.04.27-19.07.52:633][635]LogWorld: Bringing World /Game/Levels/UEDPIE_0_Space.Space up for play (max tick rate 60) at 2017.04.27-22.07.52
[2017.04.27-19.07.52:635][635]LogWorld: Bringing up level for play took: 0.005557
[2017.04.27-19.07.52:641][635]PIE: Info Play in editor start time for /Game/Levels/UEDPIE_0_Space 0.89
[2017.04.27-19.07.52:641][635]LogBlueprintUserMessages: Late PlayInEditor Detection: Level '/Game/Levels/Space.Space:PersistentLevel' has LevelScriptBlueprint '/Game/Levels/Space.Space:PersistentLevel.Space' with GeneratedClass '/Game/Levels/Space.Space_C' with ClassGeneratedBy '/Game/Levels/Space.Space:PersistentLevel.Space'
[2017.04.27-19.08.00:870][117]LogBlueprintUserMessages: Early EndPlayMap Detection: Level '/Game/Levels/Space.Space:PersistentLevel' has LevelScriptBlueprint '/Game/Levels/Space.Space:PersistentLevel.Space' with GeneratedClass '/Game/Levels/Space.Space_C' with ClassGeneratedBy '/Game/Levels/Space.Space:PersistentLevel.Space'
[2017.04.27-19.08.00:950][117]LogBlueprintUserMessages: Late EndPlayMap Detection: Level '/Game/Levels/Space.Space:PersistentLevel' has LevelScriptBlueprint '/Game/Levels/Space.Space:PersistentLevel.Space' with GeneratedClass '/Game/Levels/Space.Space_C' with ClassGeneratedBy '/Game/Levels/Space.Space:PersistentLevel.Space'
[2017.04.27-19.09.15:617][312]Cmd: DELETE
[2017.04.27-19.09.15:617][312]Cmd: ACTOR DELETE
[2017.04.27-19.09.15:618][312]LogEditorActor: Deleted Actor: MaksalaatikkoSpawner_C
[2017.04.27-19.09.15:619][312]LogEditorActor: Deleted Actor: MaksalaatikkoSpawner_C
[2017.04.27-19.09.15:619][312]LogEditorActor: Deleted Actor: MaksalaatikkoSpawner_C
[2017.04.27-19.09.15:638][312]LogEditorActor: Deleted 3 Actors (0.021 secs)
[2017.04.27-19.09.38:066][642]LogSlate:Warning: Prevented a slow task dialog from being summoned while a context menu was open
[2017.04.27-19.09.43:969][993]BlueprintLog: New page: Compile MaksalaatikkoSpawner
[2017.04.27-19.09.44:027][993]LogBlueprint:Error: [Compiler MaksalaatikkoSpawner] Error Can't connect pins  Target Array  and  Out Actors : Array of Maksalaatikko Spawner References is not compatible with Array of Maksa Laatikko Spawn References.
[2017.04.27-19.09.44:027][993]LogBlueprint:Error: [Compiler MaksalaatikkoSpawner] Error Can't connect pins  Out Actors  and  Target Array : Array of Maksa Laatikko Spawn References is not compatible with Array of Maksalaatikko Spawner References.
[2017.04.27-19.09.44:039][993]LogBlueprint:Error: [Compiler MaksalaatikkoSpawner] Error Invalid pin connection from ' Out Actors ' to ' Target Array '. You may have changed the type after the connections were made.
[2017.04.27-19.09.44:213][993]BlueprintEditorCompileResults:Error: Error Can't connect pins  Target Array  and  Out Actors : Array of Maksalaatikko Spawner References is not compatible with Array of Maksa Laatikko Spawn References.
[2017.04.27-19.09.44:213][993]BlueprintEditorCompileResults:Error: Error Can't connect pins  Out Actors  and  Target Array : Array of Maksa Laatikko Spawn References is not compatible with Array of Maksalaatikko Spawner References.
[2017.04.27-19.09.44:213][993]BlueprintEditorCompileResults:Error: Error Invalid pin connection from ' Out Actors ' to ' Target Array '. You may have changed the type after the connections were made.
[2017.04.27-19.09.44:214][993]LogBlueprint:Warning: [Compiler MaksalaatikkoSpawner] Warning [0553.43] Compile of MaksalaatikkoSpawner failed. 3 Fatal Issue(s) 0 Warning(s) [in 244 ms] (/Game/Blueprints/MaksalaatikkoSpawner.MaksalaatikkoSpawner)
[2017.04.27-19.09.56:189][693]LogSlate:Warning: Prevented a slow task dialog from being summoned while a context menu was open
[2017.04.27-19.10.12:596][664]BlueprintLog: New page: Compile MaksalaatikkoSpawner
[2017.04.27-19.10.13:458][708]Cmd: OBJ SAVEPACKAGE PACKAGE="/Game/Blueprints/MaksalaatikkoSpawner" FILE="C:/Users/Teemu/Desktop/Arsi 27.4/ArsiSim/Content/Blueprints/MaksalaatikkoSpawner.uasset" SILENT=true
[2017.04.27-19.10.13:505][708]LogSavePackage: Save=16.01ms
[2017.04.27-19.10.13:505][708]LogSavePackage: Moving 'C:/Users/Teemu/Desktop/Arsi 27.4/ArsiSim/Saved/MaksalaatikkoSpawner1051E7404AD1BB353A0E2E8AC4E055B6.tmp' to 'C:/Users/Teemu/Desktop/Arsi 27.4/ArsiSim/Content/Blueprints/MaksalaatikkoSpawner.uasset'
[2017.04.27-19.10.13:511][708]LogSavePackage:Display: Finished SavePackage C:/Users/Teemu/Desktop/Arsi 27.4/ArsiSim/Content/Blueprints/MaksalaatikkoSpawner.uasset
[2017.04.27-19.10.18:573][  3]Cmd: OBJ SAVEPACKAGE PACKAGE="/Game/Levels/Space" FILE="C:/Users/Teemu/Desktop/Arsi 27.4/ArsiSim/Content/Levels/Space.umap" SILENT=true AUTOSAVING=false KEEPDIRTY=false
[2017.04.27-19.10.18:891][  3]LogSavePackage: Save=275.57ms
[2017.04.27-19.10.18:891][  3]LogSavePackage: Moving 'C:/Users/Teemu/Desktop/Arsi 27.4/ArsiSim/Saved/SpaceE69C349A4B2BFC0235F06BB06BEF550B.tmp' to 'C:/Users/Teemu/Desktop/Arsi 27.4/ArsiSim/Content/Levels/Space.umap'
[2017.04.27-19.10.18:899][  3]LogSavePackage:Display: Finished SavePackage C:/Users/Teemu/Desktop/Arsi 27.4/ArsiSim/Content/Levels/Space.umap
[2017.04.27-19.10.18:948][  3]Cmd: OBJ SAVEPACKAGE PACKAGE="/Game/Blueprints/Space_BuiltData" FILE="C:/Users/Teemu/Desktop/Arsi 27.4/ArsiSim/Content/Blueprints/Space_BuiltData.uasset" SILENT=true
[2017.04.27-19.10.19:323][  3]LogSavePackage: Save=352.49ms
[2017.04.27-19.10.19:323][  3]LogSavePackage: Moving 'C:/Users/Teemu/Desktop/Arsi 27.4/ArsiSim/Saved/Space_BuiltDataE163C1FD4F66ADDA8E99CF8DC22D30E7.tmp' to 'C:/Users/Teemu/Desktop/Arsi 27.4/ArsiSim/Content/Blueprints/Space_BuiltData.uasset'
[2017.04.27-19.10.19:327][  3]LogSavePackage:Display: Finished SavePackage C:/Users/Teemu/Desktop/Arsi 27.4/ArsiSim/Content/Blueprints/Space_BuiltData.uasset
[2017.04.27-19.10.19:744][ 28]LogTemp: Repeting last play command: New Editor Window (PIE)
[2017.04.27-19.10.19:768][ 28]LogBlueprintUserMessages: Early PlayInEditor Detection: Level '/Game/Levels/Space.Space:PersistentLevel' has LevelScriptBlueprint '/Game/Levels/Space.Space:PersistentLevel.Space' with GeneratedClass '/Game/Levels/Space.Space_C' with ClassGeneratedBy '/Game/Levels/Space.Space:PersistentLevel.Space'
[2017.04.27-19.10.19:768][ 28]LogPlayLevel: PlayLevel: No blueprints needed recompiling
[2017.04.27-19.10.19:768][ 28]PIE: New page: PIE session: Space (Apr 28, 2017, 1:10:19 AM)
[2017.04.27-19.10.19:768][ 28]LogPlayLevel: Creating play world package: /Game/Levels/UEDPIE_0_Space
[2017.04.27-19.10.19:792][ 28]LogPlayLevel: PIE: StaticDuplicateObject took: (0.023120s)
[2017.04.27-19.10.19:792][ 28]LogAIModule: Creating AISystem for world Space
[2017.04.27-19.10.19:793][ 28]LogPlayLevel: PIE: World Init took: (0.000977s)
[2017.04.27-19.10.19:793][ 28]LogPlayLevel: PIE: Created PIE world by copying editor world from /Game/Levels/Space.Space to /Game/Levels/UEDPIE_0_Space.Space (0.024372s)
[2017.04.27-19.10.19:822][ 28]LogInit: XAudio2 using 'Speakers (Realtek High Definition Audio)' : 2 channels at 48 kHz using 32 bits per sample (channel mask 0x3)
[2017.04.27-19.10.19:889][ 28]LogInit: FAudioDevice initialized.
[2017.04.27-19.10.19:940][ 28]LogLoad: Game class is 'Kuulamode_C'
[2017.04.27-19.10.19:946][ 28]LogWorld: Bringing World /Game/Levels/UEDPIE_0_Space.Space up for play (max tick rate 60) at 2017.04.27-22.10.19
[2017.04.27-19.10.19:948][ 28]LogWorld: Bringing up level for play took: 0.007083
[2017.04.27-19.10.19:957][ 28]PIE: Info Play in editor start time for /Game/Levels/UEDPIE_0_Space 0.206
[2017.04.27-19.10.19:958][ 28]LogBlueprintUserMessages: Late PlayInEditor Detection: Level '/Game/Levels/Space.Space:PersistentLevel' has LevelScriptBlueprint '/Game/Levels/Space.Space:PersistentLevel.Space' with GeneratedClass '/Game/Levels/Space.Space_C' with ClassGeneratedBy '/Game/Levels/Space.Space:PersistentLevel.Space'
[2017.04.27-19.10.24:684][307]LogBlueprintUserMessages: Early EndPlayMap Detection: Level '/Game/Levels/Space.Space:PersistentLevel' has LevelScriptBlueprint '/Game/Levels/Space.Space:PersistentLevel.Space' with GeneratedClass '/Game/Levels/Space.Space_C' with ClassGeneratedBy '/Game/Levels/Space.Space:PersistentLevel.Space'
[2017.04.27-19.10.24:757][307]LogBlueprintUserMessages: Late EndPlayMap Detection: Level '/Game/Levels/Space.Space:PersistentLevel' has LevelScriptBlueprint '/Game/Levels/Space.Space:PersistentLevel.Space' with GeneratedClass '/Game/Levels/Space.Space_C' with ClassGeneratedBy '/Game/Levels/Space.Space:PersistentLevel.Space'
[2017.04.27-19.10.28:076][499]LogTemp: Repeting last play command: New Editor Window (PIE)
[2017.04.27-19.10.28:093][499]LogBlueprintUserMessages: Early PlayInEditor Detection: Level '/Game/Levels/Space.Space:PersistentLevel' has LevelScriptBlueprint '/Game/Levels/Space.Space:PersistentLevel.Space' with GeneratedClass '/Game/Levels/Space.Space_C' with ClassGeneratedBy '/Game/Levels/Space.Space:PersistentLevel.Space'
[2017.04.27-19.10.28:094][499]LogPlayLevel: PlayLevel: No blueprints needed recompiling
[2017.04.27-19.10.28:094][499]PIE: New page: PIE session: Space (Apr 28, 2017, 1:10:28 AM)
[2017.04.27-19.10.28:094][499]LogPlayLevel: Creating play world package: /Game/Levels/UEDPIE_0_Space
[2017.04.27-19.10.28:116][499]LogPlayLevel: PIE: StaticDuplicateObject took: (0.022639s)
[2017.04.27-19.10.28:118][499]LogAIModule: Creating AISystem for world Space
[2017.04.27-19.10.28:118][499]LogPlayLevel: PIE: World Init took: (0.000934s)
[2017.04.27-19.10.28:118][499]LogPlayLevel: PIE: Created PIE world by copying editor world from /Game/Levels/Space.Space to /Game/Levels/UEDPIE_0_Space.Space (0.023904s)
[2017.04.27-19.10.28:138][499]LogInit: XAudio2 using 'Speakers (Realtek High Definition Audio)' : 2 channels at 48 kHz using 32 bits per sample (channel mask 0x3)
[2017.04.27-19.10.28:180][499]LogInit: FAudioDevice initialized.
[2017.04.27-19.10.28:228][499]LogLoad: Game class is 'Kuulamode_C'
[2017.04.27-19.10.28:233][499]LogWorld: Bringing World /Game/Levels/UEDPIE_0_Space.Space up for play (max tick rate 60) at 2017.04.27-22.10.28
[2017.04.27-19.10.28:235][499]LogWorld: Bringing up level for play took: 0.005837
[2017.04.27-19.10.28:245][499]PIE: Info Play in editor start time for /Game/Levels/UEDPIE_0_Space 0.494
[2017.04.27-19.10.28:245][499]LogBlueprintUserMessages: Late PlayInEditor Detection: Level '/Game/Levels/Space.Space:PersistentLevel' has LevelScriptBlueprint '/Game/Levels/Space.Space:PersistentLevel.Space' with GeneratedClass '/Game/Levels/Space.Space_C' with ClassGeneratedBy '/Game/Levels/Space.Space:PersistentLevel.Space'
[2017.04.27-19.10.30:679][641]LogBlueprintUserMessages: Early EndPlayMap Detection: Level '/Game/Levels/Space.Space:PersistentLevel' has LevelScriptBlueprint '/Game/Levels/Space.Space:PersistentLevel.Space' with GeneratedClass '/Game/Levels/Space.Space_C' with ClassGeneratedBy '/Game/Levels/Space.Space:PersistentLevel.Space'
[2017.04.27-19.10.30:760][641]LogBlueprintUserMessages: Late EndPlayMap Detection: Level '/Game/Levels/Space.Space:PersistentLevel' has LevelScriptBlueprint '/Game/Levels/Space.Space:PersistentLevel.Space' with GeneratedClass '/Game/Levels/Space.Space_C' with ClassGeneratedBy '/Game/Levels/Space.Space:PersistentLevel.Space'
[2017.04.27-19.10.31:602][687]LogTemp: Repeting last play command: New Editor Window (PIE)
[2017.04.27-19.10.31:620][687]LogBlueprintUserMessages: Early PlayInEditor Detection: Level '/Game/Levels/Space.Space:PersistentLevel' has LevelScriptBlueprint '/Game/Levels/Space.Space:PersistentLevel.Space' with GeneratedClass '/Game/Levels/Space.Space_C' with ClassGeneratedBy '/Game/Levels/Space.Space:PersistentLevel.Space'
[2017.04.27-19.10.31:620][687]LogPlayLevel: PlayLevel: No blueprints needed recompiling
[2017.04.27-19.10.31:620][687]PIE: New page: PIE session: Space (Apr 28, 2017, 1:10:31 AM)
[2017.04.27-19.10.31:621][687]LogPlayLevel: Creating play world package: /Game/Levels/UEDPIE_0_Space
[2017.04.27-19.10.31:643][687]LogPlayLevel: PIE: StaticDuplicateObject took: (0.021695s)
[2017.04.27-19.10.31:644][687]LogAIModule: Creating AISystem for world Space
[2017.04.27-19.10.31:644][687]LogPlayLevel: PIE: World Init took: (0.001029s)
[2017.04.27-19.10.31:644][687]LogPlayLevel: PIE: Created PIE world by copying editor world from /Game/Levels/Space.Space to /Game/Levels/UEDPIE_0_Space.Space (0.023016s)
[2017.04.27-19.10.31:666][687]LogInit: XAudio2 using 'Speakers (Realtek High Definition Audio)' : 2 channels at 48 kHz using 32 bits per sample (channel mask 0x3)
[2017.04.27-19.10.31:712][687]LogInit: FAudioDevice initialized.
[2017.04.27-19.10.31:761][687]LogLoad: Game class is 'Kuulamode_C'
[2017.04.27-19.10.31:765][687]LogWorld: Bringing World /Game/Levels/UEDPIE_0_Space.Space up for play (max tick rate 60) at 2017.04.27-22.10.31
[2017.04.27-19.10.31:767][687]LogWorld: Bringing up level for play took: 0.005459
[2017.04.27-19.10.31:777][687]PIE: Info Play in editor start time for /Game/Levels/UEDPIE_0_Space 0.027
[2017.04.27-19.10.31:777][687]LogBlueprintUserMessages: Late PlayInEditor Detection: Level '/Game/Levels/Space.Space:PersistentLevel' has LevelScriptBlueprint '/Game/Levels/Space.Space:PersistentLevel.Space' with GeneratedClass '/Game/Levels/Space.Space_C' with ClassGeneratedBy '/Game/Levels/Space.Space:PersistentLevel.Space'
[2017.04.27-19.10.33:924][811]LogBlueprintUserMessages: Early EndPlayMap Detection: Level '/Game/Levels/Space.Space:PersistentLevel' has LevelScriptBlueprint '/Game/Levels/Space.Space:PersistentLevel.Space' with GeneratedClass '/Game/Levels/Space.Space_C' with ClassGeneratedBy '/Game/Levels/Space.Space:PersistentLevel.Space'
[2017.04.27-19.10.33:997][811]LogBlueprintUserMessages: Late EndPlayMap Detection: Level '/Game/Levels/Space.Space:PersistentLevel' has LevelScriptBlueprint '/Game/Levels/Space.Space:PersistentLevel.Space' with GeneratedClass '/Game/Levels/Space.Space_C' with ClassGeneratedBy '/Game/Levels/Space.Space:PersistentLevel.Space'
[2017.04.27-19.10.34:610][843]LogTemp: Repeting last play command: New Editor Window (PIE)
[2017.04.27-19.10.34:627][843]LogBlueprintUserMessages: Early PlayInEditor Detection: Level '/Game/Levels/Space.Space:PersistentLevel' has LevelScriptBlueprint '/Game/Levels/Space.Space:PersistentLevel.Space' with GeneratedClass '/Game/Levels/Space.Space_C' with ClassGeneratedBy '/Game/Levels/Space.Space:PersistentLevel.Space'
[2017.04.27-19.10.34:627][843]LogPlayLevel: PlayLevel: No blueprints needed recompiling
[2017.04.27-19.10.34:627][843]PIE: New page: PIE session: Space (Apr 28, 2017, 1:10:34 AM)
[2017.04.27-19.10.34:627][843]LogPlayLevel: Creating play world package: /Game/Levels/UEDPIE_0_Space
[2017.04.27-19.10.34:647][843]LogPlayLevel: PIE: StaticDuplicateObject took: (0.019149s)
[2017.04.27-19.10.34:647][843]LogAIModule: Creating AISystem for world Space
[2017.04.27-19.10.34:648][843]LogPlayLevel: PIE: World Init took: (0.001069s)
[2017.04.27-19.10.34:648][843]LogPlayLevel: PIE: Created PIE world by copying editor world from /Game/Levels/Space.Space to /Game/Levels/UEDPIE_0_Space.Space (0.020546s)
[2017.04.27-19.10.34:673][843]LogInit: XAudio2 using 'Speakers (Realtek High Definition Audio)' : 2 channels at 48 kHz using 32 bits per sample (channel mask 0x3)
[2017.04.27-19.10.34:715][843]LogInit: FAudioDevice initialized.
[2017.04.27-19.10.34:766][843]LogLoad: Game class is 'Kuulamode_C'
[2017.04.27-19.10.34:773][843]LogWorld: Bringing World /Game/Levels/UEDPIE_0_Space.Space up for play (max tick rate 60) at 2017.04.27-22.10.34
[2017.04.27-19.10.34:776][843]LogWorld: Bringing up level for play took: 0.008264
[2017.04.27-19.10.34:783][843]PIE: Info Play in editor start time for /Game/Levels/UEDPIE_0_Space 1.033
[2017.04.27-19.10.34:784][843]LogBlueprintUserMessages: Late PlayInEditor Detection: Level '/Game/Levels/Space.Space:PersistentLevel' has LevelScriptBlueprint '/Game/Levels/Space.Space:PersistentLevel.Space' with GeneratedClass '/Game/Levels/Space.Space_C' with ClassGeneratedBy '/Game/Levels/Space.Space:PersistentLevel.Space'
[2017.04.27-19.10.36:311][930]LogBlueprintUserMessages: Early EndPlayMap Detection: Level '/Game/Levels/Space.Space:PersistentLevel' has LevelScriptBlueprint '/Game/Levels/Space.Space:PersistentLevel.Space' with GeneratedClass '/Game/Levels/Space.Space_C' with ClassGeneratedBy '/Game/Levels/Space.Space:PersistentLevel.Space'
[2017.04.27-19.10.36:385][930]LogBlueprintUserMessages: Late EndPlayMap Detection: Level '/Game/Levels/Space.Space:PersistentLevel' has LevelScriptBlueprint '/Game/Levels/Space.Space:PersistentLevel.Space' with GeneratedClass '/Game/Levels/Space.Space_C' with ClassGeneratedBy '/Game/Levels/Space.Space:PersistentLevel.Space'
[2017.04.27-19.10.36:923][957]LogTemp: Repeting last play command: New Editor Window (PIE)
[2017.04.27-19.10.36:941][957]LogBlueprintUserMessages: Early PlayInEditor Detection: Level '/Game/Levels/Space.Space:PersistentLevel' has LevelScriptBlueprint '/Game/Levels/Space.Space:PersistentLevel.Space' with GeneratedClass '/Game/Levels/Space.Space_C' with ClassGeneratedBy '/Game/Levels/Space.Space:PersistentLevel.Space'
[2017.04.27-19.10.36:941][957]LogPlayLevel: PlayLevel: No blueprints needed recompiling
[2017.04.27-19.10.36:941][957]PIE: New page: PIE session: Space (Apr 28, 2017, 1:10:36 AM)
[2017.04.27-19.10.36:941][957]LogPlayLevel: Creating play world package: /Game/Levels/UEDPIE_0_Space
[2017.04.27-19.10.36:962][957]LogPlayLevel: PIE: StaticDuplicateObject took: (0.021438s)
[2017.04.27-19.10.36:963][957]LogAIModule: Creating AISystem for world Space
[2017.04.27-19.10.36:964][957]LogPlayLevel: PIE: World Init took: (0.001145s)
[2017.04.27-19.10.36:964][957]LogPlayLevel: PIE: Created PIE world by copying editor world from /Game/Levels/Space.Space to /Game/Levels/UEDPIE_0_Space.Space (0.022939s)
[2017.04.27-19.10.36:988][957]LogInit: XAudio2 using 'Speakers (Realtek High Definition Audio)' : 2 channels at 48 kHz using 32 bits per sample (channel mask 0x3)
[2017.04.27-19.10.37:031][957]LogInit: FAudioDevice initialized.
[2017.04.27-19.10.37:084][957]LogLoad: Game class is 'Kuulamode_C'
[2017.04.27-19.10.37:092][957]LogWorld: Bringing World /Game/Levels/UEDPIE_0_Space.Space up for play (max tick rate 60) at 2017.04.27-22.10.37
[2017.04.27-19.10.37:094][957]LogWorld: Bringing up level for play took: 0.008296
[2017.04.27-19.10.37:101][957]PIE: Info Play in editor start time for /Game/Levels/UEDPIE_0_Space -0.65
[2017.04.27-19.10.37:101][957]LogBlueprintUserMessages: Late PlayInEditor Detection: Level '/Game/Levels/Space.Space:PersistentLevel' has LevelScriptBlueprint '/Game/Levels/Space.Space:PersistentLevel.Space' with GeneratedClass '/Game/Levels/Space.Space_C' with ClassGeneratedBy '/Game/Levels/Space.Space:PersistentLevel.Space'
[2017.04.27-19.10.38:576][ 41]LogBlueprintUserMessages: Early EndPlayMap Detection: Level '/Game/Levels/Space.Space:PersistentLevel' has LevelScriptBlueprint '/Game/Levels/Space.Space:PersistentLevel.Space' with GeneratedClass '/Game/Levels/Space.Space_C' with ClassGeneratedBy '/Game/Levels/Space.Space:PersistentLevel.Space'
[2017.04.27-19.10.38:658][ 41]LogBlueprintUserMessages: Late EndPlayMap Detection: Level '/Game/Levels/Space.Space:PersistentLevel' has LevelScriptBlueprint '/Game/Levels/Space.Space:PersistentLevel.Space' with GeneratedClass '/Game/Levels/Space.Space_C' with ClassGeneratedBy '/Game/Levels/Space.Space:PersistentLevel.Space'
[2017.04.27-19.10.47:954][592]LogTemp: Repeting last play command: New Editor Window (PIE)
[2017.04.27-19.10.47:972][592]LogBlueprintUserMessages: Early PlayInEditor Detection: Level '/Game/Levels/Space.Space:PersistentLevel' has LevelScriptBlueprint '/Game/Levels/Space.Space:PersistentLevel.Space' with GeneratedClass '/Game/Levels/Space.Space_C' with ClassGeneratedBy '/Game/Levels/Space.Space:PersistentLevel.Space'
[2017.04.27-19.10.47:972][592]LogPlayLevel: PlayLevel: No blueprints needed recompiling
[2017.04.27-19.10.47:972][592]PIE: New page: PIE session: Space (Apr 28, 2017, 1:10:47 AM)
[2017.04.27-19.10.47:973][592]LogPlayLevel: Creating play world package: /Game/Levels/UEDPIE_0_Space
[2017.04.27-19.10.47:995][592]LogPlayLevel: PIE: StaticDuplicateObject took: (0.022488s)
[2017.04.27-19.10.47:996][592]LogAIModule: Creating AISystem for world Space
[2017.04.27-19.10.47:996][592]LogPlayLevel: PIE: World Init took: (0.001183s)
[2017.04.27-19.10.47:996][592]LogPlayLevel: PIE: Created PIE world by copying editor world from /Game/Levels/Space.Space to /Game/Levels/UEDPIE_0_Space.Space (0.023948s)
[2017.04.27-19.10.48:015][592]LogInit: XAudio2 using 'Speakers (Realtek High Definition Audio)' : 2 channels at 48 kHz using 32 bits per sample (channel mask 0x3)
[2017.04.27-19.10.48:056][592]LogInit: FAudioDevice initialized.
[2017.04.27-19.10.48:105][592]LogLoad: Game class is 'Kuulamode_C'
[2017.04.27-19.10.48:110][592]LogWorld: Bringing World /Game/Levels/UEDPIE_0_Space.Space up for play (max tick rate 60) at 2017.04.27-22.10.48
[2017.04.27-19.10.48:112][592]LogWorld: Bringing up level for play took: 0.005721
[2017.04.27-19.10.48:122][592]PIE: Info Play in editor start time for /Game/Levels/UEDPIE_0_Space 0.372
[2017.04.27-19.10.48:122][592]LogBlueprintUserMessages: Late PlayInEditor Detection: Level '/Game/Levels/Space.Space:PersistentLevel' has LevelScriptBlueprint '/Game/Levels/Space.Space:PersistentLevel.Space' with GeneratedClass '/Game/Levels/Space.Space_C' with ClassGeneratedBy '/Game/Levels/Space.Space:PersistentLevel.Space'
[2017.04.27-19.11.04:944][597]LogBlueprintUserMessages: Early EndPlayMap Detection: Level '/Game/Levels/Space.Space:PersistentLevel' has LevelScriptBlueprint '/Game/Levels/Space.Space:PersistentLevel.Space' with GeneratedClass '/Game/Levels/Space.Space_C' with ClassGeneratedBy '/Game/Levels/Space.Space:PersistentLevel.Space'
[2017.04.27-19.11.05:022][597]LogBlueprintUserMessages: Late EndPlayMap Detection: Level '/Game/Levels/Space.Space:PersistentLevel' has LevelScriptBlueprint '/Game/Levels/Space.Space:PersistentLevel.Space' with GeneratedClass '/Game/Levels/Space.Space_C' with ClassGeneratedBy '/Game/Levels/Space.Space:PersistentLevel.Space'
[2017.04.27-19.11.25:356][672]LogEditorViewport: Clicking on Actor (LMB): Skybox_bp_C (Skybox_bp)
[2017.04.27-19.11.43:888][524]Cmd: OBJ SAVEPACKAGE PACKAGE="/Game/Blueprints/MaksaLaatikkoSpawn" FILE="C:/Users/Teemu/Desktop/Arsi 27.4/ArsiSim/Content/Blueprints/MaksaLaatikkoSpawn.uasset" SILENT=true
[2017.04.27-19.11.43:897][524]LogSavePackage: Save=7.82ms
[2017.04.27-19.11.43:897][524]LogSavePackage: Moving 'C:/Users/Teemu/Desktop/Arsi 27.4/ArsiSim/Saved/MaksaLaatikkoSpawn3400258D40EC90BDF8B12399AA04E3CF.tmp' to 'C:/Users/Teemu/Desktop/Arsi 27.4/ArsiSim/Content/Blueprints/MaksaLaatikkoSpawn.uasset'
[2017.04.27-19.11.43:902][524]LogSavePackage:Display: Finished SavePackage C:/Users/Teemu/Desktop/Arsi 27.4/ArsiSim/Content/Blueprints/MaksaLaatikkoSpawn.uasset
[2017.04.27-19.11.44:103][524]LogActorComponent: UnregisterComponent: (/Engine/Transient.EditorFloorComp) Not registered. Aborting.
[2017.04.27-19.11.44:396][525]Cmd: QUIT_EDITOR
[2017.04.27-19.11.45:126][525]LogWindowsTextInputMethodSystem:Display: IME system now deactivated.
[2017.04.27-19.11.45:164][525]LogExit: Preparing to exit.
[2017.04.27-19.11.45:839][525]LogExit: Editor shut down
[2017.04.27-19.11.45:841][525]LogExit: Transaction tracking system shut down
[2017.04.27-19.11.45:960][525]LogObj: Freed 0b from 0 cluster array pools.
[2017.04.27-19.11.45:960][525]LogExit: Object subsystem successfully closed.
[2017.04.27-19.11.45:976][525]LogD3D11RHI: Shutdown
[2017.04.27-19.11.45:976][525]LogD3D11RHI: CleanupD3DDevice
[2017.04.27-19.11.46:095][525]LogD3D11RHI: ~FD3D11DynamicRHI
[2017.04.27-19.11.46:108][525]LogModuleManager: Shutting down and abandoning module MovieSceneCapture (504)
[2017.04.27-19.11.46:108][525]LogModuleManager: Shutting down and abandoning module BlueprintGraph (502)
[2017.04.27-19.11.46:108][525]LogModuleManager: Shutting down and abandoning module BlueprintProfiler (500)
[2017.04.27-19.11.46:108][525]LogModuleManager: Shutting down and abandoning module StatsViewer (498)
[2017.04.27-19.11.46:108][525]LogModuleManager: Shutting down and abandoning module HierarchicalLODOutliner (496)
[2017.04.27-19.11.46:108][525]LogModuleManager: Shutting down and abandoning module CrashTracker (494)
[2017.04.27-19.11.46:108][525]LogModuleManager: Shutting down and abandoning module SceneOutliner (492)
[2017.04.27-19.11.46:108][525]LogModuleManager: Shutting down and abandoning module AddContentDialog (490)
[2017.04.27-19.11.46:108][525]LogDirectoryWatcher: A directory notification for 'D:/UE4.15/UE_4.15/FeaturePacks/' was aborted.
[2017.04.27-19.11.46:109][525]LogModuleManager: Shutting down and abandoning module WidgetCarousel (489)
[2017.04.27-19.11.46:109][525]LogModuleManager: Shutting down and abandoning module EditorWidgets (486)
[2017.04.27-19.11.46:109][525]LogModuleManager: Shutting down and abandoning module CollectionManager (484)
[2017.04.27-19.11.46:109][525]LogDirectoryWatcher: A directory notification for 'C:/Users/Teemu/Desktop/Arsi 27.4/ArsiSim/Content/Collections/' was aborted.
[2017.04.27-19.11.46:109][525]LogDirectoryWatcher: A directory notification for 'C:/Users/Teemu/Desktop/Arsi 27.4/ArsiSim/Content/Developers/Teemu/Collections/' was aborted.
[2017.04.27-19.11.46:109][525]LogDirectoryWatcher: A directory notification for 'C:/Users/Teemu/Desktop/Arsi 27.4/ArsiSim/Saved/Collections/' was aborted.
[2017.04.27-19.11.46:109][525]LogModuleManager: Shutting down and abandoning module FoliageEdit (482)
[2017.04.27-19.11.46:109][525]LogModuleManager: Shutting down and abandoning module LandscapeEditor (480)
[2017.04.27-19.11.46:110][525]LogModuleManager: Shutting down and abandoning module SceneDepthPickerMode (478)
[2017.04.27-19.11.46:110][525]LogModuleManager: Shutting down and abandoning module ActorPickerMode (476)
[2017.04.27-19.11.46:110][525]LogModuleManager: Shutting down and abandoning module GeometryMode (474)
[2017.04.27-19.11.46:110][525]LogModuleManager: Shutting down and abandoning module TextureAlignMode (472)
[2017.04.27-19.11.46:110][525]LogModuleManager: Shutting down and abandoning module BspMode (470)
[2017.04.27-19.11.46:110][525]LogModuleManager: Shutting down and abandoning module HardwareSurvey (468)
[2017.04.27-19.11.46:110][525]LogModuleManager: Shutting down and abandoning module SequenceRecorderSections (466)
[2017.04.27-19.11.46:110][525]LogModuleManager: Shutting down and abandoning module AutomationWorker (464)
[2017.04.27-19.11.46:110][525]LogModuleManager: Shutting down and abandoning module MatineeToLevelSequence (462)
[2017.04.27-19.11.46:110][525]LogModuleManager: Shutting down and abandoning module LevelSequenceEditor (460)
[2017.04.27-19.11.46:110][525]LogModuleManager: Shutting down and abandoning module PlacementMode (459)
[2017.04.27-19.11.46:110][525]LogModuleManager: Shutting down and abandoning module WmfMediaFactory (456)
[2017.04.27-19.11.46:110][525]LogModuleManager: Shutting down and abandoning module WmfMediaEditor (454)
[2017.04.27-19.11.46:110][525]LogModuleManager: Shutting down and abandoning module MfMediaFactory (452)
[2017.04.27-19.11.46:110][525]LogModuleManager: Shutting down and abandoning module MfMediaEditor (450)
[2017.04.27-19.11.46:110][525]LogModuleManager: Shutting down and abandoning module AvfMediaFactory (448)
[2017.04.27-19.11.46:110][525]LogModuleManager: Shutting down and abandoning module AvfMediaEditor (446)
[2017.04.27-19.11.46:110][525]LogModuleManager: Shutting down and abandoning module AndroidMediaFactory (444)
[2017.04.27-19.11.46:110][525]LogModuleManager: Shutting down and abandoning module Media (443)
[2017.04.27-19.11.46:110][525]LogModuleManager: Shutting down and abandoning module AndroidMediaEditor (440)
[2017.04.27-19.11.46:110][525]LogModuleManager: Shutting down and abandoning module CharacterAI (438)
[2017.04.27-19.11.46:110][525]LogModuleManager: Shutting down and abandoning module AudioCapture (436)
[2017.04.27-19.11.46:110][525]LogModuleManager: Shutting down and abandoning module SequenceRecorder (435)
[2017.04.27-19.11.46:110][525]LogModuleManager: Shutting down and abandoning module SmartSnapping (432)
[2017.04.27-19.11.46:110][525]LogModuleManager: Shutting down and abandoning module SessionServices (430)
[2017.04.27-19.11.46:110][525]LogModuleManager: Shutting down and abandoning module ViewportSnapping (428)
[2017.04.27-19.11.46:110][525]LogModuleManager: Shutting down and abandoning module ViewportInteraction (426)
[2017.04.27-19.11.46:110][525]LogModuleManager: Shutting down and abandoning module LogVisualizer (424)
[2017.04.27-19.11.46:110][525]LogModuleManager: Shutting down and abandoning module IntroTutorials (422)
[2017.04.27-19.11.46:110][525]LogModuleManager: Shutting down and abandoning module GameProjectGeneration (421)
[2017.04.27-19.11.46:110][525]LogModuleManager: Shutting down and abandoning module EditorLiveStreaming (418)
[2017.04.27-19.11.46:110][525]LogModuleManager: Shutting down and abandoning module IOSPlatformEditor (416)
[2017.04.27-19.11.46:110][525]LogModuleManager: Shutting down and abandoning module HTML5PlatformEditor (414)
[2017.04.27-19.11.46:110][525]LogModuleManager: Shutting down and abandoning module AndroidPlatformEditor (412)
[2017.04.27-19.11.46:110][525]LogModuleManager: Shutting down and abandoning module AndroidDeviceDetection (411)
[2017.04.27-19.11.46:466][525]LogModuleManager: Shutting down and abandoning module IOSRuntimeSettings (408)
[2017.04.27-19.11.46:466][525]LogModuleManager: Shutting down and abandoning module AndroidRuntimeSettings (406)
[2017.04.27-19.11.46:466][525]LogModuleManager: Shutting down and abandoning module InputBindingEditor (404)
[2017.04.27-19.11.46:466][525]LogModuleManager: Shutting down and abandoning module NiagaraEditor (402)
[2017.04.27-19.11.46:466][525]LogModuleManager: Shutting down and abandoning module MergeActors (400)
[2017.04.27-19.11.46:466][525]LogModuleManager: Shutting down and abandoning module SizeMap (398)
[2017.04.27-19.11.46:466][525]LogModuleManager: Shutting down and abandoning module TreeMap (396)
[2017.04.27-19.11.46:466][525]LogModuleManager: Shutting down and abandoning module ReferenceViewer (394)
[2017.04.27-19.11.46:466][525]LogModuleManager: Shutting down and abandoning module LocalizationDashboard (392)
[2017.04.27-19.11.46:466][525]LogModuleManager: Shutting down and abandoning module LocalizationService (391)
[2017.04.27-19.11.46:466][525]LogModuleManager: Shutting down and abandoning module HardwareTargeting (388)
[2017.04.27-19.11.46:466][525]LogModuleManager: Shutting down and abandoning module DeviceProfileEditor (386)
[2017.04.27-19.11.46:466][525]LogModuleManager: Shutting down and abandoning module UndoHistory (384)
[2017.04.27-19.11.46:466][525]LogModuleManager: Shutting down and abandoning module UserFeedback (382)
[2017.04.27-19.11.46:466][525]LogModuleManager: Shutting down and abandoning module XmlParser (380)
[2017.04.27-19.11.46:466][525]LogModuleManager: Shutting down and abandoning module Blutility (378)
[2017.04.27-19.11.46:466][525]LogModuleManager: Shutting down and abandoning module ProjectSettingsViewer (376)
[2017.04.27-19.11.46:466][525]LogModuleManager: Shutting down and abandoning module ProjectTargetPlatformEditor (375)
[2017.04.27-19.11.46:466][525]LogModuleManager: Shutting down and abandoning module EditorSettingsViewer (372)
[2017.04.27-19.11.46:466][525]LogModuleManager: Shutting down and abandoning module SettingsEditor (370)
[2017.04.27-19.11.46:466][525]LogModuleManager: Shutting down and abandoning module ProjectLauncher (368)
[2017.04.27-19.11.46:466][525]LogModuleManager: Shutting down and abandoning module SessionFrontend (366)
[2017.04.27-19.11.46:466][525]LogModuleManager: Shutting down and abandoning module ProfilerClient (364)
[2017.04.27-19.11.46:466][525]LogModuleManager: Shutting down and abandoning module DeviceManager (362)
[2017.04.27-19.11.46:466][525]LogModuleManager: Shutting down and abandoning module TargetDeviceServices (361)
[2017.04.27-19.11.46:519][525]LogModuleManager: Shutting down and abandoning module AutomationController (358)
[2017.04.27-19.11.46:519][525]LogModuleManager: Shutting down and abandoning module AutomationWindow (356)
[2017.04.27-19.11.46:520][525]LogModuleManager: Shutting down and abandoning module Layers (354)
[2017.04.27-19.11.46:520][525]LogModuleManager: Shutting down and abandoning module ComponentVisualizers (352)
[2017.04.27-19.11.46:520][525]LogModuleManager: Shutting down and abandoning module DetailCustomizations (350)
[2017.04.27-19.11.46:520][525]LogModuleManager: Shutting down and abandoning module PackagesDialog (348)
[2017.04.27-19.11.46:521][525]LogModuleManager: Shutting down and abandoning module Persona (346)
[2017.04.27-19.11.46:521][525]LogModuleManager: Shutting down and abandoning module AnimGraph (345)
[2017.04.27-19.11.46:521][525]LogModuleManager: Shutting down and abandoning module Kismet (342)
[2017.04.27-19.11.46:533][525]LogModuleManager: Shutting down and abandoning module GraphEditor (340)
[2017.04.27-19.11.46:533][525]LogModuleManager: Shutting down and abandoning module ClassViewer (338)
[2017.04.27-19.11.46:534][525]LogModuleManager: Shutting down and abandoning module Toolbox (336)
[2017.04.27-19.11.46:534][525]LogModuleManager: Shutting down and abandoning module ModuleUI (334)
[2017.04.27-19.11.46:534][525]LogModuleManager: Shutting down and abandoning module MovieSceneTools (332)
[2017.04.27-19.11.46:535][525]LogModuleManager: Shutting down and abandoning module OutputLog (330)
[2017.04.27-19.11.46:535][525]LogModuleManager: Shutting down and abandoning module GammaUI (328)
[2017.04.27-19.11.46:535][525]LogModuleManager: Shutting down and abandoning module Documentation (326)
[2017.04.27-19.11.46:535][525]LogModuleManager: Shutting down and abandoning module Niagara (324)
[2017.04.27-19.11.46:535][525]LogModuleManager: Shutting down and abandoning module StreamingPauseRendering (322)
[2017.04.27-19.11.46:535][525]LogModuleManager: Shutting down and abandoning module AnalyticsET (320)
[2017.04.27-19.11.46:535][525]LogModuleManager: Shutting down and abandoning module PortalServices (318)
[2017.04.27-19.11.46:535][525]LogModuleManager: Shutting down and abandoning module PortalRpc (316)
[2017.04.27-19.11.46:535][525]LogModuleManager: Shutting down and abandoning module MessagingRpc (314)
[2017.04.27-19.11.46:535][525]LogModuleManager: Shutting down and abandoning module AIModule (312)
[2017.04.27-19.11.46:535][525]LogModuleManager: Shutting down and abandoning module GameplayDebugger (311)
[2017.04.27-19.11.46:535][525]LogModuleManager: Shutting down and abandoning module AITestSuite (309)
[2017.04.27-19.11.46:535][525]LogModuleManager: Shutting down and abandoning module ProfilerService (306)
[2017.04.27-19.11.46:680][525]LogModuleManager: Shutting down and abandoning module TaskGraph (304)
[2017.04.27-19.11.46:680][525]LogModuleManager: Shutting down and abandoning module SteamVRController (302)
[2017.04.27-19.11.46:680][525]LogModuleManager: Shutting down and abandoning module SteamVR (300)
[2017.04.27-19.11.46:680][525]LogModuleManager: Shutting down and abandoning module ProceduralMeshComponentEditor (298)
[2017.04.27-19.11.46:680][525]LogModuleManager: Shutting down and abandoning module ProceduralMeshComponent (296)
[2017.04.27-19.11.46:680][525]LogModuleManager: Shutting down and abandoning module OculusLibrary (294)
[2017.04.27-19.11.46:680][525]LogModuleManager: Shutting down and abandoning module OculusInput (292)
[2017.04.27-19.11.46:680][525]LogModuleManager: Shutting down and abandoning module MobilePatchingUtils (290)
[2017.04.27-19.11.46:680][525]LogModuleManager: Shutting down and abandoning module CustomMeshComponent (288)
[2017.04.27-19.11.46:680][525]LogModuleManager: Shutting down and abandoning module CableComponent (286)
[2017.04.27-19.11.46:680][525]LogModuleManager: Shutting down and abandoning module ArchVisCharacter (284)
[2017.04.27-19.11.46:680][525]LogModuleManager: Shutting down and abandoning module MediaPlayerEditor (280)
[2017.04.27-19.11.46:680][525]LogModuleManager: Shutting down and abandoning module HTML5Networking (278)
[2017.04.27-19.11.46:680][525]LogModuleManager: Shutting down and abandoning module AlembicImporter (276)
[2017.04.27-19.11.46:680][525]LogModuleManager: Shutting down and abandoning module AlembicLibrary (275)
[2017.04.27-19.11.46:680][525]LogModuleManager: Shutting down and abandoning module GeometryCache (274)
[2017.04.27-19.11.46:680][525]LogModuleManager: Shutting down and abandoning module GeometryCacheEd (273)
[2017.04.27-19.11.46:680][525]LogModuleManager: Shutting down and abandoning module SuperSearchEditor (268)
[2017.04.27-19.11.46:680][525]LogModuleManager: Shutting down and abandoning module SuperSearch (267)
[2017.04.27-19.11.46:680][525]LogModuleManager: Shutting down and abandoning module SpeedTreeImporter (264)
[2017.04.27-19.11.46:680][525]LogModuleManager: Shutting down and abandoning module PluginBrowser (262)
[2017.04.27-19.11.46:680][525]LogModuleManager: Shutting down and abandoning module MobileLauncherProfileWizard (260)
[2017.04.27-19.11.46:680][525]LogModuleManager: Shutting down and abandoning module EpicSurvey (258)
[2017.04.27-19.11.46:680][525]LogModuleManager: Shutting down and abandoning module VisualStudioSourceCodeAccess (256)
[2017.04.27-19.11.46:680][525]LogModuleManager: Shutting down and abandoning module DesktopPlatform (255)
[2017.04.27-19.11.46:680][525]LogModuleManager: Shutting down and abandoning module UObjectPlugin (252)
[2017.04.27-19.11.46:680][525]LogModuleManager: Shutting down and abandoning module SubversionSourceControl (250)
[2017.04.27-19.11.46:680][525]LogModuleManager: Shutting down and abandoning module PerforceSourceControl (248)
[2017.04.27-19.11.46:680][525]LogModuleManager: Shutting down and abandoning module GitSourceControl (246)
[2017.04.27-19.11.46:680][525]LogModuleManager: Shutting down and abandoning module SourceControl (245)
[2017.04.27-19.11.46:681][525]LogModuleManager: Shutting down and abandoning module LightPropagationVolumeEditor (242)
[2017.04.27-19.11.46:681][525]LogModuleManager: Shutting down and abandoning module PaperTiledImporter (240)
[2017.04.27-19.11.46:681][525]LogModuleManager: Shutting down and abandoning module PaperSpriteSheetImporter (238)
[2017.04.27-19.11.46:681][525]LogModuleManager: Shutting down and abandoning module Paper2DEditor (236)
[2017.04.27-19.11.46:681][525]LogModuleManager: Shutting down and abandoning module MeshPaint (235)
[2017.04.27-19.11.46:681][525]LogModuleManager: Shutting down and abandoning module LevelEditor (233)
[2017.04.27-19.11.46:681][525]LogModuleManager: Shutting down and abandoning module PixelInspectorModule (232)
[2017.04.27-19.11.46:681][525]LogModuleManager: Shutting down and abandoning module MainFrame (230)
[2017.04.27-19.11.46:681][525]LogModuleManager: Shutting down and abandoning module HotReload (229)
[2017.04.27-19.11.46:682][525]LogModuleManager: Shutting down and abandoning module ContentBrowser (225)
[2017.04.27-19.11.46:682][525]LogModuleManager: Shutting down and abandoning module PhysXVehiclesEditor (222)
[2017.04.27-19.11.46:682][525]LogModuleManager: Shutting down and abandoning module PhysXVehicles (220)
[2017.04.27-19.11.46:682][525]LogModuleManager: Shutting down and abandoning module LocationServicesBPLibrary (218)
[2017.04.27-19.11.46:683][525]LogModuleManager: Shutting down and abandoning module UdpMessaging (216)
[2017.04.27-19.11.46:783][525]LogModuleManager: Shutting down and abandoning module TcpMessaging (214)
[2017.04.27-19.11.46:884][525]LogModuleManager: Shutting down and abandoning module GameplayTagsEditor (212)
[2017.04.27-19.11.46:884][525]LogModuleManager: Shutting down and abandoning module FacialAnimationEditor (210)
[2017.04.27-19.11.46:884][525]LogModuleManager: Shutting down and abandoning module FacialAnimation (208)
[2017.04.27-19.11.46:884][525]LogModuleManager: Shutting down and abandoning module LightPropagationVolumeRuntime (206)
[2017.04.27-19.11.46:884][525]LogModuleManager: Shutting down and abandoning module Paper2D (204)
[2017.04.27-19.11.46:884][525]LogModuleManager: Shutting down and abandoning module WindowsMoviePlayer (202)
[2017.04.27-19.11.46:884][525]LogModuleManager: Shutting down and abandoning module WmfMedia (200)
[2017.04.27-19.11.46:884][525]LogModuleManager: Shutting down and abandoning module MfMedia (198)
[2017.04.27-19.11.46:884][525]LogModuleManager: Shutting down and abandoning module MediaAssets (196)
[2017.04.27-19.11.46:884][525]LogModuleManager: Shutting down and abandoning module GameLiveStreaming (194)
[2017.04.27-19.11.46:884][525]LogModuleManager: Shutting down and abandoning module VREditor (192)
[2017.04.27-19.11.46:884][525]LogModuleManager: Shutting down and abandoning module GameplayTasksEditor (190)
[2017.04.27-19.11.46:884][525]LogModuleManager: Shutting down and abandoning module BehaviorTreeEditor (188)
[2017.04.27-19.11.46:884][525]LogModuleManager: Shutting down and abandoning module FunctionalTesting (186)
[2017.04.27-19.11.46:884][525]LogModuleManager: Shutting down and abandoning module CollisionAnalyzer (184)
[2017.04.27-19.11.46:884][525]LogModuleManager: Shutting down and abandoning module UMG (182)
[2017.04.27-19.11.46:884][525]LogModuleManager: Shutting down and abandoning module UMGEditor (181)
[2017.04.27-19.11.46:884][525]LogModuleManager: Shutting down and abandoning module Sequencer (180)
[2017.04.27-19.11.46:884][525]LogModuleManager: Shutting down and abandoning module AssetTools (178)
[2017.04.27-19.11.46:884][525]LogModuleManager: Shutting down and abandoning module MessageLog (177)
[2017.04.27-19.11.46:884][525]LogModuleManager: Shutting down and abandoning module WorkspaceMenuStructure (176)
[2017.04.27-19.11.46:884][525]LogModuleManager: Shutting down and abandoning module SlateReflector (170)
[2017.04.27-19.11.46:884][525]LogModuleManager: Shutting down and abandoning module Slate (168)
[2017.04.27-19.11.46:884][525]LogModuleManager: Shutting down and abandoning module EditorStyle (166)
[2017.04.27-19.11.46:887][525]LogModuleManager: Shutting down and abandoning module SourceCodeAccess (164)
[2017.04.27-19.11.46:887][525]LogModuleManager: Shutting down and abandoning module HeadMountedDisplay (162)
[2017.04.27-19.11.46:887][525]LogModuleManager: Shutting down and abandoning module XAudio2 (160)
[2017.04.27-19.11.46:887][525]LogModuleManager: Shutting down and abandoning module Networking (158)
[2017.04.27-19.11.46:887][525]LogModuleManager: Shutting down and abandoning module Core (154)
[2017.04.27-19.11.46:887][525]LogModuleManager: Shutting down and abandoning module AssetRegistry (152)
[2017.04.27-19.11.47:114][525]LogDirectoryWatcher: A directory notification for '../../../Engine/Content/' was aborted.
[2017.04.27-19.11.47:114][525]LogDirectoryWatcher: A directory notification for 'C:/Users/Teemu/Desktop/Arsi 27.4/ArsiSim/Content/' was aborted.
[2017.04.27-19.11.47:114][525]LogDirectoryWatcher: A directory notification for '../../../Engine/Plugins/2D/Paper2D/Content/' was aborted.
[2017.04.27-19.11.47:115][525]LogModuleManager: Shutting down and abandoning module DirectoryWatcher (151)
[2017.04.27-19.11.47:115][525]LogModuleManager: Shutting down and abandoning module KismetCompiler (148)
[2017.04.27-19.11.47:115][525]LogModuleManager: Shutting down and abandoning module PhysXFormats (146)
[2017.04.27-19.11.47:115][525]LogModuleManager: Shutting down and abandoning module MeshUtilities (144)
[2017.04.27-19.11.47:115][525]LogModuleManager: Shutting down and abandoning module SimplygonSwarm (143)
[2017.04.27-19.11.47:115][525]LogModuleManager: Shutting down and abandoning module SimplygonMeshReduction (141)
[2017.04.27-19.11.47:115][525]LogModuleManager: Shutting down and abandoning module QuadricMeshReduction (139)
[2017.04.27-19.11.47:115][525]LogModuleManager: Shutting down and abandoning module PropertyEditor (137)
[2017.04.27-19.11.47:115][525]LogModuleManager: Shutting down and abandoning module DerivedDataCache (134)
[2017.04.27-19.11.47:178][525]LogDerivedDataCache: Shutdown
[2017.04.27-19.11.47:178][525]LogModuleManager: Shutting down and abandoning module TargetPlatform (132)
[2017.04.27-19.11.47:178][525]LogModuleManager: Shutting down and abandoning module VulkanShaderFormat (131)
[2017.04.27-19.11.47:178][525]LogModuleManager: Shutting down and abandoning module ShaderFormatOpenGL (129)
[2017.04.27-19.11.47:178][525]LogModuleManager: Shutting down and abandoning module ShaderFormatD3D (127)
[2017.04.27-19.11.47:178][525]LogModuleManager: Shutting down and abandoning module MetalShaderFormat (125)
[2017.04.27-19.11.47:178][525]LogModuleManager: Shutting down and abandoning module TextureFormatUncompressed (123)
[2017.04.27-19.11.47:178][525]LogModuleManager: Shutting down and abandoning module TextureFormatPVR (121)
[2017.04.27-19.11.47:178][525]LogModuleManager: Shutting down and abandoning module TextureFormatDXT (119)
[2017.04.27-19.11.47:178][525]LogModuleManager: Shutting down and abandoning module TextureFormatIntelISPCTexComp (117)
[2017.04.27-19.11.47:178][525]LogModuleManager: Shutting down and abandoning module TextureFormatASTC (115)
[2017.04.27-19.11.47:178][525]LogModuleManager: Shutting down and abandoning module ImageWrapper (114)
[2017.04.27-19.11.47:178][525]LogModuleManager: Shutting down and abandoning module TextureFormatAndroid (111)
[2017.04.27-19.11.47:178][525]LogModuleManager: Shutting down and abandoning module AudioFormatOpus (109)
[2017.04.27-19.11.47:178][525]LogModuleManager: Shutting down and abandoning module AudioFormatOgg (107)
[2017.04.27-19.11.47:178][525]LogModuleManager: Shutting down and abandoning module AudioFormatADPCM (105)
[2017.04.27-19.11.47:178][525]LogModuleManager: Shutting down and abandoning module LinuxTargetPlatform (103)
[2017.04.27-19.11.47:178][525]LogModuleManager: Shutting down and abandoning module LinuxServerTargetPlatform (101)
[2017.04.27-19.11.47:178][525]LogModuleManager: Shutting down and abandoning module LinuxNoEditorTargetPlatform (99)
[2017.04.27-19.11.47:178][525]LogModuleManager: Shutting down and abandoning module LinuxClientTargetPlatform (97)
[2017.04.27-19.11.47:178][525]LogModuleManager: Shutting down and abandoning module TVOSTargetPlatform (95)
[2017.04.27-19.11.47:178][525]LogModuleManager: Shutting down and abandoning module Messaging (93)
[2017.04.27-19.11.47:178][525]LogModuleManager: Shutting down and abandoning module IOSTargetPlatform (91)
[2017.04.27-19.11.47:178][525]LogModuleManager: Shutting down and abandoning module HTML5TargetPlatform (89)
[2017.04.27-19.11.47:178][525]LogModuleManager: Shutting down and abandoning module Android_PVRTCTargetPlatform (87)
[2017.04.27-19.11.47:178][525]LogModuleManager: Shutting down and abandoning module Android_MultiTargetPlatform (85)
[2017.04.27-19.11.47:178][525]LogModuleManager: Shutting down and abandoning module Android_ETC2TargetPlatform (83)
[2017.04.27-19.11.47:178][525]LogModuleManager: Shutting down and abandoning module Android_ETC1TargetPlatform (81)
[2017.04.27-19.11.47:178][525]LogModuleManager: Shutting down and abandoning module Android_DXTTargetPlatform (79)
[2017.04.27-19.11.47:178][525]LogModuleManager: Shutting down and abandoning module Android_ATCTargetPlatform (77)
[2017.04.27-19.11.47:178][525]LogModuleManager: Shutting down and abandoning module Android_ASTCTargetPlatform (75)
[2017.04.27-19.11.47:178][525]LogModuleManager: Shutting down and abandoning module AndroidTargetPlatform (73)
[2017.04.27-19.11.47:178][525]LogModuleManager: Shutting down and abandoning module WindowsTargetPlatform (71)
[2017.04.27-19.11.47:178][525]LogModuleManager: Shutting down and abandoning module WindowsServerTargetPlatform (69)
[2017.04.27-19.11.47:178][525]LogModuleManager: Shutting down and abandoning module WindowsNoEditorTargetPlatform (67)
[2017.04.27-19.11.47:178][525]LogModuleManager: Shutting down and abandoning module WindowsClientTargetPlatform (65)
[2017.04.27-19.11.47:178][525]LogModuleManager: Shutting down and abandoning module MacTargetPlatform (63)
[2017.04.27-19.11.47:178][525]LogModuleManager: Shutting down and abandoning module MacServerTargetPlatform (61)
[2017.04.27-19.11.47:178][525]LogModuleManager: Shutting down and abandoning module MacNoEditorTargetPlatform (59)
[2017.04.27-19.11.47:178][525]LogModuleManager: Shutting down and abandoning module MacClientTargetPlatform (57)
[2017.04.27-19.11.47:178][525]LogModuleManager: Shutting down and abandoning module AllDesktopTargetPlatform (55)
[2017.04.27-19.11.47:178][525]LogModuleManager: Shutting down and abandoning module InputCore (52)
[2017.04.27-19.11.47:178][525]LogModuleManager: Shutting down and abandoning module Settings (50)
[2017.04.27-19.11.47:178][525]LogModuleManager: Shutting down and abandoning module OculusRift (48)
[2017.04.27-19.11.47:178][525]LogModuleManager: Shutting down and abandoning module GearVR (46)
[2017.04.27-19.11.47:178][525]LogModuleManager: Shutting down and abandoning module ExampleDeviceProfileSelector (44)
[2017.04.27-19.11.47:178][525]LogModuleManager: Shutting down and abandoning module OnlineBlueprintSupport (42)
[2017.04.27-19.11.47:178][525]LogModuleManager: Shutting down and abandoning module OnlineSubsystem (38)
[2017.04.27-19.11.47:178][525]LogOnline:Display: Unloading online subsystem: NULL
[2017.04.27-19.11.47:178][525]LogModuleManager: Shutting down and abandoning module XMPP (37)
[2017.04.27-19.11.47:178][525]LogModuleManager: Shutting down and abandoning module HTTP (35)
[2017.04.27-19.11.47:178][525]LogHttp:Display: Http module shutting down, but needs to wait on 1 outstanding Http requests:
[2017.04.27-19.11.47:178][525]LogHttp:Display: 	verb=[POST] url=[https://datarouter.ol.epicgames.com/datarouter/api/v1/public/data?SessionID=%7BC0F22050-4126-9D36-324A-49A9F14872DD%7D&AppID=UEEditor.Rocket.Release&AppVersion=4.15.1-3348071%2B%2B%2BUE4%2BRelease-4.15&UserID=d5ecafee4d91eb973acb72931f9cb2d8%7C840b67c5b99849ceb1c650dfa898aa19%7C67e6e73d-de7b-472f-9941-c6fcbe88bdf6&AppEnvironment=datacollector-binary&UploadType=eteventstream] status=Processing
[2017.04.27-19.11.47:198][525]LogModuleManager: Shutting down and abandoning module SSL (34)
[2017.04.27-19.11.47:199][525]LogModuleManager: Shutting down and abandoning module AudioEditor (30)
[2017.04.27-19.11.47:199][525]LogModuleManager: Shutting down and abandoning module TextureCompressor (28)
[2017.04.27-19.11.47:199][525]LogModuleManager: Shutting down and abandoning module ShaderCore (26)
[2017.04.27-19.11.47:199][525]LogModuleManager: Shutting down and abandoning module Landscape (24)
[2017.04.27-19.11.47:199][525]LogModuleManager: Shutting down and abandoning module SlateRHIRenderer (22)
[2017.04.27-19.11.47:201][525]LogModuleManager: Shutting down and abandoning module OpenGLDrv (20)
[2017.04.27-19.11.47:201][525]LogModuleManager: Shutting down and abandoning module D3D11RHI (18)
[2017.04.27-19.11.47:201][525]LogModuleManager: Shutting down and abandoning module AnimGraphRuntime (16)
[2017.04.27-19.11.47:201][525]LogModuleManager: Shutting down and abandoning module Renderer (14)
[2017.04.27-19.11.47:201][525]LogModuleManager: Shutting down and abandoning module Engine (12)
[2017.04.27-19.11.47:201][525]LogModuleManager: Shutting down and abandoning module CoreUObject (10)
[2017.04.27-19.11.47:201][525]LogModuleManager: Shutting down and abandoning module NetworkFile (8)
[2017.04.27-19.11.47:201][525]LogModuleManager: Shutting down and abandoning module StreamingFile (6)
[2017.04.27-19.11.47:201][525]LogModuleManager: Shutting down and abandoning module SandboxFile (4)
[2017.04.27-19.11.47:201][525]LogModuleManager: Shutting down and abandoning module PakFile (2)
[2017.04.27-19.11.47:206][525]LogExit: Exiting.
[2017.04.27-19.11.47:209][525]Log file closed, 04/27/17 22:11:47
